Test Status: tests/test_sprint2_regression.py::TestSprint2EdgeCases::test_serialization_error_handling FAILED [ 63%]

Failed Tests:
  tests/test_area_region.py::TestAreaRegionConstructor::test_constructor_with_valid_closed_boundary
  tests/test_area_region.py::TestAreaRegionConstructor::test_constructor_with_holes
  tests/test_area_region.py::TestAreaRegionConstructor::test_constructor_with_multiple_holes
  tests/test_area_region.py::TestAreaRegionConstructor::test_constructor_validates_holes_type
  tests/test_area_region.py::TestAreaRegionConstructor::test_constructor_validates_hole_types
  tests/test_area_region.py::TestAreaRegionConstructor::test_constructor_copies_holes_list
  tests/test_area_region.py::TestAreaRegionContains::test_contains_simple_square_no_holes
  tests/test_area_region.py::TestAreaRegionContains::test_contains_square_with_circular_hole
  tests/test_area_region.py::TestAreaRegionContains::test_contains_multiple_holes
  tests/test_area_region.py::TestAreaRegionContains::test_contains_edge_cases
  tests/test_area_region.py::TestAreaRegionArea::test_area_simple_square
  tests/test_area_region.py::TestAreaRegionArea::test_area_square_with_hole
  tests/test_area_region.py::TestAreaRegionArea::test_area_multiple_holes
  tests/test_area_region.py::TestAreaRegionArea::test_area_no_holes
  tests/test_area_region.py::TestAreaRegionSerialization::test_to_dict_simple_region
  tests/test_area_region.py::TestAreaRegionSerialization::test_to_dict_region_with_holes
  tests/test_area_region.py::TestAreaRegionSerialization::test_from_dict_simple_region
  tests/test_area_region.py::TestAreaRegionSerialization::test_from_dict_region_with_holes
  tests/test_area_region.py::TestAreaRegionSerialization::test_serialization_round_trip
  tests/test_area_region.py::TestAreaRegionStringRepresentation::test_str_no_holes
  tests/test_area_region.py::TestAreaRegionStringRepresentation::test_str_with_holes
  tests/test_area_region.py::TestAreaRegionStringRepresentation::test_repr
  tests/test_base_field.py::TestBlendedField::test_init_insufficient_fields
  tests/test_base_field.py::TestBlendedField::test_init_invalid_field_types
  tests/test_composite_curve.py::TestCompositeCurveIsClosedMethod::test_is_closed_for_complete_circle
  tests/test_composite_curve.py::TestCompositeCurveContainsMethod::test_contains_points_on_each_segment
  tests/test_composite_curve.py::TestCompositeCurveContainsMethod::test_contains_with_partial_segments
  tests/test_composite_curve.py::TestCompositeCurveContainsMethod::test_contains_vectorized_input
  tests/test_composite_curve.py::TestCompositeCurveContainsMethod::test_contains_tolerance_handling
  tests/test_composite_curve.py::TestCompositeCurveEdgeCases::test_overlapping_segments
  tests/test_field_strategy.py::TestSignedDistanceStrategy::test_generate_field
  tests/test_field_strategy.py::TestOccupancyFillStrategy::test_generate_field
  tests/test_field_strategy.py::TestFieldStrategyEdgeCases::test_field_evaluation_extreme_coordinates
  tests/test_field_strategy.py::TestFieldStrategyEdgeCases::test_field_evaluation_nan_coordinates
  tests/test_field_strategy.py::TestFieldStrategyPerformance::test_vectorized_evaluation_performance
  tests/test_implicit_curve.py::TestImplicitCurveEvaluate::test_evaluate_2d_numpy_array_input
  tests/test_implicit_curve.py::TestImplicitCurveSerialization::test_from_dict_invalid_data_handling
  tests/test_procedural_curve.py::TestProceduralCurveEvaluation::test_evaluate_vectorized_inputs
  tests/test_procedural_curve.py::TestProceduralCurveEvaluation::test_evaluate_mixed_array_shapes
  tests/test_procedural_curve.py::TestProceduralCurveGradient::test_gradient_vectorized_inputs
  tests/test_procedural_curve.py::TestProceduralCurveSerialization::test_to_dict_contains_placeholder
  tests/test_procedural_curve.py::TestProceduralCurveSerialization::test_serialization_documentation_compliance
  tests/test_rfunction_curve.py::TestRFunctionCurveInheritedMethods::test_normal_method_inherited
  tests/test_sprint2_regression.py::TestSprint2EdgeCases::test_serialization_error_handling
  tests/test_sprint3_regression.py::TestSprint3VectorizedOperations::test_superellipse_vectorized_gradient
  tests/test_sprint3_regression.py::TestSprint3VectorizedOperations::test_procedural_curve_vectorized_evaluation
  tests/test_sprint3_regression.py::TestSprint3VectorizedOperations::test_procedural_curve_vectorized_gradient
  tests/test_sprint5_edge_cases.py::TestSpecialCases::test_degenerate_masks
  tests/test_sprint5_expression_compatibility.py::TestRobustnessUnderStress::test_extreme_parameter_values
  tests/test_sprint5_regression.py::TestTrimmedImplicitCurveInterfaceConsistency::test_plotting_interface
  tests/test_sprint5_regression.py::TestCompositeCurveInterfaceConsistency::test_vectorized_operations
  tests/test_sprint5_regression.py::TestCrossClassCompatibility::test_serialization_cross_compatibility
  tests/test_sprint5_regression.py::TestUtilityFunctions::test_create_square_from_edges
  tests/test_sprint5_regression.py::TestEdgeCases::test_mask_always_true
  tests/test_superellipse.py::TestSuperellipseSpecializedMethods::test_string_representations
  tests/test_superellipse.py::TestSuperellipseInheritedMethods::test_plot_method_inherited
  tests/test_trimmed_implicit_curve.py::TestTrimmedImplicitCurveContains::test_contains_right_half_circle
  tests/test_trimmed_implicit_curve.py::TestTrimmedImplicitCurveContains::test_contains_upper_half_circle
  tests/test_trimmed_implicit_curve.py::TestTrimmedImplicitCurveContains::test_contains_first_quadrant_circle
  tests/test_trimmed_implicit_curve.py::TestTrimmedImplicitCurveContains::test_contains_tolerance_handling
  tests/test_trimmed_implicit_curve.py::TestTrimmedImplicitCurveContains::test_contains_vectorized_input
  tests/test_area_region.py::TestAreaRegionConstructor::test_constructor_with_valid_closed_boundary
  tests/test_area_region.py::TestAreaRegionConstructor::test_constructor_with_holes
  tests/test_area_region.py::TestAreaRegionConstructor::test_constructor_with_multiple_holes
  tests/test_area_region.py::TestAreaRegionConstructor::test_constructor_validates_holes_type
  tests/test_area_region.py::TestAreaRegionConstructor::test_constructor_validates_hole_types
  tests/test_area_region.py::TestAreaRegionConstructor::test_constructor_copies_holes_list
  tests/test_area_region.py::TestAreaRegionContains::test_contains_simple_square_no_holes
  tests/test_area_region.py::TestAreaRegionContains::test_contains_square_with_circular_hole
  tests/test_area_region.py::TestAreaRegionContains::test_contains_multiple_holes
  tests/test_area_region.py::TestAreaRegionContains::test_contains_edge_cases
  tests/test_area_region.py::TestAreaRegionArea::test_area_simple_square
  tests/test_area_region.py::TestAreaRegionArea::test_area_square_with_hole
  tests/test_area_region.py::TestAreaRegionArea::test_area_multiple_holes
  tests/test_area_region.py::TestAreaRegionArea::test_area_no_holes
  tests/test_area_region.py::TestAreaRegionSerialization::test_to_dict_simple_region
  tests/test_area_region.py::TestAreaRegionSerialization::test_to_dict_region_with_holes
  tests/test_area_region.py::TestAreaRegionSerialization::test_from_dict_simple_region
  tests/test_area_region.py::TestAreaRegionSerialization::test_from_dict_region_with_holes
  tests/test_area_region.py::TestAreaRegionSerialization::test_serialization_round_trip
  tests/test_area_region.py::TestAreaRegionStringRepresentation::test_str_no_holes
  tests/test_area_region.py::TestAreaRegionStringRepresentation::test_str_with_holes
  tests/test_area_region.py::TestAreaRegionStringRepresentation::test_repr
  tests/test_base_field.py::TestBlendedField::test_init_insufficient_fields
  tests/test_base_field.py::TestBlendedField::test_init_invalid_field_types
  tests/test_composite_curve.py::TestCompositeCurveIsClosedMethod::test_is_closed_for_complete_circle
  tests/test_composite_curve.py::TestCompositeCurveContainsMethod::test_contains_points_on_each_segment
  tests/test_composite_curve.py::TestCompositeCurveContainsMethod::test_contains_with_partial_segments
  tests/test_composite_curve.py::TestCompositeCurveContainsMethod::test_contains_vectorized_input
  tests/test_composite_curve.py::TestCompositeCurveContainsMethod::test_contains_tolerance_handling
  tests/test_composite_curve.py::TestCompositeCurveEdgeCases::test_overlapping_segments
  tests/test_field_strategy.py::TestSignedDistanceStrategy::test_generate_field
  tests/test_field_strategy.py::TestOccupancyFillStrategy::test_generate_field
  tests/test_field_strategy.py::TestFieldStrategyEdgeCases::test_field_evaluation_extreme_coordinates
  tests/test_field_strategy.py::TestFieldStrategyEdgeCases::test_field_evaluation_nan_coordinates
  tests/test_field_strategy.py::TestFieldStrategyPerformance::test_vectorized_evaluation_performance
  tests/test_implicit_curve.py::TestImplicitCurveEvaluate::test_evaluate_2d_numpy_array_input
  tests/test_implicit_curve.py::TestImplicitCurveSerialization::test_from_dict_invalid_data_handling
  tests/test_procedural_curve.py::TestProceduralCurveEvaluation::test_evaluate_vectorized_inputs
  tests/test_procedural_curve.py::TestProceduralCurveEvaluation::test_evaluate_mixed_array_shapes
  tests/test_procedural_curve.py::TestProceduralCurveGradient::test_gradient_vectorized_inputs
  tests/test_procedural_curve.py::TestProceduralCurveSerialization::test_to_dict_contains_placeholder
  tests/test_procedural_curve.py::TestProceduralCurveSerialization::test_serialization_documentation_compliance
  tests/test_rfunction_curve.py::TestRFunctionCurveInheritedMethods::test_normal_method_inherited
  tests/test_sprint2_regression.py::TestSprint2EdgeCases::test_serialization_error_handling
  tests/test_sprint3_regression.py::TestSprint3VectorizedOperations::test_superellipse_vectorized_gradient
  tests/test_sprint3_regression.py::TestSprint3VectorizedOperations::test_procedural_curve_vectorized_evaluation
  tests/test_sprint3_regression.py::TestSprint3VectorizedOperations::test_procedural_curve_vectorized_gradient
  tests/test_sprint5_edge_cases.py::TestSpecialCases::test_degenerate_masks
  tests/test_sprint5_expression_compatibility.py::TestRobustnessUnderStress::test_extreme_parameter_values
  tests/test_sprint5_regression.py::TestTrimmedImplicitCurveInterfaceConsistency::test_plotting_interface
  tests/test_sprint5_regression.py::TestCompositeCurveInterfaceConsistency::test_vectorized_operations
  tests/test_sprint5_regression.py::TestCrossClassCompatibility::test_serialization_cross_compatibility
  tests/test_sprint5_regression.py::TestUtilityFunctions::test_create_square_from_edges
  tests/test_sprint5_regression.py::TestEdgeCases::test_mask_always_true
  tests/test_superellipse.py::TestSuperellipseSpecializedMethods::test_string_representations
  tests/test_superellipse.py::TestSuperellipseInheritedMethods::test_plot_method_inherited
  tests/test_trimmed_implicit_curve.py::TestTrimmedImplicitCurveContains::test_contains_right_half_circle
  tests/test_trimmed_implicit_curve.py::TestTrimmedImplicitCurveContains::test_contains_upper_half_circle
  tests/test_trimmed_implicit_curve.py::TestTrimmedImplicitCurveContains::test_contains_first_quadrant_circle
  tests/test_trimmed_implicit_curve.py::TestTrimmedImplicitCurveContains::test_contains_tolerance_handling
  tests/test_trimmed_implicit_curve.py::TestTrimmedImplicitCurveContains::test_contains_vectorized_input

Full Output:
============================= test session starts =============================
platform win32 -- Python 3.10.11, pytest-8.3.5, pluggy-1.6.0 -- C:\Users\markb\AppData\Local\Programs\Python\Python310\python.exe
cachedir: .pytest_cache
rootdir: C:\repos\2Top
plugins: anyio-3.7.1, hydra-core-1.3.2, langsmith-0.3.18, mock-3.14.0
collecting ... collected 432 items

tests/test_area_region.py::TestAreaRegionConstructor::test_constructor_with_valid_closed_boundary FAILED [  0%]
tests/test_area_region.py::TestAreaRegionConstructor::test_constructor_with_holes FAILED [  0%]
tests/test_area_region.py::TestAreaRegionConstructor::test_constructor_with_multiple_holes FAILED [  0%]
tests/test_area_region.py::TestAreaRegionConstructor::test_constructor_validates_outer_boundary_type PASSED [  0%]
tests/test_area_region.py::TestAreaRegionConstructor::test_constructor_validates_outer_boundary_closed PASSED [  1%]
tests/test_area_region.py::TestAreaRegionConstructor::test_constructor_validates_holes_type FAILED [  1%]
tests/test_area_region.py::TestAreaRegionConstructor::test_constructor_validates_hole_types FAILED [  1%]
tests/test_area_region.py::TestAreaRegionConstructor::test_constructor_validates_holes_closed PASSED [  1%]
tests/test_area_region.py::TestAreaRegionConstructor::test_constructor_copies_holes_list FAILED [  2%]
tests/test_area_region.py::TestAreaRegionContains::test_contains_simple_square_no_holes FAILED [  2%]
tests/test_area_region.py::TestAreaRegionContains::test_contains_square_with_circular_hole FAILED [  2%]
tests/test_area_region.py::TestAreaRegionContains::test_contains_multiple_holes FAILED [  2%]
tests/test_area_region.py::TestAreaRegionContains::test_contains_edge_cases FAILED [  3%]
tests/test_area_region.py::TestAreaRegionArea::test_area_simple_square FAILED [  3%]
tests/test_area_region.py::TestAreaRegionArea::test_area_square_with_hole FAILED [  3%]
tests/test_area_region.py::TestAreaRegionArea::test_area_multiple_holes FAILED [  3%]
tests/test_area_region.py::TestAreaRegionArea::test_area_no_holes FAILED [  3%]
tests/test_area_region.py::TestAreaRegionSerialization::test_to_dict_simple_region FAILED [  4%]
tests/test_area_region.py::TestAreaRegionSerialization::test_to_dict_region_with_holes FAILED [  4%]
tests/test_area_region.py::TestAreaRegionSerialization::test_from_dict_simple_region FAILED [  4%]
tests/test_area_region.py::TestAreaRegionSerialization::test_from_dict_region_with_holes FAILED [  4%]
tests/test_area_region.py::TestAreaRegionSerialization::test_from_dict_invalid_type PASSED [  5%]
tests/test_area_region.py::TestAreaRegionSerialization::test_serialization_round_trip FAILED [  5%]
tests/test_area_region.py::TestAreaRegionStringRepresentation::test_str_no_holes FAILED [  5%]
tests/test_area_region.py::TestAreaRegionStringRepresentation::test_str_with_holes FAILED [  5%]
tests/test_area_region.py::TestAreaRegionStringRepresentation::test_repr FAILED [  6%]
tests/test_base_field.py::TestBaseField::test_base_field_is_abstract PASSED [  6%]
tests/test_base_field.py::TestCurveField::test_init PASSED               [  6%]
tests/test_base_field.py::TestCurveField::test_init_invalid_curve PASSED [  6%]
tests/test_base_field.py::TestCurveField::test_evaluate_scalar PASSED    [  6%]
tests/test_base_field.py::TestCurveField::test_evaluate_vectorized PASSED [  7%]
tests/test_base_field.py::TestCurveField::test_gradient_scalar PASSED    [  7%]
tests/test_base_field.py::TestCurveField::test_gradient_vectorized PASSED [  7%]
tests/test_base_field.py::TestCurveField::test_level_set PASSED          [  7%]
tests/test_base_field.py::TestCurveField::test_serialization PASSED      [  8%]
tests/test_base_field.py::TestCurveField::test_from_dict_invalid_type PASSED [  8%]
tests/test_base_field.py::TestCurveField::test_with_different_curve_types PASSED [  8%]
tests/test_base_field.py::TestBlendedField::test_init_add PASSED         [  8%]
tests/test_base_field.py::TestBlendedField::test_init_invalid_operation PASSED [  9%]
tests/test_base_field.py::TestBlendedField::test_init_insufficient_fields FAILED [  9%]
tests/test_base_field.py::TestBlendedField::test_init_invalid_field_types FAILED [  9%]
tests/test_base_field.py::TestBlendedField::test_evaluate_add PASSED     [  9%]
tests/test_base_field.py::TestBlendedField::test_evaluate_subtract PASSED [  9%]
tests/test_base_field.py::TestBlendedField::test_evaluate_multiply PASSED [ 10%]
tests/test_base_field.py::TestBlendedField::test_evaluate_divide PASSED  [ 10%]
tests/test_base_field.py::TestBlendedField::test_evaluate_min PASSED     [ 10%]
tests/test_base_field.py::TestBlendedField::test_evaluate_max PASSED     [ 10%]
tests/test_base_field.py::TestBlendedField::test_evaluate_average PASSED [ 11%]
tests/test_base_field.py::TestBlendedField::test_evaluate_vectorized PASSED [ 11%]
tests/test_base_field.py::TestBlendedField::test_gradient_analytical PASSED [ 11%]
tests/test_base_field.py::TestBlendedField::test_gradient_numerical_fallback PASSED [ 11%]
tests/test_base_field.py::TestBlendedField::test_level_set PASSED        [ 12%]
tests/test_base_field.py::TestBlendedField::test_serialization PASSED    [ 12%]
tests/test_base_field.py::TestBlendedField::test_from_dict_invalid_type PASSED [ 12%]
tests/test_base_field.py::TestBlendedField::test_multiple_fields PASSED  [ 12%]
tests/test_base_field.py::TestBlendedField::test_nested_blended_fields PASSED [ 12%]
tests/test_base_field.py::TestFieldEdgeCases::test_curve_field_with_complex_expression PASSED [ 13%]
tests/test_base_field.py::TestFieldEdgeCases::test_blended_field_division_by_zero PASSED [ 13%]
tests/test_base_field.py::TestFieldEdgeCases::test_field_evaluation_with_nan PASSED [ 13%]
tests/test_base_field.py::TestFieldEdgeCases::test_field_evaluation_with_infinity PASSED [ 13%]
tests/test_base_field.py::TestFieldPerformance::test_vectorized_vs_scalar_performance PASSED [ 14%]
tests/test_base_field.py::TestFieldPerformance::test_blended_field_performance PASSED [ 14%]
tests/test_composite_curve.py::TestCompositeCurveConstructor::test_constructor_inherits_from_implicit_curve PASSED [ 14%]
tests/test_composite_curve.py::TestCompositeCurveConstructor::test_constructor_with_various_segments PASSED [ 14%]
tests/test_composite_curve.py::TestCompositeCurveConstructor::test_constructor_parameter_validation PASSED [ 15%]
tests/test_composite_curve.py::TestCompositeCurveConstructor::test_constructor_preserves_segment_order PASSED [ 15%]
tests/test_composite_curve.py::TestCompositeCurveIsClosedMethod::test_is_closed_for_complete_circle FAILED [ 15%]
tests/test_composite_curve.py::TestCompositeCurveIsClosedMethod::test_is_closed_for_incomplete_circle PASSED [ 15%]
tests/test_composite_curve.py::TestCompositeCurveIsClosedMethod::test_is_closed_for_single_segment PASSED [ 15%]
tests/test_composite_curve.py::TestCompositeCurveIsClosedMethod::test_is_closed_connectivity_tolerance PASSED [ 16%]
tests/test_composite_curve.py::TestCompositeCurveIsClosedMethod::test_is_closed_with_gaps PASSED [ 16%]
tests/test_composite_curve.py::TestCompositeCurveContainsMethod::test_contains_points_on_each_segment FAILED [ 16%]
tests/test_composite_curve.py::TestCompositeCurveContainsMethod::test_contains_points_not_on_curve PASSED [ 16%]
tests/test_composite_curve.py::TestCompositeCurveContainsMethod::test_contains_with_partial_segments FAILED [ 17%]
tests/test_composite_curve.py::TestCompositeCurveContainsMethod::test_contains_vectorized_input FAILED [ 17%]
tests/test_composite_curve.py::TestCompositeCurveContainsMethod::test_contains_tolerance_handling FAILED [ 17%]
tests/test_composite_curve.py::TestCompositeCurveInheritedMethods::test_evaluate_method_inherited PASSED [ 17%]
tests/test_composite_curve.py::TestCompositeCurveInheritedMethods::test_gradient_method_inherited PASSED [ 18%]
tests/test_composite_curve.py::TestCompositeCurveInheritedMethods::test_variables_property_inherited PASSED [ 18%]
tests/test_composite_curve.py::TestCompositeCurveInheritedMethods::test_plot_method_inherited PASSED [ 18%]
tests/test_composite_curve.py::TestCompositeCurveSpecializedMethods::test_property_access PASSED [ 18%]
tests/test_composite_curve.py::TestCompositeCurveSpecializedMethods::test_string_representations PASSED [ 18%]
tests/test_composite_curve.py::TestCompositeCurveSpecializedMethods::test_segment_count PASSED [ 19%]
tests/test_composite_curve.py::TestCompositeCurveConnectivity::test_connected_square_is_closed PASSED [ 19%]
tests/test_composite_curve.py::TestCompositeCurveConnectivity::test_disconnected_segments_not_closed PASSED [ 19%]
tests/test_composite_curve.py::TestCompositeCurveConnectivity::test_segment_endpoints PASSED [ 19%]
tests/test_composite_curve.py::TestCompositeCurveEdgeCases::test_single_segment_composite PASSED [ 20%]
tests/test_composite_curve.py::TestCompositeCurveEdgeCases::test_identical_segments PASSED [ 20%]
tests/test_composite_curve.py::TestCompositeCurveEdgeCases::test_overlapping_segments FAILED [ 20%]
tests/test_conic_section.py::TestConicSectionConstructor::test_constructor_inherits_from_implicit_curve PASSED [ 20%]
tests/test_conic_section.py::TestConicSectionConstructor::test_constructor_with_degree_2_polynomial PASSED [ 21%]
tests/test_conic_section.py::TestConicSectionConstructor::test_constructor_with_non_degree_2_polynomial_warning PASSED [ 21%]
tests/test_conic_section.py::TestConicSectionConicType::test_conic_type_circle PASSED [ 21%]
tests/test_conic_section.py::TestConicSectionConicType::test_conic_type_ellipse PASSED [ 21%]
tests/test_conic_section.py::TestConicSectionConicType::test_conic_type_parabola PASSED [ 21%]
tests/test_conic_section.py::TestConicSectionConicType::test_conic_type_hyperbola PASSED [ 22%]
tests/test_conic_section.py::TestConicSectionConicType::test_conic_type_degenerate_cases PASSED [ 22%]
tests/test_conic_section.py::TestConicSectionConicType::test_conic_type_rotated_conic PASSED [ 22%]
tests/test_conic_section.py::TestConicSectionConicType::test_conic_type_returns_string PASSED [ 22%]
tests/test_conic_section.py::TestConicSectionDegree::test_degree_always_returns_2 PASSED [ 23%]
tests/test_conic_section.py::TestConicSectionDegree::test_degree_returns_integer PASSED [ 23%]
tests/test_conic_section.py::TestConicSectionInheritedMethods::test_evaluate_method_inherited PASSED [ 23%]
tests/test_conic_section.py::TestConicSectionInheritedMethods::test_gradient_method_inherited PASSED [ 23%]
tests/test_conic_section.py::TestConicSectionInheritedMethods::test_normal_method_inherited PASSED [ 24%]
tests/test_conic_section.py::TestConicSectionSerialization::test_to_dict_has_conic_section_type PASSED [ 24%]
tests/test_conic_section.py::TestConicSectionSerialization::test_from_dict_reconstruction PASSED [ 24%]
tests/test_conic_section.py::TestConicSectionSerialization::test_serialization_round_trip_functional_equivalence PASSED [ 24%]
tests/test_conic_section.py::TestConicSectionSerialization::test_from_dict_invalid_type_handling PASSED [ 25%]
tests/test_conic_section.py::TestConicSectionSpecializedMethods::test_str_representation PASSED [ 25%]
tests/test_conic_section.py::TestConicSectionSpecializedMethods::test_repr_representation PASSED [ 25%]
tests/test_field_strategy.py::TestFieldStrategyBase::test_field_strategy_is_abstract PASSED [ 25%]
tests/test_field_strategy.py::TestSignedDistanceStrategy::test_init_default PASSED [ 25%]
tests/test_field_strategy.py::TestSignedDistanceStrategy::test_init_custom_resolution PASSED [ 26%]
tests/test_field_strategy.py::TestSignedDistanceStrategy::test_init_invalid_resolution PASSED [ 26%]
tests/test_field_strategy.py::TestSignedDistanceStrategy::test_generate_field FAILED [ 26%]
tests/test_field_strategy.py::TestSignedDistanceStrategy::test_serialization PASSED [ 26%]
tests/test_field_strategy.py::TestSignedDistanceStrategy::test_from_dict_invalid_type PASSED [ 27%]
tests/test_field_strategy.py::TestSignedDistanceStrategy::test_from_dict_missing_resolution PASSED [ 27%]
tests/test_field_strategy.py::TestOccupancyFillStrategy::test_init_default PASSED [ 27%]
tests/test_field_strategy.py::TestOccupancyFillStrategy::test_init_custom_values PASSED [ 27%]
tests/test_field_strategy.py::TestOccupancyFillStrategy::test_generate_field FAILED [ 28%]
tests/test_field_strategy.py::TestOccupancyFillStrategy::test_serialization PASSED [ 28%]
tests/test_field_strategy.py::TestOccupancyFillStrategy::test_from_dict_invalid_type PASSED [ 28%]
tests/test_field_strategy.py::TestOccupancyFillStrategy::test_from_dict_missing_values PASSED [ 28%]
tests/test_field_strategy.py::TestSignedDistanceField::test_init ERROR   [ 28%]
tests/test_field_strategy.py::TestSignedDistanceField::test_evaluate_scalar_inside ERROR [ 29%]
tests/test_field_strategy.py::TestSignedDistanceField::test_evaluate_scalar_outside ERROR [ 29%]
tests/test_field_strategy.py::TestSignedDistanceField::test_evaluate_scalar_boundary ERROR [ 29%]
tests/test_field_strategy.py::TestSignedDistanceField::test_evaluate_vectorized ERROR [ 29%]
tests/test_field_strategy.py::TestSignedDistanceField::test_gradient_scalar ERROR [ 30%]
tests/test_field_strategy.py::TestSignedDistanceField::test_gradient_vectorized ERROR [ 30%]
tests/test_field_strategy.py::TestSignedDistanceField::test_level_set ERROR [ 30%]
tests/test_field_strategy.py::TestSignedDistanceField::test_serialization ERROR [ 30%]
tests/test_field_strategy.py::TestSignedDistanceField::test_from_dict_invalid_type PASSED [ 31%]
tests/test_field_strategy.py::TestOccupancyField::test_init ERROR        [ 31%]
tests/test_field_strategy.py::TestOccupancyField::test_evaluate_scalar_inside ERROR [ 31%]
tests/test_field_strategy.py::TestOccupancyField::test_evaluate_scalar_outside ERROR [ 31%]
tests/test_field_strategy.py::TestOccupancyField::test_evaluate_vectorized ERROR [ 31%]
tests/test_field_strategy.py::TestOccupancyField::test_gradient_scalar ERROR [ 32%]
tests/test_field_strategy.py::TestOccupancyField::test_gradient_vectorized ERROR [ 32%]
tests/test_field_strategy.py::TestOccupancyField::test_level_set ERROR   [ 32%]
tests/test_field_strategy.py::TestOccupancyField::test_serialization ERROR [ 32%]
tests/test_field_strategy.py::TestOccupancyField::test_from_dict_invalid_type PASSED [ 33%]
tests/test_field_strategy.py::TestAreaRegionFieldIntegration::test_get_field_signed_distance ERROR [ 33%]
tests/test_field_strategy.py::TestAreaRegionFieldIntegration::test_get_field_occupancy ERROR [ 33%]
tests/test_field_strategy.py::TestAreaRegionFieldIntegration::test_get_field_with_hole_signed_distance ERROR [ 33%]
tests/test_field_strategy.py::TestAreaRegionFieldIntegration::test_get_field_with_hole_occupancy ERROR [ 34%]
tests/test_field_strategy.py::TestAreaRegionFieldIntegration::test_get_field_invalid_strategy ERROR [ 34%]
tests/test_field_strategy.py::TestFieldStrategyEdgeCases::test_signed_distance_field_empty_boundary PASSED [ 34%]
tests/test_field_strategy.py::TestFieldStrategyEdgeCases::test_field_evaluation_extreme_coordinates FAILED [ 34%]
tests/test_field_strategy.py::TestFieldStrategyEdgeCases::test_field_evaluation_nan_coordinates FAILED [ 34%]
tests/test_field_strategy.py::TestFieldStrategyPerformance::test_vectorized_evaluation_performance FAILED [ 35%]
tests/test_implicit_curve.py::TestImplicitCurveConstructor::test_constructor_with_valid_sympy_expr PASSED [ 35%]
tests/test_implicit_curve.py::TestImplicitCurveConstructor::test_constructor_with_default_variables PASSED [ 35%]
tests/test_implicit_curve.py::TestImplicitCurveConstructor::test_constructor_with_invalid_expression_type PASSED [ 35%]
tests/test_implicit_curve.py::TestImplicitCurveConstructor::test_constructor_with_invalid_expression_none PASSED [ 36%]
tests/test_implicit_curve.py::TestImplicitCurveConstructor::test_constructor_with_wrong_number_of_variables PASSED [ 36%]
tests/test_implicit_curve.py::TestImplicitCurveEvaluate::test_evaluate_scalar_input_on_curve PASSED [ 36%]
tests/test_implicit_curve.py::TestImplicitCurveEvaluate::test_evaluate_scalar_input_inside_curve PASSED [ 36%]
tests/test_implicit_curve.py::TestImplicitCurveEvaluate::test_evaluate_scalar_input_outside_curve PASSED [ 37%]
tests/test_implicit_curve.py::TestImplicitCurveEvaluate::test_evaluate_numpy_array_input PASSED [ 37%]
tests/test_implicit_curve.py::TestImplicitCurveEvaluate::test_evaluate_2d_numpy_array_input FAILED [ 37%]
tests/test_implicit_curve.py::TestImplicitCurveEvaluate::test_evaluate_mixed_scalar_array_input PASSED [ 37%]
tests/test_implicit_curve.py::TestImplicitCurveEvaluate::test_evaluate_performance_with_large_arrays PASSED [ 37%]
tests/test_implicit_curve.py::TestImplicitCurveGradient::test_gradient_circle_at_known_points PASSED [ 38%]
tests/test_implicit_curve.py::TestImplicitCurveGradient::test_gradient_line_constant PASSED [ 38%]
tests/test_implicit_curve.py::TestImplicitCurveGradient::test_gradient_parabola_variable PASSED [ 38%]
tests/test_implicit_curve.py::TestImplicitCurveGradient::test_gradient_returns_floats PASSED [ 38%]
tests/test_implicit_curve.py::TestImplicitCurveGradient::test_gradient_zero_at_origin_for_centered_curve PASSED [ 39%]
tests/test_implicit_curve.py::TestImplicitCurveNormal::test_normal_is_unit_length PASSED [ 39%]
tests/test_implicit_curve.py::TestImplicitCurveNormal::test_normal_direction_circle PASSED [ 39%]
tests/test_implicit_curve.py::TestImplicitCurveNormal::test_normal_direction_line PASSED [ 39%]
tests/test_implicit_curve.py::TestImplicitCurveNormal::test_normal_returns_floats PASSED [ 40%]
tests/test_implicit_curve.py::TestImplicitCurveNormal::test_normal_raises_error_for_zero_gradient PASSED [ 40%]
tests/test_implicit_curve.py::TestImplicitCurveNormal::test_normal_consistent_with_gradient PASSED [ 40%]
tests/test_implicit_curve.py::TestImplicitCurveSerialization::test_to_dict_basic_structure PASSED [ 40%]
tests/test_implicit_curve.py::TestImplicitCurveSerialization::test_to_dict_expression_serialization PASSED [ 40%]
tests/test_implicit_curve.py::TestImplicitCurveSerialization::test_from_dict_basic_reconstruction PASSED [ 41%]
tests/test_implicit_curve.py::TestImplicitCurveSerialization::test_round_trip_functional_equivalence PASSED [ 41%]
tests/test_implicit_curve.py::TestImplicitCurveSerialization::test_round_trip_gradient_equivalence PASSED [ 41%]
tests/test_implicit_curve.py::TestImplicitCurveSerialization::test_round_trip_normal_equivalence PASSED [ 41%]
tests/test_implicit_curve.py::TestImplicitCurveSerialization::test_from_dict_invalid_data_handling FAILED [ 42%]
tests/test_implicit_curve.py::TestImplicitCurveSerialization::test_custom_variables_serialization PASSED [ 42%]
tests/test_implicit_curve.py::TestImplicitCurveSerialization::test_serialization_with_complex_expressions PASSED [ 42%]
tests/test_polynomial_curve.py::TestPolynomialCurveConstructor::test_constructor_inherits_from_implicit_curve PASSED [ 42%]
tests/test_polynomial_curve.py::TestPolynomialCurveConstructor::test_constructor_with_various_polynomial_degrees PASSED [ 43%]
tests/test_polynomial_curve.py::TestPolynomialCurveConstructor::test_constructor_with_non_polynomial_expression PASSED [ 43%]
tests/test_polynomial_curve.py::TestPolynomialCurveDegree::test_degree_linear_polynomial PASSED [ 43%]
tests/test_polynomial_curve.py::TestPolynomialCurveDegree::test_degree_quadratic_polynomial PASSED [ 43%]
tests/test_polynomial_curve.py::TestPolynomialCurveDegree::test_degree_cubic_polynomial PASSED [ 43%]
tests/test_polynomial_curve.py::TestPolynomialCurveDegree::test_degree_quartic_polynomial PASSED [ 44%]
tests/test_polynomial_curve.py::TestPolynomialCurveDegree::test_degree_higher_degree_polynomial PASSED [ 44%]
tests/test_polynomial_curve.py::TestPolynomialCurveDegree::test_degree_constant_polynomial PASSED [ 44%]
tests/test_polynomial_curve.py::TestPolynomialCurveDegree::test_degree_mixed_terms_polynomial PASSED [ 44%]
tests/test_polynomial_curve.py::TestPolynomialCurveDegree::test_degree_returns_integer PASSED [ 45%]
tests/test_polynomial_curve.py::TestPolynomialCurveDegree::test_degree_non_polynomial_expressions PASSED [ 45%]
tests/test_polynomial_curve.py::TestPolynomialCurveInheritedMethods::test_evaluate_method_inherited PASSED [ 45%]
tests/test_polynomial_curve.py::TestPolynomialCurveInheritedMethods::test_gradient_method_inherited PASSED [ 45%]
tests/test_polynomial_curve.py::TestPolynomialCurveInheritedMethods::test_normal_method_inherited PASSED [ 46%]
tests/test_polynomial_curve.py::TestPolynomialCurveSerialization::test_to_dict_has_polynomial_curve_type PASSED [ 46%]
tests/test_polynomial_curve.py::TestPolynomialCurveSerialization::test_to_dict_includes_degree_info PASSED [ 46%]
tests/test_polynomial_curve.py::TestPolynomialCurveSerialization::test_from_dict_reconstruction PASSED [ 46%]
tests/test_polynomial_curve.py::TestPolynomialCurveSerialization::test_serialization_round_trip_functional_equivalence PASSED [ 46%]
tests/test_polynomial_curve.py::TestPolynomialCurveSerialization::test_from_dict_invalid_type_handling PASSED [ 47%]
tests/test_polynomial_curve.py::TestPolynomialCurveSpecializedMethods::test_str_representation PASSED [ 47%]
tests/test_polynomial_curve.py::TestPolynomialCurveSpecializedMethods::test_repr_representation PASSED [ 47%]
tests/test_procedural_curve.py::TestProceduralCurveConstructor::test_constructor_inherits_from_implicit_curve PASSED [ 47%]
tests/test_procedural_curve.py::TestProceduralCurveConstructor::test_constructor_with_lambda_function PASSED [ 48%]
tests/test_procedural_curve.py::TestProceduralCurveConstructor::test_constructor_with_regular_function PASSED [ 48%]
tests/test_procedural_curve.py::TestProceduralCurveConstructor::test_constructor_with_custom_variables PASSED [ 48%]
tests/test_procedural_curve.py::TestProceduralCurveConstructor::test_constructor_with_function_name PASSED [ 48%]
tests/test_procedural_curve.py::TestProceduralCurveConstructor::test_constructor_validation PASSED [ 49%]
tests/test_procedural_curve.py::TestProceduralCurveEvaluation::test_evaluate_scalar_inputs PASSED [ 49%]
tests/test_procedural_curve.py::TestProceduralCurveEvaluation::test_evaluate_vectorized_inputs FAILED [ 49%]
tests/test_procedural_curve.py::TestProceduralCurveEvaluation::test_evaluate_mixed_array_shapes FAILED [ 49%]
tests/test_procedural_curve.py::TestProceduralCurveEvaluation::test_evaluate_function_with_numpy_operations PASSED [ 50%]
tests/test_procedural_curve.py::TestProceduralCurveEvaluation::test_evaluate_consistency_with_direct_call PASSED [ 50%]
tests/test_procedural_curve.py::TestProceduralCurveGradient::test_gradient_scalar_inputs PASSED [ 50%]
tests/test_procedural_curve.py::TestProceduralCurveGradient::test_gradient_vectorized_inputs FAILED [ 50%]
tests/test_procedural_curve.py::TestProceduralCurveGradient::test_gradient_accuracy_comparison PASSED [ 50%]
tests/test_procedural_curve.py::TestProceduralCurveGradient::test_gradient_finite_difference_parameters PASSED [ 51%]
tests/test_procedural_curve.py::TestProceduralCurveGradient::test_gradient_with_complex_functions PASSED [ 51%]
tests/test_procedural_curve.py::TestProceduralCurveSerialization::test_to_dict_contains_placeholder FAILED [ 51%]
tests/test_procedural_curve.py::TestProceduralCurveSerialization::test_to_dict_descriptive_information PASSED [ 51%]
tests/test_procedural_curve.py::TestProceduralCurveSerialization::test_from_dict_creates_placeholder_object PASSED [ 52%]
tests/test_procedural_curve.py::TestProceduralCurveSerialization::test_serialization_round_trip_limitation PASSED [ 52%]
tests/test_procedural_curve.py::TestProceduralCurveSerialization::test_serialization_error_handling PASSED [ 52%]
tests/test_procedural_curve.py::TestProceduralCurveSerialization::test_serialization_documentation_compliance FAILED [ 52%]
tests/test_procedural_curve.py::TestProceduralCurveInheritedMethods::test_normal_method_inherited PASSED [ 53%]
tests/test_procedural_curve.py::TestProceduralCurveInheritedMethods::test_variables_property_inherited PASSED [ 53%]
tests/test_procedural_curve.py::TestProceduralCurveInheritedMethods::test_expression_property_behavior PASSED [ 53%]
tests/test_procedural_curve.py::TestProceduralCurveInheritedMethods::test_plot_method_inherited PASSED [ 53%]
tests/test_procedural_curve.py::TestProceduralCurveSpecializedMethods::test_function_property_access PASSED [ 53%]
tests/test_procedural_curve.py::TestProceduralCurveSpecializedMethods::test_name_property_access PASSED [ 54%]
tests/test_procedural_curve.py::TestProceduralCurveSpecializedMethods::test_string_representations PASSED [ 54%]
tests/test_procedural_curve.py::TestProceduralCurveSpecializedMethods::test_function_signature_validation PASSED [ 54%]
tests/test_rfunction_curve.py::TestRFunctionCurveConstructor::test_constructor_inherits_from_implicit_curve PASSED [ 54%]
tests/test_rfunction_curve.py::TestRFunctionCurveConstructor::test_constructor_with_various_operations PASSED [ 55%]
tests/test_rfunction_curve.py::TestRFunctionCurveConstructor::test_constructor_with_different_curve_types PASSED [ 55%]
tests/test_rfunction_curve.py::TestRFunctionCurveConstructor::test_constructor_parameter_validation PASSED [ 55%]
tests/test_rfunction_curve.py::TestRFunctionCurveSharpOperations::test_sharp_union_evaluation PASSED [ 55%]
tests/test_rfunction_curve.py::TestRFunctionCurveSharpOperations::test_sharp_intersection_evaluation PASSED [ 56%]
tests/test_rfunction_curve.py::TestRFunctionCurveSharpOperations::test_sharp_difference_evaluation PASSED [ 56%]
tests/test_rfunction_curve.py::TestRFunctionCurveSharpOperations::test_vectorized_sharp_operations PASSED [ 56%]
tests/test_rfunction_curve.py::TestRFunctionCurveSmoothBlending::test_smooth_blend_evaluation PASSED [ 56%]
tests/test_rfunction_curve.py::TestRFunctionCurveSmoothBlending::test_smooth_blend_continuity PASSED [ 56%]
tests/test_rfunction_curve.py::TestRFunctionCurveSmoothBlending::test_smooth_blend_alpha_effect PASSED [ 57%]
tests/test_rfunction_curve.py::TestRFunctionCurveSmoothBlending::test_smooth_blend_approaches_sharp_operations PASSED [ 57%]
tests/test_rfunction_curve.py::TestRFunctionCurveGradient::test_gradient_computation PASSED [ 57%]
tests/test_rfunction_curve.py::TestRFunctionCurveGradient::test_gradient_vectorized PASSED [ 57%]
tests/test_rfunction_curve.py::TestRFunctionCurveInheritedMethods::test_normal_method_inherited FAILED [ 58%]
tests/test_rfunction_curve.py::TestRFunctionCurveInheritedMethods::test_variables_property_inherited PASSED [ 58%]
tests/test_rfunction_curve.py::TestRFunctionCurveInheritedMethods::test_plot_method_inherited PASSED [ 58%]
tests/test_rfunction_curve.py::TestRFunctionCurveSerialization::test_serialization_round_trip_union PASSED [ 58%]
tests/test_rfunction_curve.py::TestRFunctionCurveSerialization::test_serialization_round_trip_blend PASSED [ 59%]
tests/test_rfunction_curve.py::TestRFunctionCurveSpecializedMethods::test_property_access PASSED [ 59%]
tests/test_rfunction_curve.py::TestRFunctionCurveSpecializedMethods::test_string_representations PASSED [ 59%]
tests/test_sprint2_regression.py::TestSprint2InterfaceConsistency::test_both_inherit_from_implicit_curve PASSED [ 59%]
tests/test_sprint2_regression.py::TestSprint2InterfaceConsistency::test_evaluate_method_consistency PASSED [ 59%]
tests/test_sprint2_regression.py::TestSprint2InterfaceConsistency::test_gradient_method_consistency PASSED [ 60%]
tests/test_sprint2_regression.py::TestSprint2InterfaceConsistency::test_normal_method_consistency PASSED [ 60%]
tests/test_sprint2_regression.py::TestSprint2InterfaceConsistency::test_degree_consistency_for_quadratics PASSED [ 60%]
tests/test_sprint2_regression.py::TestSprint2SerializationCompatibility::test_serialization_type_specificity PASSED [ 60%]
tests/test_sprint2_regression.py::TestSprint2SerializationCompatibility::test_cross_class_serialization_compatibility PASSED [ 61%]
tests/test_sprint2_regression.py::TestSprint2SerializationCompatibility::test_serialization_round_trip_all_classes PASSED [ 61%]
tests/test_sprint2_regression.py::TestSprint2SpecializedMethods::test_conic_section_type_classification PASSED [ 61%]
tests/test_sprint2_regression.py::TestSprint2SpecializedMethods::test_conic_section_degree_always_two PASSED [ 61%]
tests/test_sprint2_regression.py::TestSprint2SpecializedMethods::test_polynomial_curve_degree_computation PASSED [ 62%]
tests/test_sprint2_regression.py::TestSprint2SpecializedMethods::test_specialized_serialization_data PASSED [ 62%]
tests/test_sprint2_regression.py::TestSprint2EdgeCases::test_conic_section_with_degenerate_cases PASSED [ 62%]
tests/test_sprint2_regression.py::TestSprint2EdgeCases::test_polynomial_curve_with_constant PASSED [ 62%]
tests/test_sprint2_regression.py::TestSprint2EdgeCases::test_polynomial_curve_with_non_polynomial PASSED [ 62%]
tests/test_sprint2_regression.py::TestSprint2EdgeCases::test_serialization_error_handling FAILED [ 63%]
tests/test_sprint2_regression.py::TestSprint2Performance::test_vectorized_evaluation PASSED [ 63%]
tests/test_sprint2_regression.py::TestSprint2Performance::test_caching_behavior PASSED [ 63%]
tests/test_sprint3_regression.py::TestSprint3InterfaceConsistency::test_all_inherit_from_implicit_curve PASSED [ 63%]
tests/test_sprint3_regression.py::TestSprint3InterfaceConsistency::test_evaluate_method_consistency PASSED [ 64%]
tests/test_sprint3_regression.py::TestSprint3InterfaceConsistency::test_gradient_method_consistency PASSED [ 64%]
tests/test_sprint3_regression.py::TestSprint3SerializationBehavior::test_superellipse_serialization_completeness PASSED [ 64%]
tests/test_sprint3_regression.py::TestSprint3SerializationBehavior::test_procedural_curve_serialization_limitations PASSED [ 64%]
tests/test_sprint3_regression.py::TestSprint3SerializationBehavior::test_cross_class_serialization_type_specificity PASSED [ 65%]
tests/test_sprint3_regression.py::TestSprint3SpecializedFeatures::test_superellipse_shape_classification PASSED [ 65%]
tests/test_sprint3_regression.py::TestSprint3SpecializedFeatures::test_superellipse_parameter_access PASSED [ 65%]
tests/test_sprint3_regression.py::TestSprint3SpecializedFeatures::test_superellipse_gradient_handling PASSED [ 65%]
tests/test_sprint3_regression.py::TestSprint3SpecializedFeatures::test_procedural_curve_function_access PASSED [ 65%]
tests/test_sprint3_regression.py::TestSprint3SpecializedFeatures::test_procedural_curve_numerical_gradient_accuracy PASSED [ 66%]
tests/test_sprint3_regression.py::TestSprint3EdgeCases::test_superellipse_parameter_validation PASSED [ 66%]
tests/test_sprint3_regression.py::TestSprint3EdgeCases::test_superellipse_extreme_parameters PASSED [ 66%]
tests/test_sprint3_regression.py::TestSprint3EdgeCases::test_procedural_curve_function_validation PASSED [ 66%]
tests/test_sprint3_regression.py::TestSprint3EdgeCases::test_procedural_curve_function_errors PASSED [ 67%]
tests/test_sprint3_regression.py::TestSprint3VectorizedOperations::test_superellipse_vectorized_evaluation PASSED [ 67%]
tests/test_sprint3_regression.py::TestSprint3VectorizedOperations::test_superellipse_vectorized_gradient FAILED [ 67%]
tests/test_sprint3_regression.py::TestSprint3VectorizedOperations::test_procedural_curve_vectorized_evaluation FAILED [ 67%]
tests/test_sprint3_regression.py::TestSprint3VectorizedOperations::test_procedural_curve_vectorized_gradient FAILED [ 68%]
tests/test_sprint4_regression.py::TestRFunctionCurveInterfaceConsistency::test_all_curves_inherit_from_implicit_curve PASSED [ 68%]
tests/test_sprint4_regression.py::TestRFunctionCurveInterfaceConsistency::test_all_curves_have_required_methods PASSED [ 68%]
tests/test_sprint4_regression.py::TestRFunctionCurveInterfaceConsistency::test_all_curves_have_required_properties PASSED [ 68%]
tests/test_sprint4_regression.py::TestRFunctionCurveInterfaceConsistency::test_evaluate_method_consistency PASSED [ 68%]
tests/test_sprint4_regression.py::TestRFunctionCurveInterfaceConsistency::test_gradient_method_consistency PASSED [ 69%]
tests/test_sprint4_regression.py::TestRFunctionCurveInterfaceConsistency::test_vectorized_evaluation_consistency PASSED [ 69%]
tests/test_sprint4_regression.py::TestRFunctionCurveInterfaceConsistency::test_serialization_consistency PASSED [ 69%]
tests/test_sprint4_regression.py::TestConstructiveGeometryOperations::test_union_operations_all_combinations PASSED [ 69%]
tests/test_sprint4_regression.py::TestConstructiveGeometryOperations::test_intersection_operations_all_combinations PASSED [ 70%]
tests/test_sprint4_regression.py::TestConstructiveGeometryOperations::test_difference_operations_all_combinations PASSED [ 70%]
tests/test_sprint4_regression.py::TestConstructiveGeometryOperations::test_blend_operations_all_combinations PASSED [ 70%]
tests/test_sprint4_regression.py::TestWrapperFunctionEquivalence::test_union_wrapper_equivalence PASSED [ 70%]
tests/test_sprint4_regression.py::TestWrapperFunctionEquivalence::test_intersect_wrapper_equivalence PASSED [ 71%]
tests/test_sprint4_regression.py::TestWrapperFunctionEquivalence::test_difference_wrapper_equivalence PASSED [ 71%]
tests/test_sprint4_regression.py::TestWrapperFunctionEquivalence::test_blend_wrapper_equivalence PASSED [ 71%]
tests/test_sprint4_regression.py::TestNestedConstructiveOperations::test_nested_union_intersection PASSED [ 71%]
tests/test_sprint4_regression.py::TestNestedConstructiveOperations::test_nested_blend_operations PASSED [ 71%]
tests/test_sprint4_regression.py::TestNestedConstructiveOperations::test_complex_nested_structure PASSED [ 72%]
tests/test_sprint4_regression.py::TestRFunctionCurveEdgeCases::test_identical_curves_union PASSED [ 72%]
tests/test_sprint4_regression.py::TestRFunctionCurveEdgeCases::test_very_small_alpha_blend PASSED [ 72%]
tests/test_sprint4_regression.py::TestRFunctionCurveEdgeCases::test_large_alpha_blend PASSED [ 72%]
tests/test_sprint4_regression.py::TestRFunctionCurveEdgeCases::test_gradient_at_blend_boundaries PASSED [ 73%]
tests/test_sprint5_edge_cases.py::TestVectorizedScalarHandling::test_scalar_input_types PASSED [ 73%]
tests/test_sprint5_edge_cases.py::TestVectorizedScalarHandling::test_mixed_array_scalar_inputs PASSED [ 73%]
tests/test_sprint5_edge_cases.py::TestVectorizedScalarHandling::test_empty_arrays PASSED [ 73%]
tests/test_sprint5_edge_cases.py::TestVectorizedScalarHandling::test_large_arrays PASSED [ 74%]
tests/test_sprint5_edge_cases.py::TestUtilityFunctionRobustness::test_create_circle_edge_cases PASSED [ 74%]
tests/test_sprint5_edge_cases.py::TestUtilityFunctionRobustness::test_create_square_edge_cases PASSED [ 74%]
tests/test_sprint5_edge_cases.py::TestMixedCurveTypeInteractions::test_mixed_composite_creation PASSED [ 74%]
tests/test_sprint5_edge_cases.py::TestMixedCurveTypeInteractions::test_mixed_composite_vectorized PASSED [ 75%]
tests/test_sprint5_edge_cases.py::TestErrorHandlingAndBoundaryConditions::test_invalid_mask_functions PASSED [ 75%]
tests/test_sprint5_edge_cases.py::TestErrorHandlingAndBoundaryConditions::test_nan_inf_inputs PASSED [ 75%]
tests/test_sprint5_edge_cases.py::TestErrorHandlingAndBoundaryConditions::test_extreme_values PASSED [ 75%]
tests/test_sprint5_edge_cases.py::TestErrorHandlingAndBoundaryConditions::test_empty_composite_error PASSED [ 75%]
tests/test_sprint5_edge_cases.py::TestErrorHandlingAndBoundaryConditions::test_invalid_segment_types PASSED [ 76%]
tests/test_sprint5_edge_cases.py::TestMemoryAndPerformance::test_large_composite_creation PASSED [ 76%]
tests/test_sprint5_edge_cases.py::TestMemoryAndPerformance::test_nested_composite_serialization PASSED [ 76%]
tests/test_sprint5_edge_cases.py::TestMemoryAndPerformance::test_memory_cleanup PASSED [ 76%]
tests/test_sprint5_edge_cases.py::TestSpecialCases::test_degenerate_masks FAILED [ 77%]
tests/test_sprint5_edge_cases.py::TestSpecialCases::test_boundary_conditions PASSED [ 77%]
tests/test_sprint5_edge_cases.py::TestSpecialCases::test_gradient_singularities PASSED [ 77%]
tests/test_sprint5_expression_compatibility.py::TestExpressionTypeHandling::test_composite_with_different_expression_types PASSED [ 77%]
tests/test_sprint5_expression_compatibility.py::TestExpressionTypeHandling::test_composite_with_procedural_curves PASSED [ 78%]
tests/test_sprint5_expression_compatibility.py::TestExpressionTypeHandling::test_expression_placeholder_handling PASSED [ 78%]
tests/test_sprint5_expression_compatibility.py::TestUtilityFunctionExpressionHandling::test_create_circle_expression_types PASSED [ 78%]
tests/test_sprint5_expression_compatibility.py::TestUtilityFunctionExpressionHandling::test_create_square_expression_types PASSED [ 78%]
tests/test_sprint5_expression_compatibility.py::TestUtilityFunctionExpressionHandling::test_utility_function_edge_coordinates PASSED [ 78%]
tests/test_sprint5_expression_compatibility.py::TestSerializationExpressionHandling::test_complex_expression_serialization PASSED [ 79%]
tests/test_sprint5_expression_compatibility.py::TestSerializationExpressionHandling::test_composite_complex_expression_serialization PASSED [ 79%]
tests/test_sprint5_expression_compatibility.py::TestMixedTypeOperations::test_mixed_type_composite_evaluation PASSED [ 79%]
tests/test_sprint5_expression_compatibility.py::TestMixedTypeOperations::test_mixed_type_vectorized_operations PASSED [ 79%]
tests/test_sprint5_expression_compatibility.py::TestRobustnessUnderStress::test_deeply_nested_operations PASSED [ 80%]
tests/test_sprint5_expression_compatibility.py::TestRobustnessUnderStress::test_extreme_parameter_values FAILED [ 80%]
tests/test_sprint5_expression_compatibility.py::TestRobustnessUnderStress::test_memory_intensive_operations PASSED [ 80%]
tests/test_sprint5_regression.py::TestTrimmedImplicitCurveInterfaceConsistency::test_inheritance_from_implicit_curve PASSED [ 80%]
tests/test_sprint5_regression.py::TestTrimmedImplicitCurveInterfaceConsistency::test_evaluate_method_consistency PASSED [ 81%]
tests/test_sprint5_regression.py::TestTrimmedImplicitCurveInterfaceConsistency::test_gradient_method_consistency PASSED [ 81%]
tests/test_sprint5_regression.py::TestTrimmedImplicitCurveInterfaceConsistency::test_normal_method_consistency PASSED [ 81%]
tests/test_sprint5_regression.py::TestTrimmedImplicitCurveInterfaceConsistency::test_vectorized_operations PASSED [ 81%]
tests/test_sprint5_regression.py::TestTrimmedImplicitCurveInterfaceConsistency::test_serialization_interface PASSED [ 81%]
tests/test_sprint5_regression.py::TestTrimmedImplicitCurveInterfaceConsistency::test_plotting_interface FAILED [ 82%]
tests/test_sprint5_regression.py::TestCompositeCurveInterfaceConsistency::test_inheritance_from_implicit_curve PASSED [ 82%]
tests/test_sprint5_regression.py::TestCompositeCurveInterfaceConsistency::test_evaluate_method_consistency PASSED [ 82%]
tests/test_sprint5_regression.py::TestCompositeCurveInterfaceConsistency::test_gradient_method_consistency PASSED [ 82%]
tests/test_sprint5_regression.py::TestCompositeCurveInterfaceConsistency::test_vectorized_operations FAILED [ 83%]
tests/test_sprint5_regression.py::TestCompositeCurveInterfaceConsistency::test_serialization_interface PASSED [ 83%]
tests/test_sprint5_regression.py::TestCrossClassCompatibility::test_trimmed_with_constructive_geometry PASSED [ 83%]
tests/test_sprint5_regression.py::TestCrossClassCompatibility::test_composite_with_constructive_geometry PASSED [ 83%]
tests/test_sprint5_regression.py::TestCrossClassCompatibility::test_nested_trimmed_curves PASSED [ 84%]
tests/test_sprint5_regression.py::TestCrossClassCompatibility::test_serialization_cross_compatibility FAILED [ 84%]
tests/test_sprint5_regression.py::TestUtilityFunctions::test_create_circle_from_quarters PASSED [ 84%]
tests/test_sprint5_regression.py::TestUtilityFunctions::test_create_square_from_edges FAILED [ 84%]
tests/test_sprint5_regression.py::TestPerformanceCharacteristics::test_vectorized_performance PASSED [ 84%]
tests/test_sprint5_regression.py::TestEdgeCases::test_empty_composite_curve PASSED [ 85%]
tests/test_sprint5_regression.py::TestEdgeCases::test_single_segment_composite PASSED [ 85%]
tests/test_sprint5_regression.py::TestEdgeCases::test_mask_always_false PASSED [ 85%]
tests/test_sprint5_regression.py::TestEdgeCases::test_mask_always_true FAILED [ 85%]
tests/test_sprint5_serialization.py::TestTrimmedImplicitCurveSerialization::test_to_dict_structure PASSED [ 86%]
tests/test_sprint5_serialization.py::TestTrimmedImplicitCurveSerialization::test_serialization_round_trip_with_limitations PASSED [ 86%]
tests/test_sprint5_serialization.py::TestTrimmedImplicitCurveSerialization::test_serialization_different_base_curves PASSED [ 86%]
tests/test_sprint5_serialization.py::TestTrimmedImplicitCurveSerialization::test_serialization_preserves_variables PASSED [ 86%]
tests/test_sprint5_serialization.py::TestTrimmedImplicitCurveSerialization::test_serialization_mask_limitation_documentation PASSED [ 87%]
tests/test_sprint5_serialization.py::TestCompositeCurveSerialization::test_to_dict_structure PASSED [ 87%]
tests/test_sprint5_serialization.py::TestCompositeCurveSerialization::test_serialization_round_trip_full_circle PASSED [ 87%]
tests/test_sprint5_serialization.py::TestCompositeCurveSerialization::test_serialization_round_trip_partial_circle PASSED [ 87%]
tests/test_sprint5_serialization.py::TestCompositeCurveSerialization::test_serialization_mixed_base_curves PASSED [ 87%]
tests/test_sprint5_serialization.py::TestCompositeCurveSerialization::test_serialization_preserves_segment_order PASSED [ 88%]
tests/test_sprint5_serialization.py::TestCompositeCurveSerialization::test_serialization_preserves_variables PASSED [ 88%]
tests/test_sprint5_serialization.py::TestCompositeCurveSerialization::test_serialization_mask_limitations_propagated PASSED [ 88%]
tests/test_sprint5_serialization.py::TestNestedCompositeCurveSerialization::test_complex_composite_serialization PASSED [ 88%]
tests/test_sprint5_serialization.py::TestSerializationErrorHandling::test_invalid_trimmed_curve_data PASSED [ 89%]
tests/test_sprint5_serialization.py::TestSerializationErrorHandling::test_invalid_composite_curve_data PASSED [ 89%]
tests/test_sprint5_serialization.py::TestSerializationCompatibility::test_mixed_type_composite_serialization PASSED [ 89%]
tests/test_superellipse.py::TestSuperellipseConstructor::test_constructor_inherits_from_implicit_curve PASSED [ 89%]
tests/test_superellipse.py::TestSuperellipseConstructor::test_constructor_with_standard_parameters PASSED [ 90%]
tests/test_superellipse.py::TestSuperellipseConstructor::test_constructor_with_custom_variables PASSED [ 90%]
tests/test_superellipse.py::TestSuperellipseConstructor::test_constructor_parameter_validation PASSED [ 90%]
tests/test_superellipse.py::TestSuperellipseConstructor::test_expression_generation PASSED [ 90%]
tests/test_superellipse.py::TestSuperellipseEvaluation::test_evaluate_circle_like_superellipse PASSED [ 90%]
tests/test_superellipse.py::TestSuperellipseEvaluation::test_evaluate_squarish_superellipse PASSED [ 91%]
tests/test_superellipse.py::TestSuperellipseEvaluation::test_evaluate_diamond_like_superellipse PASSED [ 91%]
tests/test_superellipse.py::TestSuperellipseEvaluation::test_evaluate_elliptical_superellipse PASSED [ 91%]
tests/test_superellipse.py::TestSuperellipseEvaluation::test_evaluate_vectorized PASSED [ 91%]
tests/test_superellipse.py::TestSuperellipseGradient::test_gradient_at_non_axis_points PASSED [ 92%]
tests/test_superellipse.py::TestSuperellipseGradient::test_gradient_symmetry PASSED [ 92%]
tests/test_superellipse.py::TestSuperellipseGradient::test_gradient_near_axes PASSED [ 92%]
tests/test_superellipse.py::TestSuperellipseGradient::test_gradient_magnitude_scaling PASSED [ 92%]
tests/test_superellipse.py::TestSuperellipseSpecializedMethods::test_parameter_access PASSED [ 93%]
tests/test_superellipse.py::TestSuperellipseSpecializedMethods::test_shape_classification PASSED [ 93%]
tests/test_superellipse.py::TestSuperellipseSpecializedMethods::test_string_representations FAILED [ 93%]
tests/test_superellipse.py::TestSuperellipseSerialization::test_to_dict_structure PASSED [ 93%]
tests/test_superellipse.py::TestSuperellipseSerialization::test_from_dict_reconstruction PASSED [ 93%]
tests/test_superellipse.py::TestSuperellipseSerialization::test_serialization_round_trip_functional_equivalence PASSED [ 94%]
tests/test_superellipse.py::TestSuperellipseSerialization::test_from_dict_error_handling PASSED [ 94%]
tests/test_superellipse.py::TestSuperellipseInheritedMethods::test_normal_method_inherited PASSED [ 94%]
tests/test_superellipse.py::TestSuperellipseInheritedMethods::test_plot_method_inherited FAILED [ 94%]
tests/test_trimmed_implicit_curve.py::TestTrimmedImplicitCurveConstructor::test_constructor_inherits_from_implicit_curve PASSED [ 95%]
tests/test_trimmed_implicit_curve.py::TestTrimmedImplicitCurveConstructor::test_constructor_with_various_base_curves PASSED [ 95%]
tests/test_trimmed_implicit_curve.py::TestTrimmedImplicitCurveConstructor::test_constructor_with_various_masks PASSED [ 95%]
tests/test_trimmed_implicit_curve.py::TestTrimmedImplicitCurveConstructor::test_constructor_parameter_validation PASSED [ 95%]
tests/test_trimmed_implicit_curve.py::TestTrimmedImplicitCurveConstructor::test_constructor_preserves_variables PASSED [ 96%]
tests/test_trimmed_implicit_curve.py::TestTrimmedImplicitCurveContains::test_contains_right_half_circle FAILED [ 96%]
tests/test_trimmed_implicit_curve.py::TestTrimmedImplicitCurveContains::test_contains_upper_half_circle FAILED [ 96%]
tests/test_trimmed_implicit_curve.py::TestTrimmedImplicitCurveContains::test_contains_first_quadrant_circle FAILED [ 96%]
tests/test_trimmed_implicit_curve.py::TestTrimmedImplicitCurveContains::test_contains_line_segment PASSED [ 96%]
tests/test_trimmed_implicit_curve.py::TestTrimmedImplicitCurveContains::test_contains_tolerance_handling FAILED [ 97%]
tests/test_trimmed_implicit_curve.py::TestTrimmedImplicitCurveContains::test_contains_vectorized_input FAILED [ 97%]
tests/test_trimmed_implicit_curve.py::TestTrimmedImplicitCurveContains::test_contains_edge_cases PASSED [ 97%]
tests/test_trimmed_implicit_curve.py::TestTrimmedImplicitCurveInheritedMethods::test_evaluate_method_inherited PASSED [ 97%]
tests/test_trimmed_implicit_curve.py::TestTrimmedImplicitCurveInheritedMethods::test_gradient_method_inherited PASSED [ 98%]
tests/test_trimmed_implicit_curve.py::TestTrimmedImplicitCurveInheritedMethods::test_normal_method_inherited PASSED [ 98%]
tests/test_trimmed_implicit_curve.py::TestTrimmedImplicitCurveInheritedMethods::test_variables_property_inherited PASSED [ 98%]
tests/test_trimmed_implicit_curve.py::TestTrimmedImplicitCurveInheritedMethods::test_plot_method_inherited PASSED [ 98%]
tests/test_trimmed_implicit_curve.py::TestTrimmedImplicitCurveSpecializedMethods::test_property_access PASSED [ 99%]
tests/test_trimmed_implicit_curve.py::TestTrimmedImplicitCurveSpecializedMethods::test_string_representations PASSED [ 99%]
tests/test_trimmed_implicit_curve.py::TestTrimmedImplicitCurveComplexMasks::test_annular_mask PASSED [ 99%]
tests/test_trimmed_implicit_curve.py::TestTrimmedImplicitCurveComplexMasks::test_angular_mask PASSED [ 99%]
tests/test_trimmed_implicit_curve.py::TestTrimmedImplicitCurveComplexMasks::test_distance_mask PASSED [100%]

=================================== ERRORS ====================================
_____________ ERROR at setup of TestSignedDistanceField.test_init _____________
E   ValueError: outer_boundary must be closed
____ ERROR at setup of TestSignedDistanceField.test_evaluate_scalar_inside ____
E   ValueError: outer_boundary must be closed
___ ERROR at setup of TestSignedDistanceField.test_evaluate_scalar_outside ____
E   ValueError: outer_boundary must be closed
___ ERROR at setup of TestSignedDistanceField.test_evaluate_scalar_boundary ___
E   ValueError: outer_boundary must be closed
_____ ERROR at setup of TestSignedDistanceField.test_evaluate_vectorized ______
E   ValueError: outer_boundary must be closed
_______ ERROR at setup of TestSignedDistanceField.test_gradient_scalar ________
E   ValueError: outer_boundary must be closed
_____ ERROR at setup of TestSignedDistanceField.test_gradient_vectorized ______
E   ValueError: outer_boundary must be closed
__________ ERROR at setup of TestSignedDistanceField.test_level_set ___________
E   ValueError: outer_boundary must be closed
________ ERROR at setup of TestSignedDistanceField.test_serialization _________
E   ValueError: outer_boundary must be closed
_______________ ERROR at setup of TestOccupancyField.test_init ________________
E   ValueError: outer_boundary must be closed
______ ERROR at setup of TestOccupancyField.test_evaluate_scalar_inside _______
E   ValueError: outer_boundary must be closed
______ ERROR at setup of TestOccupancyField.test_evaluate_scalar_outside ______
E   ValueError: outer_boundary must be closed
________ ERROR at setup of TestOccupancyField.test_evaluate_vectorized ________
E   ValueError: outer_boundary must be closed
__________ ERROR at setup of TestOccupancyField.test_gradient_scalar __________
E   ValueError: outer_boundary must be closed
________ ERROR at setup of TestOccupancyField.test_gradient_vectorized ________
E   ValueError: outer_boundary must be closed
_____________ ERROR at setup of TestOccupancyField.test_level_set _____________
E   ValueError: outer_boundary must be closed
___________ ERROR at setup of TestOccupancyField.test_serialization ___________
E   ValueError: outer_boundary must be closed
_ ERROR at setup of TestAreaRegionFieldIntegration.test_get_field_signed_distance _
E   ValueError: outer_boundary must be closed
__ ERROR at setup of TestAreaRegionFieldIntegration.test_get_field_occupancy __
E   ValueError: outer_boundary must be closed
_ ERROR at setup of TestAreaRegionFieldIntegration.test_get_field_with_hole_signed_distance _
E   ValueError: outer_boundary must be closed
_ ERROR at setup of TestAreaRegionFieldIntegration.test_get_field_with_hole_occupancy _
E   ValueError: outer_boundary must be closed
_ ERROR at setup of TestAreaRegionFieldIntegration.test_get_field_invalid_strategy _
E   ValueError: outer_boundary must be closed
================================== FAILURES ===================================
C:\repos\2Top\geometry\area_region.py:58: ValueError: outer_boundary must be closed
C:\repos\2Top\geometry\area_region.py:58: ValueError: outer_boundary must be closed
C:\repos\2Top\geometry\area_region.py:58: ValueError: outer_boundary must be closed
C:\repos\2Top\geometry\area_region.py:58: ValueError: outer_boundary must be closed
C:\repos\2Top\geometry\area_region.py:58: ValueError: outer_boundary must be closed
C:\repos\2Top\geometry\area_region.py:58: ValueError: outer_boundary must be closed
C:\repos\2Top\geometry\area_region.py:58: ValueError: outer_boundary must be closed
C:\repos\2Top\geometry\area_region.py:58: ValueError: outer_boundary must be closed
C:\repos\2Top\geometry\area_region.py:58: ValueError: outer_boundary must be closed
C:\repos\2Top\geometry\area_region.py:58: ValueError: outer_boundary must be closed
C:\repos\2Top\geometry\area_region.py:58: ValueError: outer_boundary must be closed
C:\repos\2Top\geometry\area_region.py:58: ValueError: outer_boundary must be closed
C:\repos\2Top\geometry\area_region.py:58: ValueError: outer_boundary must be closed
C:\repos\2Top\geometry\area_region.py:58: ValueError: outer_boundary must be closed
C:\repos\2Top\geometry\area_region.py:58: ValueError: outer_boundary must be closed
C:\repos\2Top\geometry\area_region.py:58: ValueError: outer_boundary must be closed
C:\repos\2Top\geometry\area_region.py:58: ValueError: outer_boundary must be closed
C:\repos\2Top\geometry\area_region.py:58: ValueError: outer_boundary must be closed
C:\repos\2Top\geometry\area_region.py:58: ValueError: outer_boundary must be closed
C:\repos\2Top\geometry\area_region.py:58: ValueError: outer_boundary must be closed
C:\repos\2Top\geometry\area_region.py:58: ValueError: outer_boundary must be closed
C:\repos\2Top\geometry\area_region.py:58: ValueError: outer_boundary must be closed
C:\repos\2Top\tests\test_base_field.py:205: AssertionError: Regex pattern did not match.
C:\repos\2Top\tests\test_base_field.py:213: AssertionError: Regex pattern did not match.
C:\repos\2Top\tests\test_composite_curve.py:137: assert False == True
C:\repos\2Top\tests\test_composite_curve.py:228: AssertionError: Failed for Point on first quadrant arc: point (0.707, 0.707)
C:\repos\2Top\tests\test_composite_curve.py:265: AssertionError: Failed for Point on first quadrant arc: point (0.707, 0.707)
C:\Users\markb\AppData\Local\Programs\Python\Python310\lib\contextlib.py:79: AssertionError:
C:\repos\2Top\tests\test_composite_curve.py:290: AssertionError: Failed for Point very close to circle boundary: point (1.0000000001, 0.0)
C:\repos\2Top\tests\test_composite_curve.py:485: assert False == True
C:\repos\2Top\geometry\area_region.py:58: ValueError: outer_boundary must be closed
C:\repos\2Top\geometry\area_region.py:58: ValueError: outer_boundary must be closed
C:\repos\2Top\geometry\area_region.py:58: ValueError: outer_boundary must be closed
C:\repos\2Top\geometry\area_region.py:58: ValueError: outer_boundary must be closed
C:\repos\2Top\geometry\area_region.py:58: ValueError: outer_boundary must be closed
C:\repos\2Top\tests\test_implicit_curve.py:134: assert 0.0 < 0
C:\repos\2Top\tests\test_implicit_curve.py:449: AssertionError: Regex pattern did not match.
C:\Users\markb\AppData\Local\Programs\Python\Python310\lib\contextlib.py:79: AssertionError:
C:\Users\markb\AppData\Local\Programs\Python\Python310\lib\contextlib.py:79: AssertionError:
C:\Users\markb\AppData\Local\Programs\Python\Python310\lib\contextlib.py:79: AssertionError:
C:\repos\2Top\tests\test_procedural_curve.py:324: AssertionError: assert ('Circle' == 'custom'
C:\repos\2Top\tests\test_procedural_curve.py:410: AssertionError: assert ('Circle' in ['custom', 'placeholder'] or 'custom' in 'circle')
C:\repos\2Top\tests\test_rfunction_curve.py:389: Failed: DID NOT RAISE (<class 'ValueError'>, <class 'ZeroDivisionError'>)
C:\repos\2Top\tests\test_sprint2_regression.py:325: Failed: DID NOT RAISE <class 'ValueError'>
C:\repos\2Top\tests\test_sprint3_regression.py:379: assert 2.0 < 1e-10
C:\repos\2Top\tests\test_sprint3_regression.py:395: assert 1.0 < 1e-10
C:\repos\2Top\tests\test_sprint3_regression.py:412: assert 1.9999999933961732 < 1e-10
C:\repos\2Top\tests\test_sprint5_edge_cases.py:326: assert False == True
<lambdifygenerated-615>:2: OverflowError: (34, 'Result too large')
C:\Users\markb\AppData\Local\Programs\Python\Python310\lib\tkinter\__init__.py:2299: _tkinter.TclError: Can't find a usable init.tcl in the following directories:
C:\repos\2Top\geometry\composite_curve.py:284: IndexError: too many indices for array: array is 0-dimensional, but 1 were indexed
C:\repos\2Top\geometry\implicit_curve.py:257: ValueError: Unknown curve type: TrimmedImplicitCurve
C:\repos\2Top\tests\test_sprint5_regression.py:408: assert 1.0 < 1e-06
C:\repos\2Top\tests\test_sprint5_regression.py:511: assert False == True
C:\repos\2Top\tests\test_superellipse.py:327: AssertionError: assert ('superellipse' in '|x/1.0|^2.0 + |y/1.0|^2.0 = 1' or 'abs' in '|x/1.0|^2.0 + |y/1.0|^2.0 = 1')
C:\repos\2Top\tests\test_superellipse.py:466: assert ('plot' in 'can\'t find a usable tk.tcl in the following directories: \n    c:/users/markb/appdata/local/programs/python/python310/tcl/tcl8.6/tk8.6 c:/users/markb/appdata/local/programs/python/python310/tcl/tk8.6 c:/users/markb/appdata/local/programs/python/lib/tk8.6 c:/users/markb/appdata/local/programs/python/lib/tk8.6 c:/users/markb/appdata/local/programs/lib/tk8.6 c:/users/markb/appdata/local/programs/python/library\n\nc:/users/markb/appdata/local/programs/python/python310/tcl/tk8.6/tk.tcl: couldn\'t read file "c:/users/markb/appdata/local/programs/python/python310/tcl/tk8.6/ttk/utils.tcl": no such file or directory\ncouldn\'t read file "c:/users/markb/appdata/local/programs/python/python310/tcl/tk8.6/ttk/utils.tcl": no such file or directory\n    while executing\n"source -encoding utf-8 [file join $::ttk::library utils.tcl]"\n    (file "c:/users/markb/appdata/local/programs/python/python310/tcl/tk8.6/ttk/ttk.tcl" line 17)\n    invoked from within\n"source -encoding utf-8 c:/users/markb/appdata/local/programs/python/python310/tcl/tk8.6/ttk/ttk.tcl"\n    ("uplevel" body line 1)\n    invoked from within\n"uplevel \\#0 [list source -encoding utf-8 $::ttk::library/ttk.tcl]"\n    (file "c:/users/markb/appdata/local/programs/python/python310/tcl/tk8.6/tk.tcl" line 706)\n    invoked from within\n"source c:/users/markb/appdata/local/programs/python/python310/tcl/tk8.6/tk.tcl"\n    ("uplevel" body line 1)\n    invoked from within\n"uplevel #0 [list source $file]"\n\n\nthis probably means that tk wasn\'t installed properly.\n' or 'display' in 'can\'t find a usable tk.tcl in the following directories: \n    c:/users/markb/appdata/local/programs/python/python310/tcl/tcl8.6/tk8.6 c:/users/markb/appdata/local/programs/python/python310/tcl/tk8.6 c:/users/markb/appdata/local/programs/python/lib/tk8.6 c:/users/markb/appdata/local/programs/python/lib/tk8.6 c:/users/markb/appdata/local/programs/lib/tk8.6 c:/users/markb/appdata/local/programs/python/library\n\nc:/users/markb/appdata/local/programs/python/python310/tcl/tk8.6/tk.tcl: couldn\'t read file "c:/users/markb/appdata/local/programs/python/python310/tcl/tk8.6/ttk/utils.tcl": no such file or directory\ncouldn\'t read file "c:/users/markb/appdata/local/programs/python/python310/tcl/tk8.6/ttk/utils.tcl": no such file or directory\n    while executing\n"source -encoding utf-8 [file join $::ttk::library utils.tcl]"\n    (file "c:/users/markb/appdata/local/programs/python/python310/tcl/tk8.6/ttk/ttk.tcl" line 17)\n    invoked from within\n"source -encoding utf-8 c:/users/markb/appdata/local/programs/python/python310/tcl/tk8.6/ttk/ttk.tcl"\n    ("uplevel" body line 1)\n    invoked from within\n"uplevel \\#0 [list source -encoding utf-8 $::ttk::library/ttk.tcl]"\n    (file "c:/users/markb/appdata/local/programs/python/python310/tcl/tk8.6/tk.tcl" line 706)\n    invoked from within\n"source c:/users/markb/appdata/local/programs/python/python310/tcl/tk8.6/tk.tcl"\n    ("uplevel" body line 1)\n    invoked from within\n"uplevel #0 [list source $file]"\n\n\nthis probably means that tk wasn\'t installed properly.\n')
C:\repos\2Top\tests\test_trimmed_implicit_curve.py:143: AssertionError: Failed for Point on right arc (approx): point (0.707, 0.707)
C:\repos\2Top\tests\test_trimmed_implicit_curve.py:160: AssertionError: Failed for Point on upper arc: point (0.707, 0.707)
C:\repos\2Top\tests\test_trimmed_implicit_curve.py:177: AssertionError: Failed for Point on first quadrant arc: point (0.707, 0.707)
C:\repos\2Top\tests\test_trimmed_implicit_curve.py:209: AssertionError: Failed for Point very close to circle boundary: point (1.0000000001, 0.0)
C:\Users\markb\AppData\Local\Programs\Python\Python310\lib\contextlib.py:79: AssertionError:
=========================== short test summary info ===========================
FAILED tests/test_area_region.py::TestAreaRegionConstructor::test_constructor_with_valid_closed_boundary
FAILED tests/test_area_region.py::TestAreaRegionConstructor::test_constructor_with_holes
FAILED tests/test_area_region.py::TestAreaRegionConstructor::test_constructor_with_multiple_holes
FAILED tests/test_area_region.py::TestAreaRegionConstructor::test_constructor_validates_holes_type
FAILED tests/test_area_region.py::TestAreaRegionConstructor::test_constructor_validates_hole_types
FAILED tests/test_area_region.py::TestAreaRegionConstructor::test_constructor_copies_holes_list
FAILED tests/test_area_region.py::TestAreaRegionContains::test_contains_simple_square_no_holes
FAILED tests/test_area_region.py::TestAreaRegionContains::test_contains_square_with_circular_hole
FAILED tests/test_area_region.py::TestAreaRegionContains::test_contains_multiple_holes
FAILED tests/test_area_region.py::TestAreaRegionContains::test_contains_edge_cases
FAILED tests/test_area_region.py::TestAreaRegionArea::test_area_simple_square
FAILED tests/test_area_region.py::TestAreaRegionArea::test_area_square_with_hole
FAILED tests/test_area_region.py::TestAreaRegionArea::test_area_multiple_holes
FAILED tests/test_area_region.py::TestAreaRegionArea::test_area_no_holes - Va...
FAILED tests/test_area_region.py::TestAreaRegionSerialization::test_to_dict_simple_region
FAILED tests/test_area_region.py::TestAreaRegionSerialization::test_to_dict_region_with_holes
FAILED tests/test_area_region.py::TestAreaRegionSerialization::test_from_dict_simple_region
FAILED tests/test_area_region.py::TestAreaRegionSerialization::test_from_dict_region_with_holes
FAILED tests/test_area_region.py::TestAreaRegionSerialization::test_serialization_round_trip
FAILED tests/test_area_region.py::TestAreaRegionStringRepresentation::test_str_no_holes
FAILED tests/test_area_region.py::TestAreaRegionStringRepresentation::test_str_with_holes
FAILED tests/test_area_region.py::TestAreaRegionStringRepresentation::test_repr
FAILED tests/test_base_field.py::TestBlendedField::test_init_insufficient_fields
FAILED tests/test_base_field.py::TestBlendedField::test_init_invalid_field_types
FAILED tests/test_composite_curve.py::TestCompositeCurveIsClosedMethod::test_is_closed_for_complete_circle
FAILED tests/test_composite_curve.py::TestCompositeCurveContainsMethod::test_contains_points_on_each_segment
FAILED tests/test_composite_curve.py::TestCompositeCurveContainsMethod::test_contains_with_partial_segments
FAILED tests/test_composite_curve.py::TestCompositeCurveContainsMethod::test_contains_vectorized_input
FAILED tests/test_composite_curve.py::TestCompositeCurveContainsMethod::test_contains_tolerance_handling
FAILED tests/test_composite_curve.py::TestCompositeCurveEdgeCases::test_overlapping_segments
FAILED tests/test_field_strategy.py::TestSignedDistanceStrategy::test_generate_field
FAILED tests/test_field_strategy.py::TestOccupancyFillStrategy::test_generate_field
FAILED tests/test_field_strategy.py::TestFieldStrategyEdgeCases::test_field_evaluation_extreme_coordinates
FAILED tests/test_field_strategy.py::TestFieldStrategyEdgeCases::test_field_evaluation_nan_coordinates
FAILED tests/test_field_strategy.py::TestFieldStrategyPerformance::test_vectorized_evaluation_performance
FAILED tests/test_implicit_curve.py::TestImplicitCurveEvaluate::test_evaluate_2d_numpy_array_input
FAILED tests/test_implicit_curve.py::TestImplicitCurveSerialization::test_from_dict_invalid_data_handling
FAILED tests/test_procedural_curve.py::TestProceduralCurveEvaluation::test_evaluate_vectorized_inputs
FAILED tests/test_procedural_curve.py::TestProceduralCurveEvaluation::test_evaluate_mixed_array_shapes
FAILED tests/test_procedural_curve.py::TestProceduralCurveGradient::test_gradient_vectorized_inputs
FAILED tests/test_procedural_curve.py::TestProceduralCurveSerialization::test_to_dict_contains_placeholder
FAILED tests/test_procedural_curve.py::TestProceduralCurveSerialization::test_serialization_documentation_compliance
FAILED tests/test_rfunction_curve.py::TestRFunctionCurveInheritedMethods::test_normal_method_inherited
FAILED tests/test_sprint2_regression.py::TestSprint2EdgeCases::test_serialization_error_handling
FAILED tests/test_sprint3_regression.py::TestSprint3VectorizedOperations::test_superellipse_vectorized_gradient
FAILED tests/test_sprint3_regression.py::TestSprint3VectorizedOperations::test_procedural_curve_vectorized_evaluation
FAILED tests/test_sprint3_regression.py::TestSprint3VectorizedOperations::test_procedural_curve_vectorized_gradient
FAILED tests/test_sprint5_edge_cases.py::TestSpecialCases::test_degenerate_masks
FAILED tests/test_sprint5_expression_compatibility.py::TestRobustnessUnderStress::test_extreme_parameter_values
FAILED tests/test_sprint5_regression.py::TestTrimmedImplicitCurveInterfaceConsistency::test_plotting_interface
FAILED tests/test_sprint5_regression.py::TestCompositeCurveInterfaceConsistency::test_vectorized_operations
FAILED tests/test_sprint5_regression.py::TestCrossClassCompatibility::test_serialization_cross_compatibility
FAILED tests/test_sprint5_regression.py::TestUtilityFunctions::test_create_square_from_edges
FAILED tests/test_sprint5_regression.py::TestEdgeCases::test_mask_always_true
FAILED tests/test_superellipse.py::TestSuperellipseSpecializedMethods::test_string_representations
FAILED tests/test_superellipse.py::TestSuperellipseInheritedMethods::test_plot_method_inherited
FAILED tests/test_trimmed_implicit_curve.py::TestTrimmedImplicitCurveContains::test_contains_right_half_circle
FAILED tests/test_trimmed_implicit_curve.py::TestTrimmedImplicitCurveContains::test_contains_upper_half_circle
FAILED tests/test_trimmed_implicit_curve.py::TestTrimmedImplicitCurveContains::test_contains_first_quadrant_circle
FAILED tests/test_trimmed_implicit_curve.py::TestTrimmedImplicitCurveContains::test_contains_tolerance_handling
FAILED tests/test_trimmed_implicit_curve.py::TestTrimmedImplicitCurveContains::test_contains_vectorized_input
ERROR tests/test_field_strategy.py::TestSignedDistanceField::test_init - Valu...
ERROR tests/test_field_strategy.py::TestSignedDistanceField::test_evaluate_scalar_inside
ERROR tests/test_field_strategy.py::TestSignedDistanceField::test_evaluate_scalar_outside
ERROR tests/test_field_strategy.py::TestSignedDistanceField::test_evaluate_scalar_boundary
ERROR tests/test_field_strategy.py::TestSignedDistanceField::test_evaluate_vectorized
ERROR tests/test_field_strategy.py::TestSignedDistanceField::test_gradient_scalar
ERROR tests/test_field_strategy.py::TestSignedDistanceField::test_gradient_vectorized
ERROR tests/test_field_strategy.py::TestSignedDistanceField::test_level_set
ERROR tests/test_field_strategy.py::TestSignedDistanceField::test_serialization
ERROR tests/test_field_strategy.py::TestOccupancyField::test_init - ValueErro...
ERROR tests/test_field_strategy.py::TestOccupancyField::test_evaluate_scalar_inside
ERROR tests/test_field_strategy.py::TestOccupancyField::test_evaluate_scalar_outside
ERROR tests/test_field_strategy.py::TestOccupancyField::test_evaluate_vectorized
ERROR tests/test_field_strategy.py::TestOccupancyField::test_gradient_scalar
ERROR tests/test_field_strategy.py::TestOccupancyField::test_gradient_vectorized
ERROR tests/test_field_strategy.py::TestOccupancyField::test_level_set - Valu...
ERROR tests/test_field_strategy.py::TestOccupancyField::test_serialization - ...
ERROR tests/test_field_strategy.py::TestAreaRegionFieldIntegration::test_get_field_signed_distance
ERROR tests/test_field_strategy.py::TestAreaRegionFieldIntegration::test_get_field_occupancy
ERROR tests/test_field_strategy.py::TestAreaRegionFieldIntegration::test_get_field_with_hole_signed_distance
ERROR tests/test_field_strategy.py::TestAreaRegionFieldIntegration::test_get_field_with_hole_occupancy
ERROR tests/test_field_strategy.py::TestAreaRegionFieldIntegration::test_get_field_invalid_strategy
================== 61 failed, 349 passed, 22 errors in 8.64s ==================
