{
  "summary": "================= 61 failed, 349 passed, 22 errors in 12.80s ==================",
  "failures": [
    {
      "test_name": "tests/test_area_region.py::TestAreaRegionConstructor::test_constructor_with_valid_closed_boundary",
      "line": "tests/test_area_region.py::TestAreaRegionConstructor::test_constructor_with_valid_closed_boundary FAILED [  0%]"
    },
    {
      "test_name": "tests/test_area_region.py::TestAreaRegionConstructor::test_constructor_with_holes",
      "line": "tests/test_area_region.py::TestAreaRegionConstructor::test_constructor_with_holes FAILED [  0%]"
    },
    {
      "test_name": "tests/test_area_region.py::TestAreaRegionConstructor::test_constructor_with_multiple_holes",
      "line": "tests/test_area_region.py::TestAreaRegionConstructor::test_constructor_with_multiple_holes FAILED [  0%]"
    },
    {
      "test_name": "tests/test_area_region.py::TestAreaRegionConstructor::test_constructor_validates_outer_boundary_closed",
      "line": "tests/test_area_region.py::TestAreaRegionConstructor::test_constructor_validates_outer_boundary_closed FAILED [  1%]"
    },
    {
      "test_name": "tests/test_area_region.py::TestAreaRegionConstructor::test_constructor_validates_holes_type",
      "line": "tests/test_area_region.py::TestAreaRegionConstructor::test_constructor_validates_holes_type FAILED [  1%]"
    },
    {
      "test_name": "tests/test_area_region.py::TestAreaRegionConstructor::test_constructor_validates_hole_types",
      "line": "tests/test_area_region.py::TestAreaRegionConstructor::test_constructor_validates_hole_types FAILED [  1%]"
    },
    {
      "test_name": "tests/test_area_region.py::TestAreaRegionConstructor::test_constructor_copies_holes_list",
      "line": "tests/test_area_region.py::TestAreaRegionConstructor::test_constructor_copies_holes_list FAILED [  2%]"
    },
    {
      "test_name": "tests/test_area_region.py::TestAreaRegionContains::test_contains_simple_square_no_holes",
      "line": "tests/test_area_region.py::TestAreaRegionContains::test_contains_simple_square_no_holes FAILED [  2%]"
    },
    {
      "test_name": "tests/test_area_region.py::TestAreaRegionContains::test_contains_square_with_circular_hole",
      "line": "tests/test_area_region.py::TestAreaRegionContains::test_contains_square_with_circular_hole FAILED [  2%]"
    },
    {
      "test_name": "tests/test_area_region.py::TestAreaRegionContains::test_contains_multiple_holes",
      "line": "tests/test_area_region.py::TestAreaRegionContains::test_contains_multiple_holes FAILED [  2%]"
    },
    {
      "test_name": "tests/test_area_region.py::TestAreaRegionContains::test_contains_edge_cases",
      "line": "tests/test_area_region.py::TestAreaRegionContains::test_contains_edge_cases FAILED [  3%]"
    },
    {
      "test_name": "tests/test_area_region.py::TestAreaRegionArea::test_area_simple_square",
      "line": "tests/test_area_region.py::TestAreaRegionArea::test_area_simple_square FAILED [  3%]"
    },
    {
      "test_name": "tests/test_area_region.py::TestAreaRegionArea::test_area_square_with_hole",
      "line": "tests/test_area_region.py::TestAreaRegionArea::test_area_square_with_hole FAILED [  3%]"
    },
    {
      "test_name": "tests/test_area_region.py::TestAreaRegionArea::test_area_multiple_holes",
      "line": "tests/test_area_region.py::TestAreaRegionArea::test_area_multiple_holes FAILED [  3%]"
    },
    {
      "test_name": "tests/test_area_region.py::TestAreaRegionArea::test_area_no_holes",
      "line": "tests/test_area_region.py::TestAreaRegionArea::test_area_no_holes FAILED [  3%]"
    },
    {
      "test_name": "tests/test_area_region.py::TestAreaRegionSerialization::test_to_dict_simple_region",
      "line": "tests/test_area_region.py::TestAreaRegionSerialization::test_to_dict_simple_region FAILED [  4%]"
    },
    {
      "test_name": "tests/test_area_region.py::TestAreaRegionSerialization::test_to_dict_region_with_holes",
      "line": "tests/test_area_region.py::TestAreaRegionSerialization::test_to_dict_region_with_holes FAILED [  4%]"
    },
    {
      "test_name": "tests/test_area_region.py::TestAreaRegionSerialization::test_from_dict_simple_region",
      "line": "tests/test_area_region.py::TestAreaRegionSerialization::test_from_dict_simple_region FAILED [  4%]"
    },
    {
      "test_name": "tests/test_area_region.py::TestAreaRegionSerialization::test_from_dict_region_with_holes",
      "line": "tests/test_area_region.py::TestAreaRegionSerialization::test_from_dict_region_with_holes FAILED [  4%]"
    },
    {
      "test_name": "tests/test_area_region.py::TestAreaRegionSerialization::test_serialization_round_trip",
      "line": "tests/test_area_region.py::TestAreaRegionSerialization::test_serialization_round_trip FAILED [  5%]"
    },
    {
      "test_name": "tests/test_area_region.py::TestAreaRegionStringRepresentation::test_str_no_holes",
      "line": "tests/test_area_region.py::TestAreaRegionStringRepresentation::test_str_no_holes FAILED [  5%]"
    },
    {
      "test_name": "tests/test_area_region.py::TestAreaRegionStringRepresentation::test_str_with_holes",
      "line": "tests/test_area_region.py::TestAreaRegionStringRepresentation::test_str_with_holes FAILED [  5%]"
    },
    {
      "test_name": "tests/test_area_region.py::TestAreaRegionStringRepresentation::test_repr",
      "line": "tests/test_area_region.py::TestAreaRegionStringRepresentation::test_repr FAILED [  6%]"
    },
    {
      "test_name": "tests/test_base_field.py::TestBlendedField::test_init_insufficient_fields",
      "line": "tests/test_base_field.py::TestBlendedField::test_init_insufficient_fields FAILED [  9%]"
    },
    {
      "test_name": "tests/test_base_field.py::TestBlendedField::test_init_invalid_field_types",
      "line": "tests/test_base_field.py::TestBlendedField::test_init_invalid_field_types FAILED [  9%]"
    },
    {
      "test_name": "tests/test_composite_curve.py::TestCompositeCurveIsClosedMethod::test_is_closed_for_complete_circle",
      "line": "tests/test_composite_curve.py::TestCompositeCurveIsClosedMethod::test_is_closed_for_complete_circle FAILED [ 15%]"
    },
    {
      "test_name": "tests/test_composite_curve.py::TestCompositeCurveContainsMethod::test_contains_points_on_each_segment",
      "line": "tests/test_composite_curve.py::TestCompositeCurveContainsMethod::test_contains_points_on_each_segment FAILED [ 16%]"
    },
    {
      "test_name": "tests/test_composite_curve.py::TestCompositeCurveContainsMethod::test_contains_with_partial_segments",
      "line": "tests/test_composite_curve.py::TestCompositeCurveContainsMethod::test_contains_with_partial_segments FAILED [ 17%]"
    },
    {
      "test_name": "tests/test_composite_curve.py::TestCompositeCurveContainsMethod::test_contains_vectorized_input",
      "line": "tests/test_composite_curve.py::TestCompositeCurveContainsMethod::test_contains_vectorized_input FAILED [ 17%]"
    },
    {
      "test_name": "tests/test_composite_curve.py::TestCompositeCurveContainsMethod::test_contains_tolerance_handling",
      "line": "tests/test_composite_curve.py::TestCompositeCurveContainsMethod::test_contains_tolerance_handling FAILED [ 17%]"
    },
    {
      "test_name": "tests/test_composite_curve.py::TestCompositeCurveEdgeCases::test_overlapping_segments",
      "line": "tests/test_composite_curve.py::TestCompositeCurveEdgeCases::test_overlapping_segments FAILED [ 20%]"
    },
    {
      "test_name": "tests/test_field_strategy.py::TestSignedDistanceStrategy::test_generate_field",
      "line": "tests/test_field_strategy.py::TestSignedDistanceStrategy::test_generate_field FAILED [ 26%]"
    },
    {
      "test_name": "tests/test_field_strategy.py::TestOccupancyFillStrategy::test_generate_field",
      "line": "tests/test_field_strategy.py::TestOccupancyFillStrategy::test_generate_field FAILED [ 28%]"
    },
    {
      "test_name": "tests/test_field_strategy.py::TestFieldStrategyEdgeCases::test_field_evaluation_extreme_coordinates",
      "line": "tests/test_field_strategy.py::TestFieldStrategyEdgeCases::test_field_evaluation_extreme_coordinates FAILED [ 34%]"
    },
    {
      "test_name": "tests/test_field_strategy.py::TestFieldStrategyEdgeCases::test_field_evaluation_nan_coordinates",
      "line": "tests/test_field_strategy.py::TestFieldStrategyEdgeCases::test_field_evaluation_nan_coordinates FAILED [ 34%]"
    },
    {
      "test_name": "tests/test_field_strategy.py::TestFieldStrategyPerformance::test_vectorized_evaluation_performance",
      "line": "tests/test_field_strategy.py::TestFieldStrategyPerformance::test_vectorized_evaluation_performance FAILED [ 35%]"
    },
    {
      "test_name": "tests/test_implicit_curve.py::TestImplicitCurveEvaluate::test_evaluate_2d_numpy_array_input",
      "line": "tests/test_implicit_curve.py::TestImplicitCurveEvaluate::test_evaluate_2d_numpy_array_input FAILED [ 37%]"
    },
    {
      "test_name": "tests/test_implicit_curve.py::TestImplicitCurveSerialization::test_from_dict_invalid_data_handling",
      "line": "tests/test_implicit_curve.py::TestImplicitCurveSerialization::test_from_dict_invalid_data_handling FAILED [ 42%]"
    },
    {
      "test_name": "tests/test_procedural_curve.py::TestProceduralCurveEvaluation::test_evaluate_vectorized_inputs",
      "line": "tests/test_procedural_curve.py::TestProceduralCurveEvaluation::test_evaluate_vectorized_inputs FAILED [ 49%]"
    },
    {
      "test_name": "tests/test_procedural_curve.py::TestProceduralCurveEvaluation::test_evaluate_mixed_array_shapes",
      "line": "tests/test_procedural_curve.py::TestProceduralCurveEvaluation::test_evaluate_mixed_array_shapes FAILED [ 49%]"
    },
    {
      "test_name": "tests/test_procedural_curve.py::TestProceduralCurveGradient::test_gradient_vectorized_inputs",
      "line": "tests/test_procedural_curve.py::TestProceduralCurveGradient::test_gradient_vectorized_inputs FAILED [ 50%]"
    },
    {
      "test_name": "tests/test_procedural_curve.py::TestProceduralCurveSerialization::test_to_dict_contains_placeholder",
      "line": "tests/test_procedural_curve.py::TestProceduralCurveSerialization::test_to_dict_contains_placeholder FAILED [ 51%]"
    },
    {
      "test_name": "tests/test_procedural_curve.py::TestProceduralCurveSerialization::test_serialization_documentation_compliance",
      "line": "tests/test_procedural_curve.py::TestProceduralCurveSerialization::test_serialization_documentation_compliance FAILED [ 52%]"
    },
    {
      "test_name": "tests/test_rfunction_curve.py::TestRFunctionCurveInheritedMethods::test_normal_method_inherited",
      "line": "tests/test_rfunction_curve.py::TestRFunctionCurveInheritedMethods::test_normal_method_inherited FAILED [ 58%]"
    },
    {
      "test_name": "tests/test_sprint2_regression.py::TestSprint2EdgeCases::test_serialization_error_handling",
      "line": "tests/test_sprint2_regression.py::TestSprint2EdgeCases::test_serialization_error_handling FAILED [ 63%]"
    },
    {
      "test_name": "tests/test_sprint3_regression.py::TestSprint3VectorizedOperations::test_superellipse_vectorized_gradient",
      "line": "tests/test_sprint3_regression.py::TestSprint3VectorizedOperations::test_superellipse_vectorized_gradient FAILED [ 67%]"
    },
    {
      "test_name": "tests/test_sprint3_regression.py::TestSprint3VectorizedOperations::test_procedural_curve_vectorized_evaluation",
      "line": "tests/test_sprint3_regression.py::TestSprint3VectorizedOperations::test_procedural_curve_vectorized_evaluation FAILED [ 67%]"
    },
    {
      "test_name": "tests/test_sprint3_regression.py::TestSprint3VectorizedOperations::test_procedural_curve_vectorized_gradient",
      "line": "tests/test_sprint3_regression.py::TestSprint3VectorizedOperations::test_procedural_curve_vectorized_gradient FAILED [ 68%]"
    },
    {
      "test_name": "tests/test_sprint5_edge_cases.py::TestSpecialCases::test_degenerate_masks",
      "line": "tests/test_sprint5_edge_cases.py::TestSpecialCases::test_degenerate_masks FAILED [ 77%]"
    },
    {
      "test_name": "tests/test_sprint5_expression_compatibility.py::TestRobustnessUnderStress::test_extreme_parameter_values",
      "line": "tests/test_sprint5_expression_compatibility.py::TestRobustnessUnderStress::test_extreme_parameter_values FAILED [ 80%]"
    },
    {
      "test_name": "tests/test_sprint5_regression.py::TestTrimmedImplicitCurveInterfaceConsistency::test_plotting_interface",
      "line": "tests/test_sprint5_regression.py::TestTrimmedImplicitCurveInterfaceConsistency::test_plotting_interface FAILED [ 82%]"
    },
    {
      "test_name": "tests/test_sprint5_regression.py::TestCompositeCurveInterfaceConsistency::test_vectorized_operations",
      "line": "tests/test_sprint5_regression.py::TestCompositeCurveInterfaceConsistency::test_vectorized_operations FAILED [ 83%]"
    },
    {
      "test_name": "tests/test_sprint5_regression.py::TestCrossClassCompatibility::test_serialization_cross_compatibility",
      "line": "tests/test_sprint5_regression.py::TestCrossClassCompatibility::test_serialization_cross_compatibility FAILED [ 84%]"
    },
    {
      "test_name": "tests/test_sprint5_regression.py::TestUtilityFunctions::test_create_square_from_edges",
      "line": "tests/test_sprint5_regression.py::TestUtilityFunctions::test_create_square_from_edges FAILED [ 84%]"
    },
    {
      "test_name": "tests/test_sprint5_regression.py::TestEdgeCases::test_mask_always_true",
      "line": "tests/test_sprint5_regression.py::TestEdgeCases::test_mask_always_true FAILED [ 85%]"
    },
    {
      "test_name": "tests/test_superellipse.py::TestSuperellipseSpecializedMethods::test_string_representations",
      "line": "tests/test_superellipse.py::TestSuperellipseSpecializedMethods::test_string_representations FAILED [ 93%]"
    },
    {
      "test_name": "tests/test_trimmed_implicit_curve.py::TestTrimmedImplicitCurveContains::test_contains_right_half_circle",
      "line": "tests/test_trimmed_implicit_curve.py::TestTrimmedImplicitCurveContains::test_contains_right_half_circle FAILED [ 96%]"
    },
    {
      "test_name": "tests/test_trimmed_implicit_curve.py::TestTrimmedImplicitCurveContains::test_contains_upper_half_circle",
      "line": "tests/test_trimmed_implicit_curve.py::TestTrimmedImplicitCurveContains::test_contains_upper_half_circle FAILED [ 96%]"
    },
    {
      "test_name": "tests/test_trimmed_implicit_curve.py::TestTrimmedImplicitCurveContains::test_contains_first_quadrant_circle",
      "line": "tests/test_trimmed_implicit_curve.py::TestTrimmedImplicitCurveContains::test_contains_first_quadrant_circle FAILED [ 96%]"
    },
    {
      "test_name": "tests/test_trimmed_implicit_curve.py::TestTrimmedImplicitCurveContains::test_contains_tolerance_handling",
      "line": "tests/test_trimmed_implicit_curve.py::TestTrimmedImplicitCurveContains::test_contains_tolerance_handling FAILED [ 97%]"
    },
    {
      "test_name": "tests/test_trimmed_implicit_curve.py::TestTrimmedImplicitCurveContains::test_contains_vectorized_input",
      "line": "tests/test_trimmed_implicit_curve.py::TestTrimmedImplicitCurveContains::test_contains_vectorized_input FAILED [ 97%]"
    },
    {
      "test_name": "tests/test_area_region.py::TestAreaRegionConstructor::test_constructor_with_valid_closed_boundary",
      "line": "FAILED tests/test_area_region.py::TestAreaRegionConstructor::test_constructor_with_valid_closed_boundary"
    },
    {
      "test_name": "tests/test_area_region.py::TestAreaRegionConstructor::test_constructor_with_holes",
      "line": "FAILED tests/test_area_region.py::TestAreaRegionConstructor::test_constructor_with_holes"
    },
    {
      "test_name": "tests/test_area_region.py::TestAreaRegionConstructor::test_constructor_with_multiple_holes",
      "line": "FAILED tests/test_area_region.py::TestAreaRegionConstructor::test_constructor_with_multiple_holes"
    },
    {
      "test_name": "tests/test_area_region.py::TestAreaRegionConstructor::test_constructor_validates_outer_boundary_closed",
      "line": "FAILED tests/test_area_region.py::TestAreaRegionConstructor::test_constructor_validates_outer_boundary_closed"
    },
    {
      "test_name": "tests/test_area_region.py::TestAreaRegionConstructor::test_constructor_validates_holes_type",
      "line": "FAILED tests/test_area_region.py::TestAreaRegionConstructor::test_constructor_validates_holes_type"
    },
    {
      "test_name": "tests/test_area_region.py::TestAreaRegionConstructor::test_constructor_validates_hole_types",
      "line": "FAILED tests/test_area_region.py::TestAreaRegionConstructor::test_constructor_validates_hole_types"
    },
    {
      "test_name": "tests/test_area_region.py::TestAreaRegionConstructor::test_constructor_copies_holes_list",
      "line": "FAILED tests/test_area_region.py::TestAreaRegionConstructor::test_constructor_copies_holes_list"
    },
    {
      "test_name": "tests/test_area_region.py::TestAreaRegionContains::test_contains_simple_square_no_holes",
      "line": "FAILED tests/test_area_region.py::TestAreaRegionContains::test_contains_simple_square_no_holes"
    },
    {
      "test_name": "tests/test_area_region.py::TestAreaRegionContains::test_contains_square_with_circular_hole",
      "line": "FAILED tests/test_area_region.py::TestAreaRegionContains::test_contains_square_with_circular_hole"
    },
    {
      "test_name": "tests/test_area_region.py::TestAreaRegionContains::test_contains_multiple_holes",
      "line": "FAILED tests/test_area_region.py::TestAreaRegionContains::test_contains_multiple_holes"
    },
    {
      "test_name": "tests/test_area_region.py::TestAreaRegionContains::test_contains_edge_cases",
      "line": "FAILED tests/test_area_region.py::TestAreaRegionContains::test_contains_edge_cases"
    },
    {
      "test_name": "tests/test_area_region.py::TestAreaRegionArea::test_area_simple_square",
      "line": "FAILED tests/test_area_region.py::TestAreaRegionArea::test_area_simple_square"
    },
    {
      "test_name": "tests/test_area_region.py::TestAreaRegionArea::test_area_square_with_hole",
      "line": "FAILED tests/test_area_region.py::TestAreaRegionArea::test_area_square_with_hole"
    },
    {
      "test_name": "tests/test_area_region.py::TestAreaRegionArea::test_area_multiple_holes",
      "line": "FAILED tests/test_area_region.py::TestAreaRegionArea::test_area_multiple_holes"
    },
    {
      "test_name": "tests/test_area_region.py::TestAreaRegionArea::test_area_no_holes",
      "line": "FAILED tests/test_area_region.py::TestAreaRegionArea::test_area_no_holes - Va..."
    },
    {
      "test_name": "tests/test_area_region.py::TestAreaRegionSerialization::test_to_dict_simple_region",
      "line": "FAILED tests/test_area_region.py::TestAreaRegionSerialization::test_to_dict_simple_region"
    },
    {
      "test_name": "tests/test_area_region.py::TestAreaRegionSerialization::test_to_dict_region_with_holes",
      "line": "FAILED tests/test_area_region.py::TestAreaRegionSerialization::test_to_dict_region_with_holes"
    },
    {
      "test_name": "tests/test_area_region.py::TestAreaRegionSerialization::test_from_dict_simple_region",
      "line": "FAILED tests/test_area_region.py::TestAreaRegionSerialization::test_from_dict_simple_region"
    },
    {
      "test_name": "tests/test_area_region.py::TestAreaRegionSerialization::test_from_dict_region_with_holes",
      "line": "FAILED tests/test_area_region.py::TestAreaRegionSerialization::test_from_dict_region_with_holes"
    },
    {
      "test_name": "tests/test_area_region.py::TestAreaRegionSerialization::test_serialization_round_trip",
      "line": "FAILED tests/test_area_region.py::TestAreaRegionSerialization::test_serialization_round_trip"
    },
    {
      "test_name": "tests/test_area_region.py::TestAreaRegionStringRepresentation::test_str_no_holes",
      "line": "FAILED tests/test_area_region.py::TestAreaRegionStringRepresentation::test_str_no_holes"
    },
    {
      "test_name": "tests/test_area_region.py::TestAreaRegionStringRepresentation::test_str_with_holes",
      "line": "FAILED tests/test_area_region.py::TestAreaRegionStringRepresentation::test_str_with_holes"
    },
    {
      "test_name": "tests/test_area_region.py::TestAreaRegionStringRepresentation::test_repr",
      "line": "FAILED tests/test_area_region.py::TestAreaRegionStringRepresentation::test_repr"
    },
    {
      "test_name": "tests/test_base_field.py::TestBlendedField::test_init_insufficient_fields",
      "line": "FAILED tests/test_base_field.py::TestBlendedField::test_init_insufficient_fields"
    },
    {
      "test_name": "tests/test_base_field.py::TestBlendedField::test_init_invalid_field_types",
      "line": "FAILED tests/test_base_field.py::TestBlendedField::test_init_invalid_field_types"
    },
    {
      "test_name": "tests/test_composite_curve.py::TestCompositeCurveIsClosedMethod::test_is_closed_for_complete_circle",
      "line": "FAILED tests/test_composite_curve.py::TestCompositeCurveIsClosedMethod::test_is_closed_for_complete_circle"
    },
    {
      "test_name": "tests/test_composite_curve.py::TestCompositeCurveContainsMethod::test_contains_points_on_each_segment",
      "line": "FAILED tests/test_composite_curve.py::TestCompositeCurveContainsMethod::test_contains_points_on_each_segment"
    },
    {
      "test_name": "tests/test_composite_curve.py::TestCompositeCurveContainsMethod::test_contains_with_partial_segments",
      "line": "FAILED tests/test_composite_curve.py::TestCompositeCurveContainsMethod::test_contains_with_partial_segments"
    },
    {
      "test_name": "tests/test_composite_curve.py::TestCompositeCurveContainsMethod::test_contains_vectorized_input",
      "line": "FAILED tests/test_composite_curve.py::TestCompositeCurveContainsMethod::test_contains_vectorized_input"
    },
    {
      "test_name": "tests/test_composite_curve.py::TestCompositeCurveContainsMethod::test_contains_tolerance_handling",
      "line": "FAILED tests/test_composite_curve.py::TestCompositeCurveContainsMethod::test_contains_tolerance_handling"
    },
    {
      "test_name": "tests/test_composite_curve.py::TestCompositeCurveEdgeCases::test_overlapping_segments",
      "line": "FAILED tests/test_composite_curve.py::TestCompositeCurveEdgeCases::test_overlapping_segments"
    },
    {
      "test_name": "tests/test_field_strategy.py::TestSignedDistanceStrategy::test_generate_field",
      "line": "FAILED tests/test_field_strategy.py::TestSignedDistanceStrategy::test_generate_field"
    },
    {
      "test_name": "tests/test_field_strategy.py::TestOccupancyFillStrategy::test_generate_field",
      "line": "FAILED tests/test_field_strategy.py::TestOccupancyFillStrategy::test_generate_field"
    },
    {
      "test_name": "tests/test_field_strategy.py::TestFieldStrategyEdgeCases::test_field_evaluation_extreme_coordinates",
      "line": "FAILED tests/test_field_strategy.py::TestFieldStrategyEdgeCases::test_field_evaluation_extreme_coordinates"
    },
    {
      "test_name": "tests/test_field_strategy.py::TestFieldStrategyEdgeCases::test_field_evaluation_nan_coordinates",
      "line": "FAILED tests/test_field_strategy.py::TestFieldStrategyEdgeCases::test_field_evaluation_nan_coordinates"
    },
    {
      "test_name": "tests/test_field_strategy.py::TestFieldStrategyPerformance::test_vectorized_evaluation_performance",
      "line": "FAILED tests/test_field_strategy.py::TestFieldStrategyPerformance::test_vectorized_evaluation_performance"
    },
    {
      "test_name": "tests/test_implicit_curve.py::TestImplicitCurveEvaluate::test_evaluate_2d_numpy_array_input",
      "line": "FAILED tests/test_implicit_curve.py::TestImplicitCurveEvaluate::test_evaluate_2d_numpy_array_input"
    },
    {
      "test_name": "tests/test_implicit_curve.py::TestImplicitCurveSerialization::test_from_dict_invalid_data_handling",
      "line": "FAILED tests/test_implicit_curve.py::TestImplicitCurveSerialization::test_from_dict_invalid_data_handling"
    },
    {
      "test_name": "tests/test_procedural_curve.py::TestProceduralCurveEvaluation::test_evaluate_vectorized_inputs",
      "line": "FAILED tests/test_procedural_curve.py::TestProceduralCurveEvaluation::test_evaluate_vectorized_inputs"
    },
    {
      "test_name": "tests/test_procedural_curve.py::TestProceduralCurveEvaluation::test_evaluate_mixed_array_shapes",
      "line": "FAILED tests/test_procedural_curve.py::TestProceduralCurveEvaluation::test_evaluate_mixed_array_shapes"
    },
    {
      "test_name": "tests/test_procedural_curve.py::TestProceduralCurveGradient::test_gradient_vectorized_inputs",
      "line": "FAILED tests/test_procedural_curve.py::TestProceduralCurveGradient::test_gradient_vectorized_inputs"
    },
    {
      "test_name": "tests/test_procedural_curve.py::TestProceduralCurveSerialization::test_to_dict_contains_placeholder",
      "line": "FAILED tests/test_procedural_curve.py::TestProceduralCurveSerialization::test_to_dict_contains_placeholder"
    },
    {
      "test_name": "tests/test_procedural_curve.py::TestProceduralCurveSerialization::test_serialization_documentation_compliance",
      "line": "FAILED tests/test_procedural_curve.py::TestProceduralCurveSerialization::test_serialization_documentation_compliance"
    },
    {
      "test_name": "tests/test_rfunction_curve.py::TestRFunctionCurveInheritedMethods::test_normal_method_inherited",
      "line": "FAILED tests/test_rfunction_curve.py::TestRFunctionCurveInheritedMethods::test_normal_method_inherited"
    },
    {
      "test_name": "tests/test_sprint2_regression.py::TestSprint2EdgeCases::test_serialization_error_handling",
      "line": "FAILED tests/test_sprint2_regression.py::TestSprint2EdgeCases::test_serialization_error_handling"
    },
    {
      "test_name": "tests/test_sprint3_regression.py::TestSprint3VectorizedOperations::test_superellipse_vectorized_gradient",
      "line": "FAILED tests/test_sprint3_regression.py::TestSprint3VectorizedOperations::test_superellipse_vectorized_gradient"
    },
    {
      "test_name": "tests/test_sprint3_regression.py::TestSprint3VectorizedOperations::test_procedural_curve_vectorized_evaluation",
      "line": "FAILED tests/test_sprint3_regression.py::TestSprint3VectorizedOperations::test_procedural_curve_vectorized_evaluation"
    },
    {
      "test_name": "tests/test_sprint3_regression.py::TestSprint3VectorizedOperations::test_procedural_curve_vectorized_gradient",
      "line": "FAILED tests/test_sprint3_regression.py::TestSprint3VectorizedOperations::test_procedural_curve_vectorized_gradient"
    },
    {
      "test_name": "tests/test_sprint5_edge_cases.py::TestSpecialCases::test_degenerate_masks",
      "line": "FAILED tests/test_sprint5_edge_cases.py::TestSpecialCases::test_degenerate_masks"
    },
    {
      "test_name": "tests/test_sprint5_expression_compatibility.py::TestRobustnessUnderStress::test_extreme_parameter_values",
      "line": "FAILED tests/test_sprint5_expression_compatibility.py::TestRobustnessUnderStress::test_extreme_parameter_values"
    },
    {
      "test_name": "tests/test_sprint5_regression.py::TestTrimmedImplicitCurveInterfaceConsistency::test_plotting_interface",
      "line": "FAILED tests/test_sprint5_regression.py::TestTrimmedImplicitCurveInterfaceConsistency::test_plotting_interface"
    },
    {
      "test_name": "tests/test_sprint5_regression.py::TestCompositeCurveInterfaceConsistency::test_vectorized_operations",
      "line": "FAILED tests/test_sprint5_regression.py::TestCompositeCurveInterfaceConsistency::test_vectorized_operations"
    },
    {
      "test_name": "tests/test_sprint5_regression.py::TestCrossClassCompatibility::test_serialization_cross_compatibility",
      "line": "FAILED tests/test_sprint5_regression.py::TestCrossClassCompatibility::test_serialization_cross_compatibility"
    },
    {
      "test_name": "tests/test_sprint5_regression.py::TestUtilityFunctions::test_create_square_from_edges",
      "line": "FAILED tests/test_sprint5_regression.py::TestUtilityFunctions::test_create_square_from_edges"
    },
    {
      "test_name": "tests/test_sprint5_regression.py::TestEdgeCases::test_mask_always_true",
      "line": "FAILED tests/test_sprint5_regression.py::TestEdgeCases::test_mask_always_true"
    },
    {
      "test_name": "tests/test_superellipse.py::TestSuperellipseSpecializedMethods::test_string_representations",
      "line": "FAILED tests/test_superellipse.py::TestSuperellipseSpecializedMethods::test_string_representations"
    },
    {
      "test_name": "tests/test_trimmed_implicit_curve.py::TestTrimmedImplicitCurveContains::test_contains_right_half_circle",
      "line": "FAILED tests/test_trimmed_implicit_curve.py::TestTrimmedImplicitCurveContains::test_contains_right_half_circle"
    },
    {
      "test_name": "tests/test_trimmed_implicit_curve.py::TestTrimmedImplicitCurveContains::test_contains_upper_half_circle",
      "line": "FAILED tests/test_trimmed_implicit_curve.py::TestTrimmedImplicitCurveContains::test_contains_upper_half_circle"
    },
    {
      "test_name": "tests/test_trimmed_implicit_curve.py::TestTrimmedImplicitCurveContains::test_contains_first_quadrant_circle",
      "line": "FAILED tests/test_trimmed_implicit_curve.py::TestTrimmedImplicitCurveContains::test_contains_first_quadrant_circle"
    },
    {
      "test_name": "tests/test_trimmed_implicit_curve.py::TestTrimmedImplicitCurveContains::test_contains_tolerance_handling",
      "line": "FAILED tests/test_trimmed_implicit_curve.py::TestTrimmedImplicitCurveContains::test_contains_tolerance_handling"
    },
    {
      "test_name": "tests/test_trimmed_implicit_curve.py::TestTrimmedImplicitCurveContains::test_contains_vectorized_input",
      "line": "FAILED tests/test_trimmed_implicit_curve.py::TestTrimmedImplicitCurveContains::test_contains_vectorized_input"
    }
  ],
  "errors": [
    {
      "test_name": "tests/test_field_strategy.py::TestSignedDistanceField::test_init",
      "line": "tests/test_field_strategy.py::TestSignedDistanceField::test_init ERROR   [ 28%]"
    },
    {
      "test_name": "tests/test_field_strategy.py::TestSignedDistanceField::test_evaluate_scalar_inside",
      "line": "tests/test_field_strategy.py::TestSignedDistanceField::test_evaluate_scalar_inside ERROR [ 29%]"
    },
    {
      "test_name": "tests/test_field_strategy.py::TestSignedDistanceField::test_evaluate_scalar_outside",
      "line": "tests/test_field_strategy.py::TestSignedDistanceField::test_evaluate_scalar_outside ERROR [ 29%]"
    },
    {
      "test_name": "tests/test_field_strategy.py::TestSignedDistanceField::test_evaluate_scalar_boundary",
      "line": "tests/test_field_strategy.py::TestSignedDistanceField::test_evaluate_scalar_boundary ERROR [ 29%]"
    },
    {
      "test_name": "tests/test_field_strategy.py::TestSignedDistanceField::test_evaluate_vectorized",
      "line": "tests/test_field_strategy.py::TestSignedDistanceField::test_evaluate_vectorized ERROR [ 29%]"
    },
    {
      "test_name": "tests/test_field_strategy.py::TestSignedDistanceField::test_gradient_scalar",
      "line": "tests/test_field_strategy.py::TestSignedDistanceField::test_gradient_scalar ERROR [ 30%]"
    },
    {
      "test_name": "tests/test_field_strategy.py::TestSignedDistanceField::test_gradient_vectorized",
      "line": "tests/test_field_strategy.py::TestSignedDistanceField::test_gradient_vectorized ERROR [ 30%]"
    },
    {
      "test_name": "tests/test_field_strategy.py::TestSignedDistanceField::test_level_set",
      "line": "tests/test_field_strategy.py::TestSignedDistanceField::test_level_set ERROR [ 30%]"
    },
    {
      "test_name": "tests/test_field_strategy.py::TestSignedDistanceField::test_serialization",
      "line": "tests/test_field_strategy.py::TestSignedDistanceField::test_serialization ERROR [ 30%]"
    },
    {
      "test_name": "tests/test_field_strategy.py::TestOccupancyField::test_init",
      "line": "tests/test_field_strategy.py::TestOccupancyField::test_init ERROR        [ 31%]"
    },
    {
      "test_name": "tests/test_field_strategy.py::TestOccupancyField::test_evaluate_scalar_inside",
      "line": "tests/test_field_strategy.py::TestOccupancyField::test_evaluate_scalar_inside ERROR [ 31%]"
    },
    {
      "test_name": "tests/test_field_strategy.py::TestOccupancyField::test_evaluate_scalar_outside",
      "line": "tests/test_field_strategy.py::TestOccupancyField::test_evaluate_scalar_outside ERROR [ 31%]"
    },
    {
      "test_name": "tests/test_field_strategy.py::TestOccupancyField::test_evaluate_vectorized",
      "line": "tests/test_field_strategy.py::TestOccupancyField::test_evaluate_vectorized ERROR [ 31%]"
    },
    {
      "test_name": "tests/test_field_strategy.py::TestOccupancyField::test_gradient_scalar",
      "line": "tests/test_field_strategy.py::TestOccupancyField::test_gradient_scalar ERROR [ 32%]"
    },
    {
      "test_name": "tests/test_field_strategy.py::TestOccupancyField::test_gradient_vectorized",
      "line": "tests/test_field_strategy.py::TestOccupancyField::test_gradient_vectorized ERROR [ 32%]"
    },
    {
      "test_name": "tests/test_field_strategy.py::TestOccupancyField::test_level_set",
      "line": "tests/test_field_strategy.py::TestOccupancyField::test_level_set ERROR   [ 32%]"
    },
    {
      "test_name": "tests/test_field_strategy.py::TestOccupancyField::test_serialization",
      "line": "tests/test_field_strategy.py::TestOccupancyField::test_serialization ERROR [ 32%]"
    },
    {
      "test_name": "tests/test_field_strategy.py::TestAreaRegionFieldIntegration::test_get_field_signed_distance",
      "line": "tests/test_field_strategy.py::TestAreaRegionFieldIntegration::test_get_field_signed_distance ERROR [ 33%]"
    },
    {
      "test_name": "tests/test_field_strategy.py::TestAreaRegionFieldIntegration::test_get_field_occupancy",
      "line": "tests/test_field_strategy.py::TestAreaRegionFieldIntegration::test_get_field_occupancy ERROR [ 33%]"
    },
    {
      "test_name": "tests/test_field_strategy.py::TestAreaRegionFieldIntegration::test_get_field_with_hole_signed_distance",
      "line": "tests/test_field_strategy.py::TestAreaRegionFieldIntegration::test_get_field_with_hole_signed_distance ERROR [ 33%]"
    },
    {
      "test_name": "tests/test_field_strategy.py::TestAreaRegionFieldIntegration::test_get_field_with_hole_occupancy",
      "line": "tests/test_field_strategy.py::TestAreaRegionFieldIntegration::test_get_field_with_hole_occupancy ERROR [ 34%]"
    },
    {
      "test_name": "tests/test_field_strategy.py::TestAreaRegionFieldIntegration::test_get_field_invalid_strategy",
      "line": "tests/test_field_strategy.py::TestAreaRegionFieldIntegration::test_get_field_invalid_strategy ERROR [ 34%]"
    },
    {
      "test_name": "tests/test_field_strategy.py::TestSignedDistanceField::test_init",
      "line": "ERROR tests/test_field_strategy.py::TestSignedDistanceField::test_init - Valu..."
    },
    {
      "test_name": "tests/test_field_strategy.py::TestSignedDistanceField::test_evaluate_scalar_inside",
      "line": "ERROR tests/test_field_strategy.py::TestSignedDistanceField::test_evaluate_scalar_inside"
    },
    {
      "test_name": "tests/test_field_strategy.py::TestSignedDistanceField::test_evaluate_scalar_outside",
      "line": "ERROR tests/test_field_strategy.py::TestSignedDistanceField::test_evaluate_scalar_outside"
    },
    {
      "test_name": "tests/test_field_strategy.py::TestSignedDistanceField::test_evaluate_scalar_boundary",
      "line": "ERROR tests/test_field_strategy.py::TestSignedDistanceField::test_evaluate_scalar_boundary"
    },
    {
      "test_name": "tests/test_field_strategy.py::TestSignedDistanceField::test_evaluate_vectorized",
      "line": "ERROR tests/test_field_strategy.py::TestSignedDistanceField::test_evaluate_vectorized"
    },
    {
      "test_name": "tests/test_field_strategy.py::TestSignedDistanceField::test_gradient_scalar",
      "line": "ERROR tests/test_field_strategy.py::TestSignedDistanceField::test_gradient_scalar"
    },
    {
      "test_name": "tests/test_field_strategy.py::TestSignedDistanceField::test_gradient_vectorized",
      "line": "ERROR tests/test_field_strategy.py::TestSignedDistanceField::test_gradient_vectorized"
    },
    {
      "test_name": "tests/test_field_strategy.py::TestSignedDistanceField::test_level_set",
      "line": "ERROR tests/test_field_strategy.py::TestSignedDistanceField::test_level_set"
    },
    {
      "test_name": "tests/test_field_strategy.py::TestSignedDistanceField::test_serialization",
      "line": "ERROR tests/test_field_strategy.py::TestSignedDistanceField::test_serialization"
    },
    {
      "test_name": "tests/test_field_strategy.py::TestOccupancyField::test_init",
      "line": "ERROR tests/test_field_strategy.py::TestOccupancyField::test_init - ValueErro..."
    },
    {
      "test_name": "tests/test_field_strategy.py::TestOccupancyField::test_evaluate_scalar_inside",
      "line": "ERROR tests/test_field_strategy.py::TestOccupancyField::test_evaluate_scalar_inside"
    },
    {
      "test_name": "tests/test_field_strategy.py::TestOccupancyField::test_evaluate_scalar_outside",
      "line": "ERROR tests/test_field_strategy.py::TestOccupancyField::test_evaluate_scalar_outside"
    },
    {
      "test_name": "tests/test_field_strategy.py::TestOccupancyField::test_evaluate_vectorized",
      "line": "ERROR tests/test_field_strategy.py::TestOccupancyField::test_evaluate_vectorized"
    },
    {
      "test_name": "tests/test_field_strategy.py::TestOccupancyField::test_gradient_scalar",
      "line": "ERROR tests/test_field_strategy.py::TestOccupancyField::test_gradient_scalar"
    },
    {
      "test_name": "tests/test_field_strategy.py::TestOccupancyField::test_gradient_vectorized",
      "line": "ERROR tests/test_field_strategy.py::TestOccupancyField::test_gradient_vectorized"
    },
    {
      "test_name": "tests/test_field_strategy.py::TestOccupancyField::test_level_set",
      "line": "ERROR tests/test_field_strategy.py::TestOccupancyField::test_level_set - Valu..."
    },
    {
      "test_name": "tests/test_field_strategy.py::TestOccupancyField::test_serialization",
      "line": "ERROR tests/test_field_strategy.py::TestOccupancyField::test_serialization - ..."
    },
    {
      "test_name": "tests/test_field_strategy.py::TestAreaRegionFieldIntegration::test_get_field_signed_distance",
      "line": "ERROR tests/test_field_strategy.py::TestAreaRegionFieldIntegration::test_get_field_signed_distance"
    },
    {
      "test_name": "tests/test_field_strategy.py::TestAreaRegionFieldIntegration::test_get_field_occupancy",
      "line": "ERROR tests/test_field_strategy.py::TestAreaRegionFieldIntegration::test_get_field_occupancy"
    },
    {
      "test_name": "tests/test_field_strategy.py::TestAreaRegionFieldIntegration::test_get_field_with_hole_signed_distance",
      "line": "ERROR tests/test_field_strategy.py::TestAreaRegionFieldIntegration::test_get_field_with_hole_signed_distance"
    },
    {
      "test_name": "tests/test_field_strategy.py::TestAreaRegionFieldIntegration::test_get_field_with_hole_occupancy",
      "line": "ERROR tests/test_field_strategy.py::TestAreaRegionFieldIntegration::test_get_field_with_hole_occupancy"
    },
    {
      "test_name": "tests/test_field_strategy.py::TestAreaRegionFieldIntegration::test_get_field_invalid_strategy",
      "line": "ERROR tests/test_field_strategy.py::TestAreaRegionFieldIntegration::test_get_field_invalid_strategy"
    }
  ],
  "total_failures": 122,
  "total_errors": 44
}