============================= test session starts =============================
platform win32 -- Python 3.10.11, pytest-8.3.5, pluggy-1.6.0 -- C:\Users\markb\AppData\Local\Programs\Python\Python310\python.exe
cachedir: .pytest_cache
rootdir: C:\repos\2Top
plugins: anyio-3.7.1, hydra-core-1.3.2, langsmith-0.3.18, mock-3.14.0
collecting ... collected 437 items

debug_circle_test.py::test_circle_hole PASSED                            [  0%]
debug_square_test.py::test_square_evaluation PASSED                      [  0%]
test_area_region_basic.py::test_basic_functionality PASSED               [  0%]
test_area_region_basic.py::test_region_with_hole PASSED                  [  0%]
test_plot_demo.py::test_plot_functionality PASSED                        [  1%]
tests/test_area_region.py::TestAreaRegionConstructor::test_constructor_with_valid_closed_boundary PASSED [  1%]
tests/test_area_region.py::TestAreaRegionConstructor::test_constructor_with_holes PASSED [  1%]
tests/test_area_region.py::TestAreaRegionConstructor::test_constructor_with_multiple_holes PASSED [  1%]
tests/test_area_region.py::TestAreaRegionConstructor::test_constructor_validates_outer_boundary_type PASSED [  2%]
tests/test_area_region.py::TestAreaRegionConstructor::test_constructor_validates_outer_boundary_closed PASSED [  2%]
tests/test_area_region.py::TestAreaRegionConstructor::test_constructor_validates_holes_type PASSED [  2%]
tests/test_area_region.py::TestAreaRegionConstructor::test_constructor_validates_hole_types PASSED [  2%]
tests/test_area_region.py::TestAreaRegionConstructor::test_constructor_validates_holes_closed PASSED [  2%]
tests/test_area_region.py::TestAreaRegionConstructor::test_constructor_copies_holes_list PASSED [  3%]
tests/test_area_region.py::TestAreaRegionContains::test_contains_simple_square_no_holes PASSED [  3%]
tests/test_area_region.py::TestAreaRegionContains::test_contains_square_with_circular_hole PASSED [  3%]
tests/test_area_region.py::TestAreaRegionContains::test_contains_multiple_holes PASSED [  3%]
tests/test_area_region.py::TestAreaRegionContains::test_contains_edge_cases PASSED [  4%]
tests/test_area_region.py::TestAreaRegionArea::test_area_simple_square PASSED [  4%]
tests/test_area_region.py::TestAreaRegionArea::test_area_square_with_hole PASSED [  4%]
tests/test_area_region.py::TestAreaRegionArea::test_area_multiple_holes PASSED [  4%]
tests/test_area_region.py::TestAreaRegionArea::test_area_no_holes PASSED [  5%]
tests/test_area_region.py::TestAreaRegionSerialization::test_to_dict_simple_region PASSED [  5%]
tests/test_area_region.py::TestAreaRegionSerialization::test_to_dict_region_with_holes PASSED [  5%]
tests/test_area_region.py::TestAreaRegionSerialization::test_from_dict_simple_region FAILED [  5%]
tests/test_area_region.py::TestAreaRegionSerialization::test_from_dict_region_with_holes FAILED [  5%]
tests/test_area_region.py::TestAreaRegionSerialization::test_from_dict_invalid_type PASSED [  6%]
tests/test_area_region.py::TestAreaRegionSerialization::test_serialization_round_trip PASSED [  6%]
tests/test_area_region.py::TestAreaRegionStringRepresentation::test_str_no_holes PASSED [  6%]
tests/test_area_region.py::TestAreaRegionStringRepresentation::test_str_with_holes PASSED [  6%]
tests/test_area_region.py::TestAreaRegionStringRepresentation::test_repr PASSED [  7%]
tests/test_base_field.py::TestBaseField::test_base_field_is_abstract PASSED [  7%]
tests/test_base_field.py::TestCurveField::test_init PASSED               [  7%]
tests/test_base_field.py::TestCurveField::test_init_invalid_curve PASSED [  7%]
tests/test_base_field.py::TestCurveField::test_evaluate_scalar PASSED    [  8%]
tests/test_base_field.py::TestCurveField::test_evaluate_vectorized PASSED [  8%]
tests/test_base_field.py::TestCurveField::test_gradient_scalar PASSED    [  8%]
tests/test_base_field.py::TestCurveField::test_gradient_vectorized PASSED [  8%]
tests/test_base_field.py::TestCurveField::test_level_set PASSED          [  8%]
tests/test_base_field.py::TestCurveField::test_serialization PASSED      [  9%]
tests/test_base_field.py::TestCurveField::test_from_dict_invalid_type PASSED [  9%]
tests/test_base_field.py::TestCurveField::test_with_different_curve_types PASSED [  9%]
tests/test_base_field.py::TestBlendedField::test_init_add PASSED         [  9%]
tests/test_base_field.py::TestBlendedField::test_init_invalid_operation PASSED [ 10%]
tests/test_base_field.py::TestBlendedField::test_init_insufficient_fields PASSED [ 10%]
tests/test_base_field.py::TestBlendedField::test_init_invalid_field_types PASSED [ 10%]
tests/test_base_field.py::TestBlendedField::test_evaluate_add PASSED     [ 10%]
tests/test_base_field.py::TestBlendedField::test_evaluate_subtract PASSED [ 10%]
tests/test_base_field.py::TestBlendedField::test_evaluate_multiply PASSED [ 11%]
tests/test_base_field.py::TestBlendedField::test_evaluate_divide PASSED  [ 11%]
tests/test_base_field.py::TestBlendedField::test_evaluate_min PASSED     [ 11%]
tests/test_base_field.py::TestBlendedField::test_evaluate_max PASSED     [ 11%]
tests/test_base_field.py::TestBlendedField::test_evaluate_average PASSED [ 12%]
tests/test_base_field.py::TestBlendedField::test_evaluate_vectorized PASSED [ 12%]
tests/test_base_field.py::TestBlendedField::test_gradient_analytical PASSED [ 12%]
tests/test_base_field.py::TestBlendedField::test_gradient_numerical_fallback PASSED [ 12%]
tests/test_base_field.py::TestBlendedField::test_level_set PASSED        [ 13%]
tests/test_base_field.py::TestBlendedField::test_serialization PASSED    [ 13%]
tests/test_base_field.py::TestBlendedField::test_from_dict_invalid_type PASSED [ 13%]
tests/test_base_field.py::TestBlendedField::test_multiple_fields PASSED  [ 13%]
tests/test_base_field.py::TestBlendedField::test_nested_blended_fields PASSED [ 13%]
tests/test_base_field.py::TestFieldEdgeCases::test_curve_field_with_complex_expression PASSED [ 14%]
tests/test_base_field.py::TestFieldEdgeCases::test_blended_field_division_by_zero PASSED [ 14%]
tests/test_base_field.py::TestFieldEdgeCases::test_field_evaluation_with_nan PASSED [ 14%]
tests/test_base_field.py::TestFieldEdgeCases::test_field_evaluation_with_infinity FAILED [ 14%]
tests/test_base_field.py::TestFieldPerformance::test_vectorized_vs_scalar_performance PASSED [ 15%]
tests/test_base_field.py::TestFieldPerformance::test_blended_field_performance PASSED [ 15%]
tests/test_composite_curve.py::TestCompositeCurveConstructor::test_constructor_inherits_from_implicit_curve PASSED [ 15%]
tests/test_composite_curve.py::TestCompositeCurveConstructor::test_constructor_with_various_segments PASSED [ 15%]
tests/test_composite_curve.py::TestCompositeCurveConstructor::test_constructor_parameter_validation PASSED [ 16%]
tests/test_composite_curve.py::TestCompositeCurveConstructor::test_constructor_preserves_segment_order PASSED [ 16%]
tests/test_composite_curve.py::TestCompositeCurveIsClosedMethod::test_is_closed_for_complete_circle PASSED [ 16%]
tests/test_composite_curve.py::TestCompositeCurveIsClosedMethod::test_is_closed_for_incomplete_circle PASSED [ 16%]
tests/test_composite_curve.py::TestCompositeCurveIsClosedMethod::test_is_closed_for_single_segment PASSED [ 16%]
tests/test_composite_curve.py::TestCompositeCurveIsClosedMethod::test_is_closed_connectivity_tolerance PASSED [ 17%]
tests/test_composite_curve.py::TestCompositeCurveIsClosedMethod::test_is_closed_with_gaps PASSED [ 17%]
tests/test_composite_curve.py::TestCompositeCurveContainsMethod::test_contains_points_on_each_segment PASSED [ 17%]
tests/test_composite_curve.py::TestCompositeCurveContainsMethod::test_contains_points_not_on_curve PASSED [ 17%]
tests/test_composite_curve.py::TestCompositeCurveContainsMethod::test_contains_with_partial_segments PASSED [ 18%]
tests/test_composite_curve.py::TestCompositeCurveContainsMethod::test_contains_vectorized_input PASSED [ 18%]
tests/test_composite_curve.py::TestCompositeCurveContainsMethod::test_contains_tolerance_handling PASSED [ 18%]
tests/test_composite_curve.py::TestCompositeCurveInheritedMethods::test_evaluate_method_inherited PASSED [ 18%]
tests/test_composite_curve.py::TestCompositeCurveInheritedMethods::test_gradient_method_inherited PASSED [ 18%]
tests/test_composite_curve.py::TestCompositeCurveInheritedMethods::test_variables_property_inherited PASSED [ 19%]
tests/test_composite_curve.py::TestCompositeCurveInheritedMethods::test_plot_method_inherited PASSED [ 19%]
tests/test_composite_curve.py::TestCompositeCurveSpecializedMethods::test_property_access PASSED [ 19%]
tests/test_composite_curve.py::TestCompositeCurveSpecializedMethods::test_string_representations PASSED [ 19%]
tests/test_composite_curve.py::TestCompositeCurveSpecializedMethods::test_segment_count PASSED [ 20%]
tests/test_composite_curve.py::TestCompositeCurveConnectivity::test_connected_square_is_closed PASSED [ 20%]
tests/test_composite_curve.py::TestCompositeCurveConnectivity::test_disconnected_segments_not_closed PASSED [ 20%]
tests/test_composite_curve.py::TestCompositeCurveConnectivity::test_segment_endpoints PASSED [ 20%]
tests/test_composite_curve.py::TestCompositeCurveEdgeCases::test_single_segment_composite PASSED [ 21%]
tests/test_composite_curve.py::TestCompositeCurveEdgeCases::test_identical_segments PASSED [ 21%]
tests/test_composite_curve.py::TestCompositeCurveEdgeCases::test_overlapping_segments PASSED [ 21%]
tests/test_conic_section.py::TestConicSectionConstructor::test_constructor_inherits_from_implicit_curve PASSED [ 21%]
tests/test_conic_section.py::TestConicSectionConstructor::test_constructor_with_degree_2_polynomial PASSED [ 21%]
tests/test_conic_section.py::TestConicSectionConstructor::test_constructor_with_non_degree_2_polynomial_warning PASSED [ 22%]
tests/test_conic_section.py::TestConicSectionConicType::test_conic_type_circle PASSED [ 22%]
tests/test_conic_section.py::TestConicSectionConicType::test_conic_type_ellipse PASSED [ 22%]
tests/test_conic_section.py::TestConicSectionConicType::test_conic_type_parabola PASSED [ 22%]
tests/test_conic_section.py::TestConicSectionConicType::test_conic_type_hyperbola PASSED [ 23%]
tests/test_conic_section.py::TestConicSectionConicType::test_conic_type_degenerate_cases PASSED [ 23%]
tests/test_conic_section.py::TestConicSectionConicType::test_conic_type_rotated_conic PASSED [ 23%]
tests/test_conic_section.py::TestConicSectionConicType::test_conic_type_returns_string PASSED [ 23%]
tests/test_conic_section.py::TestConicSectionDegree::test_degree_always_returns_2 PASSED [ 24%]
tests/test_conic_section.py::TestConicSectionDegree::test_degree_returns_integer PASSED [ 24%]
tests/test_conic_section.py::TestConicSectionInheritedMethods::test_evaluate_method_inherited PASSED [ 24%]
tests/test_conic_section.py::TestConicSectionInheritedMethods::test_gradient_method_inherited PASSED [ 24%]
tests/test_conic_section.py::TestConicSectionInheritedMethods::test_normal_method_inherited PASSED [ 24%]
tests/test_conic_section.py::TestConicSectionSerialization::test_to_dict_has_conic_section_type PASSED [ 25%]
tests/test_conic_section.py::TestConicSectionSerialization::test_from_dict_reconstruction PASSED [ 25%]
tests/test_conic_section.py::TestConicSectionSerialization::test_serialization_round_trip_functional_equivalence PASSED [ 25%]
tests/test_conic_section.py::TestConicSectionSerialization::test_from_dict_invalid_type_handling PASSED [ 25%]
tests/test_conic_section.py::TestConicSectionSpecializedMethods::test_str_representation PASSED [ 26%]
tests/test_conic_section.py::TestConicSectionSpecializedMethods::test_repr_representation PASSED [ 26%]
tests/test_field_strategy.py::TestFieldStrategyBase::test_field_strategy_is_abstract PASSED [ 26%]
tests/test_field_strategy.py::TestSignedDistanceStrategy::test_init_default PASSED [ 26%]
tests/test_field_strategy.py::TestSignedDistanceStrategy::test_init_custom_resolution PASSED [ 27%]
tests/test_field_strategy.py::TestSignedDistanceStrategy::test_init_invalid_resolution PASSED [ 27%]
tests/test_field_strategy.py::TestSignedDistanceStrategy::test_generate_field PASSED [ 27%]
tests/test_field_strategy.py::TestSignedDistanceStrategy::test_serialization PASSED [ 27%]
tests/test_field_strategy.py::TestSignedDistanceStrategy::test_from_dict_invalid_type PASSED [ 27%]
tests/test_field_strategy.py::TestSignedDistanceStrategy::test_from_dict_missing_resolution PASSED [ 28%]
tests/test_field_strategy.py::TestOccupancyFillStrategy::test_init_default PASSED [ 28%]
tests/test_field_strategy.py::TestOccupancyFillStrategy::test_init_custom_values PASSED [ 28%]
tests/test_field_strategy.py::TestOccupancyFillStrategy::test_generate_field PASSED [ 28%]
tests/test_field_strategy.py::TestOccupancyFillStrategy::test_serialization PASSED [ 29%]
tests/test_field_strategy.py::TestOccupancyFillStrategy::test_from_dict_invalid_type PASSED [ 29%]
tests/test_field_strategy.py::TestOccupancyFillStrategy::test_from_dict_missing_values PASSED [ 29%]
tests/test_field_strategy.py::TestSignedDistanceField::test_init PASSED  [ 29%]
tests/test_field_strategy.py::TestSignedDistanceField::test_evaluate_scalar_inside PASSED [ 29%]
tests/test_field_strategy.py::TestSignedDistanceField::test_evaluate_scalar_outside PASSED [ 30%]
tests/test_field_strategy.py::TestSignedDistanceField::test_evaluate_scalar_boundary PASSED [ 30%]
tests/test_field_strategy.py::TestSignedDistanceField::test_evaluate_vectorized FAILED [ 30%]
tests/test_field_strategy.py::TestSignedDistanceField::test_gradient_scalar PASSED [ 30%]
tests/test_field_strategy.py::TestSignedDistanceField::test_gradient_vectorized PASSED [ 31%]
tests/test_field_strategy.py::TestSignedDistanceField::test_level_set PASSED [ 31%]
tests/test_field_strategy.py::TestSignedDistanceField::test_serialization PASSED [ 31%]
tests/test_field_strategy.py::TestSignedDistanceField::test_from_dict_invalid_type PASSED [ 31%]
tests/test_field_strategy.py::TestOccupancyField::test_init PASSED       [ 32%]
tests/test_field_strategy.py::TestOccupancyField::test_evaluate_scalar_inside PASSED [ 32%]
tests/test_field_strategy.py::TestOccupancyField::test_evaluate_scalar_outside PASSED [ 32%]
tests/test_field_strategy.py::TestOccupancyField::test_evaluate_vectorized FAILED [ 32%]
tests/test_field_strategy.py::TestOccupancyField::test_gradient_scalar PASSED [ 32%]
tests/test_field_strategy.py::TestOccupancyField::test_gradient_vectorized PASSED [ 33%]
tests/test_field_strategy.py::TestOccupancyField::test_level_set PASSED  [ 33%]
tests/test_field_strategy.py::TestOccupancyField::test_serialization PASSED [ 33%]
tests/test_field_strategy.py::TestOccupancyField::test_from_dict_invalid_type PASSED [ 33%]
tests/test_field_strategy.py::TestAreaRegionFieldIntegration::test_get_field_signed_distance PASSED [ 34%]
tests/test_field_strategy.py::TestAreaRegionFieldIntegration::test_get_field_occupancy PASSED [ 34%]
tests/test_field_strategy.py::TestAreaRegionFieldIntegration::test_get_field_with_hole_signed_distance PASSED [ 34%]
tests/test_field_strategy.py::TestAreaRegionFieldIntegration::test_get_field_with_hole_occupancy PASSED [ 34%]
tests/test_field_strategy.py::TestAreaRegionFieldIntegration::test_get_field_invalid_strategy PASSED [ 35%]
tests/test_field_strategy.py::TestFieldStrategyEdgeCases::test_signed_distance_field_empty_boundary PASSED [ 35%]
tests/test_field_strategy.py::TestFieldStrategyEdgeCases::test_field_evaluation_extreme_coordinates FAILED [ 35%]
tests/test_field_strategy.py::TestFieldStrategyEdgeCases::test_field_evaluation_nan_coordinates PASSED [ 35%]
tests/test_field_strategy.py::TestFieldStrategyPerformance::test_vectorized_evaluation_performance FAILED [ 35%]
tests/test_implicit_curve.py::TestImplicitCurveConstructor::test_constructor_with_valid_sympy_expr PASSED [ 36%]
tests/test_implicit_curve.py::TestImplicitCurveConstructor::test_constructor_with_default_variables PASSED [ 36%]
tests/test_implicit_curve.py::TestImplicitCurveConstructor::test_constructor_with_invalid_expression_type PASSED [ 36%]
tests/test_implicit_curve.py::TestImplicitCurveConstructor::test_constructor_with_invalid_expression_none PASSED [ 36%]
tests/test_implicit_curve.py::TestImplicitCurveConstructor::test_constructor_with_wrong_number_of_variables PASSED [ 37%]
tests/test_implicit_curve.py::TestImplicitCurveEvaluate::test_evaluate_scalar_input_on_curve PASSED [ 37%]
tests/test_implicit_curve.py::TestImplicitCurveEvaluate::test_evaluate_scalar_input_inside_curve PASSED [ 37%]
tests/test_implicit_curve.py::TestImplicitCurveEvaluate::test_evaluate_scalar_input_outside_curve PASSED [ 37%]
tests/test_implicit_curve.py::TestImplicitCurveEvaluate::test_evaluate_numpy_array_input PASSED [ 37%]
tests/test_implicit_curve.py::TestImplicitCurveEvaluate::test_evaluate_2d_numpy_array_input FAILED [ 38%]
tests/test_implicit_curve.py::TestImplicitCurveEvaluate::test_evaluate_mixed_scalar_array_input PASSED [ 38%]
tests/test_implicit_curve.py::TestImplicitCurveEvaluate::test_evaluate_performance_with_large_arrays PASSED [ 38%]
tests/test_implicit_curve.py::TestImplicitCurveGradient::test_gradient_circle_at_known_points PASSED [ 38%]
tests/test_implicit_curve.py::TestImplicitCurveGradient::test_gradient_line_constant PASSED [ 39%]
tests/test_implicit_curve.py::TestImplicitCurveGradient::test_gradient_parabola_variable PASSED [ 39%]
tests/test_implicit_curve.py::TestImplicitCurveGradient::test_gradient_returns_floats PASSED [ 39%]
tests/test_implicit_curve.py::TestImplicitCurveGradient::test_gradient_zero_at_origin_for_centered_curve PASSED [ 39%]
tests/test_implicit_curve.py::TestImplicitCurveNormal::test_normal_is_unit_length PASSED [ 40%]
tests/test_implicit_curve.py::TestImplicitCurveNormal::test_normal_direction_circle PASSED [ 40%]
tests/test_implicit_curve.py::TestImplicitCurveNormal::test_normal_direction_line PASSED [ 40%]
tests/test_implicit_curve.py::TestImplicitCurveNormal::test_normal_returns_floats PASSED [ 40%]
tests/test_implicit_curve.py::TestImplicitCurveNormal::test_normal_raises_error_for_zero_gradient PASSED [ 40%]
tests/test_implicit_curve.py::TestImplicitCurveNormal::test_normal_consistent_with_gradient PASSED [ 41%]
tests/test_implicit_curve.py::TestImplicitCurveSerialization::test_to_dict_basic_structure PASSED [ 41%]
tests/test_implicit_curve.py::TestImplicitCurveSerialization::test_to_dict_expression_serialization PASSED [ 41%]
tests/test_implicit_curve.py::TestImplicitCurveSerialization::test_from_dict_basic_reconstruction PASSED [ 41%]
tests/test_implicit_curve.py::TestImplicitCurveSerialization::test_round_trip_functional_equivalence PASSED [ 42%]
tests/test_implicit_curve.py::TestImplicitCurveSerialization::test_round_trip_gradient_equivalence PASSED [ 42%]
tests/test_implicit_curve.py::TestImplicitCurveSerialization::test_round_trip_normal_equivalence PASSED [ 42%]
tests/test_implicit_curve.py::TestImplicitCurveSerialization::test_from_dict_invalid_data_handling FAILED [ 42%]
tests/test_implicit_curve.py::TestImplicitCurveSerialization::test_custom_variables_serialization PASSED [ 43%]
tests/test_implicit_curve.py::TestImplicitCurveSerialization::test_serialization_with_complex_expressions PASSED [ 43%]
tests/test_polynomial_curve.py::TestPolynomialCurveConstructor::test_constructor_inherits_from_implicit_curve PASSED [ 43%]
tests/test_polynomial_curve.py::TestPolynomialCurveConstructor::test_constructor_with_various_polynomial_degrees PASSED [ 43%]
tests/test_polynomial_curve.py::TestPolynomialCurveConstructor::test_constructor_with_non_polynomial_expression PASSED [ 43%]
tests/test_polynomial_curve.py::TestPolynomialCurveDegree::test_degree_linear_polynomial PASSED [ 44%]
tests/test_polynomial_curve.py::TestPolynomialCurveDegree::test_degree_quadratic_polynomial PASSED [ 44%]
tests/test_polynomial_curve.py::TestPolynomialCurveDegree::test_degree_cubic_polynomial PASSED [ 44%]
tests/test_polynomial_curve.py::TestPolynomialCurveDegree::test_degree_quartic_polynomial PASSED [ 44%]
tests/test_polynomial_curve.py::TestPolynomialCurveDegree::test_degree_higher_degree_polynomial PASSED [ 45%]
tests/test_polynomial_curve.py::TestPolynomialCurveDegree::test_degree_constant_polynomial PASSED [ 45%]
tests/test_polynomial_curve.py::TestPolynomialCurveDegree::test_degree_mixed_terms_polynomial PASSED [ 45%]
tests/test_polynomial_curve.py::TestPolynomialCurveDegree::test_degree_returns_integer PASSED [ 45%]
tests/test_polynomial_curve.py::TestPolynomialCurveDegree::test_degree_non_polynomial_expressions PASSED [ 45%]
tests/test_polynomial_curve.py::TestPolynomialCurveInheritedMethods::test_evaluate_method_inherited PASSED [ 46%]
tests/test_polynomial_curve.py::TestPolynomialCurveInheritedMethods::test_gradient_method_inherited PASSED [ 46%]
tests/test_polynomial_curve.py::TestPolynomialCurveInheritedMethods::test_normal_method_inherited PASSED [ 46%]
tests/test_polynomial_curve.py::TestPolynomialCurveSerialization::test_to_dict_has_polynomial_curve_type PASSED [ 46%]
tests/test_polynomial_curve.py::TestPolynomialCurveSerialization::test_to_dict_includes_degree_info PASSED [ 47%]
tests/test_polynomial_curve.py::TestPolynomialCurveSerialization::test_from_dict_reconstruction PASSED [ 47%]
tests/test_polynomial_curve.py::TestPolynomialCurveSerialization::test_serialization_round_trip_functional_equivalence PASSED [ 47%]
tests/test_polynomial_curve.py::TestPolynomialCurveSerialization::test_from_dict_invalid_type_handling PASSED [ 47%]
tests/test_polynomial_curve.py::TestPolynomialCurveSpecializedMethods::test_str_representation PASSED [ 48%]
tests/test_polynomial_curve.py::TestPolynomialCurveSpecializedMethods::test_repr_representation PASSED [ 48%]
tests/test_procedural_curve.py::TestProceduralCurveConstructor::test_constructor_inherits_from_implicit_curve PASSED [ 48%]
tests/test_procedural_curve.py::TestProceduralCurveConstructor::test_constructor_with_lambda_function PASSED [ 48%]
tests/test_procedural_curve.py::TestProceduralCurveConstructor::test_constructor_with_regular_function PASSED [ 48%]
tests/test_procedural_curve.py::TestProceduralCurveConstructor::test_constructor_with_custom_variables PASSED [ 49%]
tests/test_procedural_curve.py::TestProceduralCurveConstructor::test_constructor_with_function_name PASSED [ 49%]
tests/test_procedural_curve.py::TestProceduralCurveConstructor::test_constructor_validation PASSED [ 49%]
tests/test_procedural_curve.py::TestProceduralCurveEvaluation::test_evaluate_scalar_inputs PASSED [ 49%]
tests/test_procedural_curve.py::TestProceduralCurveEvaluation::test_evaluate_vectorized_inputs FAILED [ 50%]
tests/test_procedural_curve.py::TestProceduralCurveEvaluation::test_evaluate_mixed_array_shapes FAILED [ 50%]
tests/test_procedural_curve.py::TestProceduralCurveEvaluation::test_evaluate_function_with_numpy_operations PASSED [ 50%]
tests/test_procedural_curve.py::TestProceduralCurveEvaluation::test_evaluate_consistency_with_direct_call PASSED [ 50%]
tests/test_procedural_curve.py::TestProceduralCurveGradient::test_gradient_scalar_inputs PASSED [ 51%]
tests/test_procedural_curve.py::TestProceduralCurveGradient::test_gradient_vectorized_inputs FAILED [ 51%]
tests/test_procedural_curve.py::TestProceduralCurveGradient::test_gradient_accuracy_comparison PASSED [ 51%]
tests/test_procedural_curve.py::TestProceduralCurveGradient::test_gradient_finite_difference_parameters PASSED [ 51%]
tests/test_procedural_curve.py::TestProceduralCurveGradient::test_gradient_with_complex_functions PASSED [ 51%]
tests/test_procedural_curve.py::TestProceduralCurveSerialization::test_to_dict_contains_placeholder FAILED [ 52%]
tests/test_procedural_curve.py::TestProceduralCurveSerialization::test_to_dict_descriptive_information PASSED [ 52%]
tests/test_procedural_curve.py::TestProceduralCurveSerialization::test_from_dict_creates_placeholder_object PASSED [ 52%]
tests/test_procedural_curve.py::TestProceduralCurveSerialization::test_serialization_round_trip_limitation PASSED [ 52%]
tests/test_procedural_curve.py::TestProceduralCurveSerialization::test_serialization_error_handling PASSED [ 53%]
tests/test_procedural_curve.py::TestProceduralCurveSerialization::test_serialization_documentation_compliance FAILED [ 53%]
tests/test_procedural_curve.py::TestProceduralCurveInheritedMethods::test_normal_method_inherited PASSED [ 53%]
tests/test_procedural_curve.py::TestProceduralCurveInheritedMethods::test_variables_property_inherited PASSED [ 53%]
tests/test_procedural_curve.py::TestProceduralCurveInheritedMethods::test_expression_property_behavior PASSED [ 54%]
tests/test_procedural_curve.py::TestProceduralCurveInheritedMethods::test_plot_method_inherited PASSED [ 54%]
tests/test_procedural_curve.py::TestProceduralCurveSpecializedMethods::test_function_property_access PASSED [ 54%]
tests/test_procedural_curve.py::TestProceduralCurveSpecializedMethods::test_name_property_access PASSED [ 54%]
tests/test_procedural_curve.py::TestProceduralCurveSpecializedMethods::test_string_representations PASSED [ 54%]
tests/test_procedural_curve.py::TestProceduralCurveSpecializedMethods::test_function_signature_validation PASSED [ 55%]
tests/test_rfunction_curve.py::TestRFunctionCurveConstructor::test_constructor_inherits_from_implicit_curve PASSED [ 55%]
tests/test_rfunction_curve.py::TestRFunctionCurveConstructor::test_constructor_with_various_operations PASSED [ 55%]
tests/test_rfunction_curve.py::TestRFunctionCurveConstructor::test_constructor_with_different_curve_types PASSED [ 55%]
tests/test_rfunction_curve.py::TestRFunctionCurveConstructor::test_constructor_parameter_validation PASSED [ 56%]
tests/test_rfunction_curve.py::TestRFunctionCurveSharpOperations::test_sharp_union_evaluation PASSED [ 56%]
tests/test_rfunction_curve.py::TestRFunctionCurveSharpOperations::test_sharp_intersection_evaluation PASSED [ 56%]
tests/test_rfunction_curve.py::TestRFunctionCurveSharpOperations::test_sharp_difference_evaluation PASSED [ 56%]
tests/test_rfunction_curve.py::TestRFunctionCurveSharpOperations::test_vectorized_sharp_operations PASSED [ 56%]
tests/test_rfunction_curve.py::TestRFunctionCurveSmoothBlending::test_smooth_blend_evaluation PASSED [ 57%]
tests/test_rfunction_curve.py::TestRFunctionCurveSmoothBlending::test_smooth_blend_continuity PASSED [ 57%]
tests/test_rfunction_curve.py::TestRFunctionCurveSmoothBlending::test_smooth_blend_alpha_effect PASSED [ 57%]
tests/test_rfunction_curve.py::TestRFunctionCurveSmoothBlending::test_smooth_blend_approaches_sharp_operations PASSED [ 57%]
tests/test_rfunction_curve.py::TestRFunctionCurveGradient::test_gradient_computation PASSED [ 58%]
tests/test_rfunction_curve.py::TestRFunctionCurveGradient::test_gradient_vectorized PASSED [ 58%]
tests/test_rfunction_curve.py::TestRFunctionCurveInheritedMethods::test_normal_method_inherited FAILED [ 58%]
tests/test_rfunction_curve.py::TestRFunctionCurveInheritedMethods::test_variables_property_inherited PASSED [ 58%]
tests/test_rfunction_curve.py::TestRFunctionCurveInheritedMethods::test_plot_method_inherited PASSED [ 59%]
tests/test_rfunction_curve.py::TestRFunctionCurveSerialization::test_serialization_round_trip_union PASSED [ 59%]
tests/test_rfunction_curve.py::TestRFunctionCurveSerialization::test_serialization_round_trip_blend PASSED [ 59%]
tests/test_rfunction_curve.py::TestRFunctionCurveSpecializedMethods::test_property_access PASSED [ 59%]
tests/test_rfunction_curve.py::TestRFunctionCurveSpecializedMethods::test_string_representations PASSED [ 59%]
tests/test_sprint2_regression.py::TestSprint2InterfaceConsistency::test_both_inherit_from_implicit_curve PASSED [ 60%]
tests/test_sprint2_regression.py::TestSprint2InterfaceConsistency::test_evaluate_method_consistency PASSED [ 60%]
tests/test_sprint2_regression.py::TestSprint2InterfaceConsistency::test_gradient_method_consistency PASSED [ 60%]
tests/test_sprint2_regression.py::TestSprint2InterfaceConsistency::test_normal_method_consistency PASSED [ 60%]
tests/test_sprint2_regression.py::TestSprint2InterfaceConsistency::test_degree_consistency_for_quadratics PASSED [ 61%]
tests/test_sprint2_regression.py::TestSprint2SerializationCompatibility::test_serialization_type_specificity PASSED [ 61%]
tests/test_sprint2_regression.py::TestSprint2SerializationCompatibility::test_cross_class_serialization_compatibility PASSED [ 61%]
tests/test_sprint2_regression.py::TestSprint2SerializationCompatibility::test_serialization_round_trip_all_classes PASSED [ 61%]
tests/test_sprint2_regression.py::TestSprint2SpecializedMethods::test_conic_section_type_classification PASSED [ 62%]
tests/test_sprint2_regression.py::TestSprint2SpecializedMethods::test_conic_section_degree_always_two PASSED [ 62%]
tests/test_sprint2_regression.py::TestSprint2SpecializedMethods::test_polynomial_curve_degree_computation PASSED [ 62%]
tests/test_sprint2_regression.py::TestSprint2SpecializedMethods::test_specialized_serialization_data PASSED [ 62%]
tests/test_sprint2_regression.py::TestSprint2EdgeCases::test_conic_section_with_degenerate_cases PASSED [ 62%]
tests/test_sprint2_regression.py::TestSprint2EdgeCases::test_polynomial_curve_with_constant PASSED [ 63%]
tests/test_sprint2_regression.py::TestSprint2EdgeCases::test_polynomial_curve_with_non_polynomial PASSED [ 63%]
tests/test_sprint2_regression.py::TestSprint2EdgeCases::test_serialization_error_handling FAILED [ 63%]
tests/test_sprint2_regression.py::TestSprint2Performance::test_vectorized_evaluation PASSED [ 63%]
tests/test_sprint2_regression.py::TestSprint2Performance::test_caching_behavior PASSED [ 64%]
tests/test_sprint3_regression.py::TestSprint3InterfaceConsistency::test_all_inherit_from_implicit_curve PASSED [ 64%]
tests/test_sprint3_regression.py::TestSprint3InterfaceConsistency::test_evaluate_method_consistency PASSED [ 64%]
tests/test_sprint3_regression.py::TestSprint3InterfaceConsistency::test_gradient_method_consistency PASSED [ 64%]
tests/test_sprint3_regression.py::TestSprint3SerializationBehavior::test_superellipse_serialization_completeness PASSED [ 64%]
tests/test_sprint3_regression.py::TestSprint3SerializationBehavior::test_procedural_curve_serialization_limitations PASSED [ 65%]
tests/test_sprint3_regression.py::TestSprint3SerializationBehavior::test_cross_class_serialization_type_specificity PASSED [ 65%]
tests/test_sprint3_regression.py::TestSprint3SpecializedFeatures::test_superellipse_shape_classification PASSED [ 65%]
tests/test_sprint3_regression.py::TestSprint3SpecializedFeatures::test_superellipse_parameter_access PASSED [ 65%]
tests/test_sprint3_regression.py::TestSprint3SpecializedFeatures::test_superellipse_gradient_handling PASSED [ 66%]
tests/test_sprint3_regression.py::TestSprint3SpecializedFeatures::test_procedural_curve_function_access PASSED [ 66%]
tests/test_sprint3_regression.py::TestSprint3SpecializedFeatures::test_procedural_curve_numerical_gradient_accuracy PASSED [ 66%]
tests/test_sprint3_regression.py::TestSprint3EdgeCases::test_superellipse_parameter_validation PASSED [ 66%]
tests/test_sprint3_regression.py::TestSprint3EdgeCases::test_superellipse_extreme_parameters PASSED [ 67%]
tests/test_sprint3_regression.py::TestSprint3EdgeCases::test_procedural_curve_function_validation PASSED [ 67%]
tests/test_sprint3_regression.py::TestSprint3EdgeCases::test_procedural_curve_function_errors PASSED [ 67%]
tests/test_sprint3_regression.py::TestSprint3VectorizedOperations::test_superellipse_vectorized_evaluation PASSED [ 67%]
tests/test_sprint3_regression.py::TestSprint3VectorizedOperations::test_superellipse_vectorized_gradient FAILED [ 67%]
tests/test_sprint3_regression.py::TestSprint3VectorizedOperations::test_procedural_curve_vectorized_evaluation FAILED [ 68%]
tests/test_sprint3_regression.py::TestSprint3VectorizedOperations::test_procedural_curve_vectorized_gradient FAILED [ 68%]
tests/test_sprint4_regression.py::TestRFunctionCurveInterfaceConsistency::test_all_curves_inherit_from_implicit_curve PASSED [ 68%]
tests/test_sprint4_regression.py::TestRFunctionCurveInterfaceConsistency::test_all_curves_have_required_methods PASSED [ 68%]
tests/test_sprint4_regression.py::TestRFunctionCurveInterfaceConsistency::test_all_curves_have_required_properties PASSED [ 69%]
tests/test_sprint4_regression.py::TestRFunctionCurveInterfaceConsistency::test_evaluate_method_consistency PASSED [ 69%]
tests/test_sprint4_regression.py::TestRFunctionCurveInterfaceConsistency::test_gradient_method_consistency PASSED [ 69%]
tests/test_sprint4_regression.py::TestRFunctionCurveInterfaceConsistency::test_vectorized_evaluation_consistency PASSED [ 69%]
tests/test_sprint4_regression.py::TestRFunctionCurveInterfaceConsistency::test_serialization_consistency PASSED [ 70%]
tests/test_sprint4_regression.py::TestConstructiveGeometryOperations::test_union_operations_all_combinations PASSED [ 70%]
tests/test_sprint4_regression.py::TestConstructiveGeometryOperations::test_intersection_operations_all_combinations PASSED [ 70%]
tests/test_sprint4_regression.py::TestConstructiveGeometryOperations::test_difference_operations_all_combinations PASSED [ 70%]
tests/test_sprint4_regression.py::TestConstructiveGeometryOperations::test_blend_operations_all_combinations PASSED [ 70%]
tests/test_sprint4_regression.py::TestWrapperFunctionEquivalence::test_union_wrapper_equivalence PASSED [ 71%]
tests/test_sprint4_regression.py::TestWrapperFunctionEquivalence::test_intersect_wrapper_equivalence PASSED [ 71%]
tests/test_sprint4_regression.py::TestWrapperFunctionEquivalence::test_difference_wrapper_equivalence PASSED [ 71%]
tests/test_sprint4_regression.py::TestWrapperFunctionEquivalence::test_blend_wrapper_equivalence PASSED [ 71%]
tests/test_sprint4_regression.py::TestNestedConstructiveOperations::test_nested_union_intersection PASSED [ 72%]
tests/test_sprint4_regression.py::TestNestedConstructiveOperations::test_nested_blend_operations PASSED [ 72%]
tests/test_sprint4_regression.py::TestNestedConstructiveOperations::test_complex_nested_structure PASSED [ 72%]
tests/test_sprint4_regression.py::TestRFunctionCurveEdgeCases::test_identical_curves_union PASSED [ 72%]
tests/test_sprint4_regression.py::TestRFunctionCurveEdgeCases::test_very_small_alpha_blend PASSED [ 72%]
tests/test_sprint4_regression.py::TestRFunctionCurveEdgeCases::test_large_alpha_blend PASSED [ 73%]
tests/test_sprint4_regression.py::TestRFunctionCurveEdgeCases::test_gradient_at_blend_boundaries PASSED [ 73%]
tests/test_sprint5_edge_cases.py::TestVectorizedScalarHandling::test_scalar_input_types PASSED [ 73%]
tests/test_sprint5_edge_cases.py::TestVectorizedScalarHandling::test_mixed_array_scalar_inputs PASSED [ 73%]
tests/test_sprint5_edge_cases.py::TestVectorizedScalarHandling::test_empty_arrays PASSED [ 74%]
tests/test_sprint5_edge_cases.py::TestVectorizedScalarHandling::test_large_arrays PASSED [ 74%]
tests/test_sprint5_edge_cases.py::TestUtilityFunctionRobustness::test_create_circle_edge_cases PASSED [ 74%]
tests/test_sprint5_edge_cases.py::TestUtilityFunctionRobustness::test_create_square_edge_cases PASSED [ 74%]
tests/test_sprint5_edge_cases.py::TestMixedCurveTypeInteractions::test_mixed_composite_creation PASSED [ 75%]
tests/test_sprint5_edge_cases.py::TestMixedCurveTypeInteractions::test_mixed_composite_vectorized PASSED [ 75%]
tests/test_sprint5_edge_cases.py::TestErrorHandlingAndBoundaryConditions::test_invalid_mask_functions PASSED [ 75%]
tests/test_sprint5_edge_cases.py::TestErrorHandlingAndBoundaryConditions::test_nan_inf_inputs FAILED [ 75%]
tests/test_sprint5_edge_cases.py::TestErrorHandlingAndBoundaryConditions::test_extreme_values PASSED [ 75%]
tests/test_sprint5_edge_cases.py::TestErrorHandlingAndBoundaryConditions::test_empty_composite_error PASSED [ 76%]
tests/test_sprint5_edge_cases.py::TestErrorHandlingAndBoundaryConditions::test_invalid_segment_types PASSED [ 76%]
tests/test_sprint5_edge_cases.py::TestMemoryAndPerformance::test_large_composite_creation PASSED [ 76%]
tests/test_sprint5_edge_cases.py::TestMemoryAndPerformance::test_nested_composite_serialization PASSED [ 76%]
tests/test_sprint5_edge_cases.py::TestMemoryAndPerformance::test_memory_cleanup PASSED [ 77%]
tests/test_sprint5_edge_cases.py::TestSpecialCases::test_degenerate_masks FAILED [ 77%]
tests/test_sprint5_edge_cases.py::TestSpecialCases::test_boundary_conditions PASSED [ 77%]
tests/test_sprint5_edge_cases.py::TestSpecialCases::test_gradient_singularities PASSED [ 77%]
tests/test_sprint5_expression_compatibility.py::TestExpressionTypeHandling::test_composite_with_different_expression_types PASSED [ 78%]
tests/test_sprint5_expression_compatibility.py::TestExpressionTypeHandling::test_composite_with_procedural_curves PASSED [ 78%]
tests/test_sprint5_expression_compatibility.py::TestExpressionTypeHandling::test_expression_placeholder_handling PASSED [ 78%]
tests/test_sprint5_expression_compatibility.py::TestUtilityFunctionExpressionHandling::test_create_circle_expression_types PASSED [ 78%]
tests/test_sprint5_expression_compatibility.py::TestUtilityFunctionExpressionHandling::test_create_square_expression_types PASSED [ 78%]
tests/test_sprint5_expression_compatibility.py::TestUtilityFunctionExpressionHandling::test_utility_function_edge_coordinates PASSED [ 79%]
tests/test_sprint5_expression_compatibility.py::TestSerializationExpressionHandling::test_complex_expression_serialization PASSED [ 79%]
tests/test_sprint5_expression_compatibility.py::TestSerializationExpressionHandling::test_composite_complex_expression_serialization PASSED [ 79%]
tests/test_sprint5_expression_compatibility.py::TestMixedTypeOperations::test_mixed_type_composite_evaluation PASSED [ 79%]
tests/test_sprint5_expression_compatibility.py::TestMixedTypeOperations::test_mixed_type_vectorized_operations PASSED [ 80%]
tests/test_sprint5_expression_compatibility.py::TestRobustnessUnderStress::test_deeply_nested_operations PASSED [ 80%]
tests/test_sprint5_expression_compatibility.py::TestRobustnessUnderStress::test_extreme_parameter_values PASSED [ 80%]
tests/test_sprint5_expression_compatibility.py::TestRobustnessUnderStress::test_memory_intensive_operations PASSED [ 80%]
tests/test_sprint5_regression.py::TestTrimmedImplicitCurveInterfaceConsistency::test_inheritance_from_implicit_curve PASSED [ 81%]
tests/test_sprint5_regression.py::TestTrimmedImplicitCurveInterfaceConsistency::test_evaluate_method_consistency PASSED [ 81%]
tests/test_sprint5_regression.py::TestTrimmedImplicitCurveInterfaceConsistency::test_gradient_method_consistency PASSED [ 81%]
tests/test_sprint5_regression.py::TestTrimmedImplicitCurveInterfaceConsistency::test_normal_method_consistency PASSED [ 81%]
tests/test_sprint5_regression.py::TestTrimmedImplicitCurveInterfaceConsistency::test_vectorized_operations PASSED [ 81%]
tests/test_sprint5_regression.py::TestTrimmedImplicitCurveInterfaceConsistency::test_serialization_interface PASSED [ 82%]
tests/test_sprint5_regression.py::TestTrimmedImplicitCurveInterfaceConsistency::test_plotting_interface FAILED [ 82%]
tests/test_sprint5_regression.py::TestCompositeCurveInterfaceConsistency::test_inheritance_from_implicit_curve PASSED [ 82%]
tests/test_sprint5_regression.py::TestCompositeCurveInterfaceConsistency::test_evaluate_method_consistency PASSED [ 82%]
tests/test_sprint5_regression.py::TestCompositeCurveInterfaceConsistency::test_gradient_method_consistency PASSED [ 83%]
tests/test_sprint5_regression.py::TestCompositeCurveInterfaceConsistency::test_vectorized_operations FAILED [ 83%]
tests/test_sprint5_regression.py::TestCompositeCurveInterfaceConsistency::test_serialization_interface PASSED [ 83%]
tests/test_sprint5_regression.py::TestCrossClassCompatibility::test_trimmed_with_constructive_geometry PASSED [ 83%]
tests/test_sprint5_regression.py::TestCrossClassCompatibility::test_composite_with_constructive_geometry PASSED [ 83%]
tests/test_sprint5_regression.py::TestCrossClassCompatibility::test_nested_trimmed_curves PASSED [ 84%]
tests/test_sprint5_regression.py::TestCrossClassCompatibility::test_serialization_cross_compatibility PASSED [ 84%]
tests/test_sprint5_regression.py::TestUtilityFunctions::test_create_circle_from_quarters PASSED [ 84%]
tests/test_sprint5_regression.py::TestUtilityFunctions::test_create_square_from_edges FAILED [ 84%]
tests/test_sprint5_regression.py::TestPerformanceCharacteristics::test_vectorized_performance PASSED [ 85%]
tests/test_sprint5_regression.py::TestEdgeCases::test_empty_composite_curve PASSED [ 85%]
tests/test_sprint5_regression.py::TestEdgeCases::test_single_segment_composite PASSED [ 85%]
tests/test_sprint5_regression.py::TestEdgeCases::test_mask_always_false PASSED [ 85%]
tests/test_sprint5_regression.py::TestEdgeCases::test_mask_always_true FAILED [ 86%]
tests/test_sprint5_serialization.py::TestTrimmedImplicitCurveSerialization::test_to_dict_structure PASSED [ 86%]
tests/test_sprint5_serialization.py::TestTrimmedImplicitCurveSerialization::test_serialization_round_trip_with_limitations PASSED [ 86%]
tests/test_sprint5_serialization.py::TestTrimmedImplicitCurveSerialization::test_serialization_different_base_curves PASSED [ 86%]
tests/test_sprint5_serialization.py::TestTrimmedImplicitCurveSerialization::test_serialization_preserves_variables PASSED [ 86%]
tests/test_sprint5_serialization.py::TestTrimmedImplicitCurveSerialization::test_serialization_mask_limitation_documentation PASSED [ 87%]
tests/test_sprint5_serialization.py::TestCompositeCurveSerialization::test_to_dict_structure PASSED [ 87%]
tests/test_sprint5_serialization.py::TestCompositeCurveSerialization::test_serialization_round_trip_full_circle PASSED [ 87%]
tests/test_sprint5_serialization.py::TestCompositeCurveSerialization::test_serialization_round_trip_partial_circle PASSED [ 87%]
tests/test_sprint5_serialization.py::TestCompositeCurveSerialization::test_serialization_mixed_base_curves PASSED [ 88%]
tests/test_sprint5_serialization.py::TestCompositeCurveSerialization::test_serialization_preserves_segment_order PASSED [ 88%]
tests/test_sprint5_serialization.py::TestCompositeCurveSerialization::test_serialization_preserves_variables PASSED [ 88%]
tests/test_sprint5_serialization.py::TestCompositeCurveSerialization::test_serialization_mask_limitations_propagated FAILED [ 88%]
tests/test_sprint5_serialization.py::TestNestedCompositeCurveSerialization::test_complex_composite_serialization PASSED [ 89%]
tests/test_sprint5_serialization.py::TestSerializationErrorHandling::test_invalid_trimmed_curve_data PASSED [ 89%]
tests/test_sprint5_serialization.py::TestSerializationErrorHandling::test_invalid_composite_curve_data PASSED [ 89%]
tests/test_sprint5_serialization.py::TestSerializationCompatibility::test_mixed_type_composite_serialization PASSED [ 89%]
tests/test_superellipse.py::TestSuperellipseConstructor::test_constructor_inherits_from_implicit_curve PASSED [ 89%]
tests/test_superellipse.py::TestSuperellipseConstructor::test_constructor_with_standard_parameters PASSED [ 90%]
tests/test_superellipse.py::TestSuperellipseConstructor::test_constructor_with_custom_variables PASSED [ 90%]
tests/test_superellipse.py::TestSuperellipseConstructor::test_constructor_parameter_validation PASSED [ 90%]
tests/test_superellipse.py::TestSuperellipseConstructor::test_expression_generation PASSED [ 90%]
tests/test_superellipse.py::TestSuperellipseEvaluation::test_evaluate_circle_like_superellipse PASSED [ 91%]
tests/test_superellipse.py::TestSuperellipseEvaluation::test_evaluate_squarish_superellipse PASSED [ 91%]
tests/test_superellipse.py::TestSuperellipseEvaluation::test_evaluate_diamond_like_superellipse PASSED [ 91%]
tests/test_superellipse.py::TestSuperellipseEvaluation::test_evaluate_elliptical_superellipse PASSED [ 91%]
tests/test_superellipse.py::TestSuperellipseEvaluation::test_evaluate_vectorized PASSED [ 91%]
tests/test_superellipse.py::TestSuperellipseGradient::test_gradient_at_non_axis_points PASSED [ 92%]
tests/test_superellipse.py::TestSuperellipseGradient::test_gradient_symmetry PASSED [ 92%]
tests/test_superellipse.py::TestSuperellipseGradient::test_gradient_near_axes PASSED [ 92%]
tests/test_superellipse.py::TestSuperellipseGradient::test_gradient_magnitude_scaling PASSED [ 92%]
tests/test_superellipse.py::TestSuperellipseSpecializedMethods::test_parameter_access PASSED [ 93%]
tests/test_superellipse.py::TestSuperellipseSpecializedMethods::test_shape_classification PASSED [ 93%]
tests/test_superellipse.py::TestSuperellipseSpecializedMethods::test_string_representations FAILED [ 93%]
tests/test_superellipse.py::TestSuperellipseSerialization::test_to_dict_structure PASSED [ 93%]
tests/test_superellipse.py::TestSuperellipseSerialization::test_from_dict_reconstruction PASSED [ 94%]
tests/test_superellipse.py::TestSuperellipseSerialization::test_serialization_round_trip_functional_equivalence PASSED [ 94%]
tests/test_superellipse.py::TestSuperellipseSerialization::test_from_dict_error_handling PASSED [ 94%]
tests/test_superellipse.py::TestSuperellipseInheritedMethods::test_normal_method_inherited PASSED [ 94%]
tests/test_superellipse.py::TestSuperellipseInheritedMethods::test_plot_method_inherited FAILED [ 94%]
tests/test_trimmed_implicit_curve.py::TestTrimmedImplicitCurveConstructor::test_constructor_inherits_from_implicit_curve PASSED [ 95%]
tests/test_trimmed_implicit_curve.py::TestTrimmedImplicitCurveConstructor::test_constructor_with_various_base_curves PASSED [ 95%]
tests/test_trimmed_implicit_curve.py::TestTrimmedImplicitCurveConstructor::test_constructor_with_various_masks PASSED [ 95%]
tests/test_trimmed_implicit_curve.py::TestTrimmedImplicitCurveConstructor::test_constructor_parameter_validation PASSED [ 95%]
tests/test_trimmed_implicit_curve.py::TestTrimmedImplicitCurveConstructor::test_constructor_preserves_variables PASSED [ 96%]
tests/test_trimmed_implicit_curve.py::TestTrimmedImplicitCurveContains::test_contains_right_half_circle PASSED [ 96%]
tests/test_trimmed_implicit_curve.py::TestTrimmedImplicitCurveContains::test_contains_upper_half_circle PASSED [ 96%]
tests/test_trimmed_implicit_curve.py::TestTrimmedImplicitCurveContains::test_contains_first_quadrant_circle PASSED [ 96%]
tests/test_trimmed_implicit_curve.py::TestTrimmedImplicitCurveContains::test_contains_line_segment PASSED [ 97%]
tests/test_trimmed_implicit_curve.py::TestTrimmedImplicitCurveContains::test_contains_tolerance_handling PASSED [ 97%]
tests/test_trimmed_implicit_curve.py::TestTrimmedImplicitCurveContains::test_contains_vectorized_input PASSED [ 97%]
tests/test_trimmed_implicit_curve.py::TestTrimmedImplicitCurveContains::test_contains_edge_cases PASSED [ 97%]
tests/test_trimmed_implicit_curve.py::TestTrimmedImplicitCurveInheritedMethods::test_evaluate_method_inherited PASSED [ 97%]
tests/test_trimmed_implicit_curve.py::TestTrimmedImplicitCurveInheritedMethods::test_gradient_method_inherited PASSED [ 98%]
tests/test_trimmed_implicit_curve.py::TestTrimmedImplicitCurveInheritedMethods::test_normal_method_inherited PASSED [ 98%]
tests/test_trimmed_implicit_curve.py::TestTrimmedImplicitCurveInheritedMethods::test_variables_property_inherited PASSED [ 98%]
tests/test_trimmed_implicit_curve.py::TestTrimmedImplicitCurveInheritedMethods::test_plot_method_inherited PASSED [ 98%]
tests/test_trimmed_implicit_curve.py::TestTrimmedImplicitCurveSpecializedMethods::test_property_access PASSED [ 99%]
tests/test_trimmed_implicit_curve.py::TestTrimmedImplicitCurveSpecializedMethods::test_string_representations PASSED [ 99%]
tests/test_trimmed_implicit_curve.py::TestTrimmedImplicitCurveComplexMasks::test_annular_mask PASSED [ 99%]
tests/test_trimmed_implicit_curve.py::TestTrimmedImplicitCurveComplexMasks::test_angular_mask PASSED [ 99%]
tests/test_trimmed_implicit_curve.py::TestTrimmedImplicitCurveComplexMasks::test_distance_mask PASSED [100%]

================================== FAILURES ===================================
__________ TestAreaRegionSerialization.test_from_dict_simple_region ___________
tests\test_area_region.py:341: in test_from_dict_simple_region
    assert original.contains(x, y) == reconstructed.contains(x, y)
E   assert False == True
E    +  where False = contains(0, 2)
E    +    where contains = AreaRegion(outer_boundary=CompositeCurve(segments=[TrimmedImplicitCurve(base_curve=<PolynomialCurve (degree 1): y + 1 = 0>, mask=<function create_square_from_edges.<locals>.<lambda> at 0x000001E380022290>), TrimmedImplicitCurve(base_curve=<PolynomialCurve (degree 1): x - 1 = 0>, mask=<function create_square_from_edges.<locals>.<lambda> at 0x000001E380022200>), TrimmedImplicitCurve(base_curve=<PolynomialCurve (degree 1): y - 1 = 0>, mask=<function create_square_from_edges.<locals>.<lambda> at 0x000001E380023B50>), TrimmedImplicitCurve(base_curve=<PolynomialCurve (degree 1): x + 1 = 0>, mask=<function create_square_from_edges.<locals>.<lambda> at 0x000001E3846B9BD0>)]), holes=[]).contains
E    +  and   True = contains(0, 2)
E    +    where contains = AreaRegion(outer_boundary=CompositeCurve(segments=[TrimmedImplicitCurve(base_curve=<PolynomialCurve (degree 1): y + 1 = 0>, mask=<function TrimmedImplicitCurve._reconstruct_mask_function.<locals>.placeholder_mask at 0x000001E3846B9870>), TrimmedImplicitCurve(base_curve=<PolynomialCurve (degree 1): x - 1 = 0>, mask=<function TrimmedImplicitCurve._reconstruct_mask_function.<locals>.placeholder_mask at 0x000001E38447DF30>), TrimmedImplicitCurve(base_curve=<PolynomialCurve (degree 1): y - 1 = 0>, mask=<function TrimmedImplicitCurve._reconstruct_mask_function.<locals>.placeholder_mask at 0x000001E38447E830>), TrimmedImplicitCurve(base_curve=<PolynomialCurve (degree 1): x + 1 = 0>, mask=<function TrimmedImplicitCurve._reconstruct_mask_function.<locals>.placeholder_mask at 0x000001E38447E950>)]), holes=[]).contains
________ TestAreaRegionSerialization.test_from_dict_region_with_holes _________
tests\test_area_region.py:361: in test_from_dict_region_with_holes
    assert original.contains(x, y) == reconstructed.contains(x, y)
E   assert True == False
E    +  where True = contains(0, 1.5)
E    +    where contains = AreaRegion(outer_boundary=CompositeCurve(segments=[TrimmedImplicitCurve(base_curve=<PolynomialCurve (degree 1): y + 2 = 0>, mask=<function create_square_from_edges.<locals>.<lambda> at 0x000001E3800223B0>), TrimmedImplicitCurve(base_curve=<PolynomialCurve (degree 1): x - 2 = 0>, mask=<function create_square_from_edges.<locals>.<lambda> at 0x000001E3800224D0>), TrimmedImplicitCurve(base_curve=<PolynomialCurve (degree 1): y - 2 = 0>, mask=<function create_square_from_edges.<locals>.<lambda> at 0x000001E380022170>), TrimmedImplicitCurve(base_curve=<PolynomialCurve (degree 1): x + 2 = 0>, mask=<function create_square_from_edges.<locals>.<lambda> at 0x000001E3800220E0>)]), holes=[CompositeCurve(segments=[TrimmedImplicitCurve(base_curve=<PolynomialCurve (degree 1): y + 1 = 0>, mask=<function create_square_from_edges.<locals>.<lambda> at 0x000001E380022440>), TrimmedImplicitCurve(base_curve=<PolynomialCurve (degree 1): x - 1 = 0>, mask=<function create_square_from_edges.<locals>.<lambda> at 0x000001E3844FA950>), TrimmedImplicitCurve(base_curve=<PolynomialCurve (degree 1): y - 1 = 0>, mask=<function create_square_from_edges.<locals>.<lambda> at 0x000001E3844FB7F0>), TrimmedImplicitCurve(base_curve=<PolynomialCurve (degree 1): x + 1 = 0>, mask=<function create_square_from_edges.<locals>.<lambda> at 0x000001E3844FA7A0>)])]).contains
E    +  and   False = contains(0, 1.5)
E    +    where contains = AreaRegion(outer_boundary=CompositeCurve(segments=[TrimmedImplicitCurve(base_curve=<PolynomialCurve (degree 1): y + 2 = 0>, mask=<function TrimmedImplicitCurve._reconstruct_mask_function.<locals>.placeholder_mask at 0x000001E3844FB6D0>), TrimmedImplicitCurve(base_curve=<PolynomialCurve (degree 1): x - 2 = 0>, mask=<function TrimmedImplicitCurve._reconstruct_mask_function.<locals>.placeholder_mask at 0x000001E3849F8EE0>), TrimmedImplicitCurve(base_curve=<PolynomialCurve (degree 1): y - 2 = 0>, mask=<function TrimmedImplicitCurve._reconstruct_mask_function.<locals>.placeholder_mask at 0x000001E3849F92D0>), TrimmedImplicitCurve(base_curve=<PolynomialCurve (degree 1): x + 2 = 0>, mask=<function TrimmedImplicitCurve._reconstruct_mask_function.<locals>.placeholder_mask at 0x000001E3849F97E0>)]), holes=[CompositeCurve(segments=[TrimmedImplicitCurve(base_curve=<PolynomialCurve (degree 1): y + 1 = 0>, mask=<function TrimmedImplicitCurve._reconstruct_mask_function.<locals>.placeholder_mask at 0x000001E3849F9900>), TrimmedImplicitCurve(base_curve=<PolynomialCurve (degree 1): x - 1 = 0>, mask=<function TrimmedImplicitCurve._reconstruct_mask_function.<locals>.placeholder_mask at 0x000001E3849F9990>), TrimmedImplicitCurve(base_curve=<PolynomialCurve (degree 1): y - 1 = 0>, mask=<function TrimmedImplicitCurve._reconstruct_mask_function.<locals>.placeholder_mask at 0x000001E3849F9A20>), TrimmedImplicitCurve(base_curve=<PolynomialCurve (degree 1): x + 1 = 0>, mask=<function TrimmedImplicitCurve._reconstruct_mask_function.<locals>.placeholder_mask at 0x000001E3849F9AB0>)])]).contains
___________ TestFieldEdgeCases.test_field_evaluation_with_infinity ____________
tests\test_base_field.py:463: in test_field_evaluation_with_infinity
    assert result == float('inf')  # x^2 + 0^2 - 1 = inf
E   AssertionError: assert 1e+100 == inf
E    +  where inf = float('inf')
______________ TestSignedDistanceField.test_evaluate_vectorized _______________
tests\test_field_strategy.py:206: in test_evaluate_vectorized
    assert result[0] < 0
E   assert 0.0 < 0
_________________ TestOccupancyField.test_evaluate_vectorized _________________
tests\test_field_strategy.py:303: in test_evaluate_vectorized
    assert result[0] == 2.0
E   assert -1.0 == 2.0
____ TestFieldStrategyEdgeCases.test_field_evaluation_extreme_coordinates _____
tests\test_field_strategy.py:487: in test_field_evaluation_extreme_coordinates
    assert occ_result == 0.0  # Should be outside (since square starts at 0,0)
E   assert 1.0 == 0.0
_____ TestFieldStrategyPerformance.test_vectorized_evaluation_performance _____
tests\test_field_strategy.py:530: in test_vectorized_evaluation_performance
    np.testing.assert_array_equal(result_vectorized, result_scalar)
C:\Users\markb\AppData\Local\Programs\Python\Python310\lib\contextlib.py:79: in inner
    return func(*args, **kwds)
E   AssertionError: 
E   Arrays are not equal
E   
E   Mismatched elements: 41 / 100 (41%)
E   Max absolute difference: 1.
E   Max relative difference: 1.
E    x: array([0., 0., 0., 0., 0., 0., 0., 0., 0., 0., 0., 0., 0., 0., 0., 0., 0.,
E          0., 0., 0., 0., 0., 0., 0., 0., 0., 0., 0., 0., 0., 0., 0., 0., 0.,
E          0., 0., 0., 0., 0., 0., 0., 0., 0., 0., 0., 0., 0., 0., 0., 0., 0.,...
E    y: array([1., 0., 0., 1., 1., 0., 0., 1., 1., 1., 1., 1., 1., 1., 0., 0., 1.,
E          1., 1., 0., 1., 0., 0., 1., 1., 0., 0., 0., 1., 0., 1., 0., 0., 1.,
E          0., 0., 1., 0., 0., 0., 1., 0., 0., 0., 0., 0., 0., 1., 0., 0., 1.,...
________ TestImplicitCurveEvaluate.test_evaluate_2d_numpy_array_input _________
tests\test_implicit_curve.py:134: in test_evaluate_2d_numpy_array_input
    assert results[1, 0] < 0  # (0,1) inside
E   assert 0.0 < 0
_____ TestImplicitCurveSerialization.test_from_dict_invalid_data_handling _____
tests\test_implicit_curve.py:450: in test_from_dict_invalid_data_handling
    ImplicitCurve.from_dict({"type": "WrongType", "expression": "x + y"})
geometry\implicit_curve.py:285: in from_dict
    raise ValueError(f"Unknown curve type: {curve_type}")
E   ValueError: Unknown curve type: WrongType

During handling of the above exception, another exception occurred:
tests\test_implicit_curve.py:449: in test_from_dict_invalid_data_handling
    with pytest.raises(ValueError, match="Invalid type"):
E   AssertionError: Regex pattern did not match.
E    Regex: 'Invalid type'
E    Input: 'Unknown curve type: WrongType'
________ TestProceduralCurveEvaluation.test_evaluate_vectorized_inputs ________
tests\test_procedural_curve.py:144: in test_evaluate_vectorized_inputs
    np.testing.assert_allclose(circle_results, expected_circle, rtol=1e-10)
C:\Users\markb\AppData\Local\Programs\Python\Python310\lib\contextlib.py:79: in inner
    return func(*args, **kwds)
E   AssertionError: 
E   Not equal to tolerance rtol=1e-10, atol=0
E   
E   Mismatched elements: 2 / 4 (50%)
E   Max absolute difference: 3.
E   Max relative difference: 1.
E    x: array([0., 0., 0., 0.])
E    y: array([-1.,  0.,  3.,  0.])
_______ TestProceduralCurveEvaluation.test_evaluate_mixed_array_shapes ________
tests\test_procedural_curve.py:162: in test_evaluate_mixed_array_shapes
    np.testing.assert_allclose(results, expected, rtol=1e-10)
C:\Users\markb\AppData\Local\Programs\Python\Python310\lib\contextlib.py:79: in inner
    return func(*args, **kwds)
E   AssertionError: 
E   Not equal to tolerance rtol=1e-10, atol=0
E   
E   Mismatched elements: 2 / 4 (50%)
E   Max absolute difference: 3.
E   Max relative difference: 1.
E    x: array([[0., 0.],
E          [0., 0.]])
E    y: array([[-1.,  0.],
E          [ 3.,  0.]])
_________ TestProceduralCurveGradient.test_gradient_vectorized_inputs _________
tests\test_procedural_curve.py:244: in test_gradient_vectorized_inputs
    np.testing.assert_allclose(grad_x, expected_grad_x, rtol=1e-5)
C:\Users\markb\AppData\Local\Programs\Python\Python310\lib\contextlib.py:79: in inner
    return func(*args, **kwds)
E   AssertionError: 
E   Not equal to tolerance rtol=1e-05, atol=0
E   
E   Mismatched elements: 2 / 3 (66.7%)
E   Max absolute difference: 2.
E   Max relative difference: 1.
E    x: array([0., 0., 0.])
E    y: array([2., 0., 1.])
_____ TestProceduralCurveSerialization.test_to_dict_contains_placeholder ______
tests\test_procedural_curve.py:324: in test_to_dict_contains_placeholder
    assert data["function"] == "custom" or "placeholder" in data["function"].lower()
E   AssertionError: assert ('Circle' == 'custom'
E     
E     - custom
E     + Circle or 'placeholder' in 'circle')
E    +  where 'circle' = <built-in method lower of str object at 0x000001E3E2843270>()
E    +    where <built-in method lower of str object at 0x000001E3E2843270> = 'Circle'.lower
_ TestProceduralCurveSerialization.test_serialization_documentation_compliance _
tests\test_procedural_curve.py:410: in test_serialization_documentation_compliance
    assert function_desc in ["custom", "placeholder"] or "custom" in function_desc.lower()
E   AssertionError: assert ('Circle' in ['custom', 'placeholder'] or 'custom' in 'circle')
E    +  where 'circle' = <built-in method lower of str object at 0x000001E3E2843270>()
E    +    where <built-in method lower of str object at 0x000001E3E2843270> = 'Circle'.lower
_______ TestRFunctionCurveInheritedMethods.test_normal_method_inherited _______
tests\test_rfunction_curve.py:381: in test_normal_method_inherited
    nx, ny = self.union_curve.normal(x, y)
geometry\implicit_curve.py:166: in normal
    raise ValueError(f"Normal undefined at point ({x_val}, {y_val}) - zero gradient")
E   ValueError: Normal undefined at point (0.0, 0.0) - zero gradient

During handling of the above exception, another exception occurred:
tests\test_rfunction_curve.py:389: in test_normal_method_inherited
    with pytest.raises((ValueError, ZeroDivisionError)):
E   Failed: DID NOT RAISE (<class 'ValueError'>, <class 'ZeroDivisionError'>)
___________ TestSprint2EdgeCases.test_serialization_error_handling ____________
tests\test_sprint2_regression.py:325: in test_serialization_error_handling
    with pytest.raises(ValueError):
E   Failed: DID NOT RAISE <class 'ValueError'>
____ TestSprint3VectorizedOperations.test_superellipse_vectorized_gradient ____
tests\test_sprint3_regression.py:379: in test_superellipse_vectorized_gradient
    assert abs(grad_x[i] - scalar_grad[0]) < 1e-10
E   assert 2.0 < 1e-10
E    +  where 2.0 = abs((0.0 - 2.0))
_ TestSprint3VectorizedOperations.test_procedural_curve_vectorized_evaluation _
tests\test_sprint3_regression.py:395: in test_procedural_curve_vectorized_evaluation
    assert abs(results[i] - scalar_result) < 1e-10
E   assert 1.0 < 1e-10
E    +  where 1.0 = abs((0.0 - -1.0))
__ TestSprint3VectorizedOperations.test_procedural_curve_vectorized_gradient __
tests\test_sprint3_regression.py:412: in test_procedural_curve_vectorized_gradient
    assert abs(grad_x[i] - scalar_grad[0]) < 1e-10
E   assert 1.9999999933961732 < 1e-10
E    +  where 1.9999999933961732 = abs((0.0 - 1.9999999933961732))
_________ TestErrorHandlingAndBoundaryConditions.test_nan_inf_inputs __________
tests\test_sprint5_edge_cases.py:221: in test_nan_inf_inputs
    assert np.isnan(result_nan)
E   AssertionError: assert False
E    +  where False = <ufunc 'isnan'>(-1e+100)
E    +    where <ufunc 'isnan'> = np.isnan
___________________ TestSpecialCases.test_degenerate_masks ____________________
tests\test_sprint5_edge_cases.py:326: in test_degenerate_masks
    assert always_true.contains(0.0, 0.0) == base_contains
E   assert False == True
E    +  where False = contains(0.0, 0.0)
E    +    where contains = TrimmedImplicitCurve(base_curve=<ConicSection (circle): x**2 + y**2 - 1 = 0>, mask=<function TestSpecialCases.test_degenerate_masks.<locals>.<lambda> at 0x000001E3FBED52D0>).contains
____ TestTrimmedImplicitCurveInterfaceConsistency.test_plotting_interface _____
tests\test_sprint5_regression.py:158: in test_plotting_interface
    fig, ax = plt.subplots()
C:\Users\markb\AppData\Local\Programs\Python\Python310\lib\site-packages\matplotlib\pyplot.py:1769: in subplots
    fig = figure(**fig_kw)
C:\Users\markb\AppData\Local\Programs\Python\Python310\lib\site-packages\matplotlib\pyplot.py:1042: in figure
    manager = new_figure_manager(
C:\Users\markb\AppData\Local\Programs\Python\Python310\lib\site-packages\matplotlib\pyplot.py:552: in new_figure_manager
    return _get_backend_mod().new_figure_manager(*args, **kwargs)
C:\Users\markb\AppData\Local\Programs\Python\Python310\lib\site-packages\matplotlib\backend_bases.py:3501: in new_figure_manager
    return cls.new_figure_manager_given_figure(num, fig)
C:\Users\markb\AppData\Local\Programs\Python\Python310\lib\site-packages\matplotlib\backend_bases.py:3506: in new_figure_manager_given_figure
    return cls.FigureCanvas.new_manager(figure, num)
C:\Users\markb\AppData\Local\Programs\Python\Python310\lib\site-packages\matplotlib\backend_bases.py:1783: in new_manager
    return cls.manager_class.create_with_canvas(cls, figure, num)
C:\Users\markb\AppData\Local\Programs\Python\Python310\lib\site-packages\matplotlib\backends\_backend_tk.py:507: in create_with_canvas
    window = tk.Tk(className="matplotlib")
C:\Users\markb\AppData\Local\Programs\Python\Python310\lib\tkinter\__init__.py:2299: in __init__
    self.tk = _tkinter.create(screenName, baseName, className, interactive, wantobjects, useTk, sync, use)
E   _tkinter.TclError: Can't find a usable tk.tcl in the following directories: 
E       C:/Users/markb/AppData/Local/Programs/Python/Python310/tcl/tcl8.6/tk8.6 C:/Users/markb/AppData/Local/Programs/Python/Python310/tcl/tk8.6 C:/Users/markb/AppData/Local/Programs/Python/lib/tk8.6 C:/Users/markb/AppData/Local/Programs/Python/lib/tk8.6 C:/Users/markb/AppData/Local/Programs/lib/tk8.6 C:/Users/markb/AppData/Local/Programs/Python/library
E   
E   C:/Users/markb/AppData/Local/Programs/Python/Python310/tcl/tk8.6/tk.tcl: couldn't read file "C:/Users/markb/AppData/Local/Programs/Python/Python310/tcl/tk8.6/ttk/scale.tcl": no such file or directory
E   couldn't read file "C:/Users/markb/AppData/Local/Programs/Python/Python310/tcl/tk8.6/ttk/scale.tcl": no such file or directory
E       while executing
E   "source -encoding utf-8 [file join $::ttk::library scale.tcl]"
E       (file "C:/Users/markb/AppData/Local/Programs/Python/Python310/tcl/tk8.6/ttk/ttk.tcl" line 103)
E       invoked from within
E   "source -encoding utf-8 C:/Users/markb/AppData/Local/Programs/Python/Python310/tcl/tk8.6/ttk/ttk.tcl"
E       ("uplevel" body line 1)
E       invoked from within
E   "uplevel \#0 [list source -encoding utf-8 $::ttk::library/ttk.tcl]"
E       (file "C:/Users/markb/AppData/Local/Programs/Python/Python310/tcl/tk8.6/tk.tcl" line 706)
E       invoked from within
E   "source C:/Users/markb/AppData/Local/Programs/Python/Python310/tcl/tk8.6/tk.tcl"
E       ("uplevel" body line 1)
E       invoked from within
E   "uplevel #0 [list source $file]"
E   
E   
E   This probably means that tk wasn't installed properly.
______ TestCompositeCurveInterfaceConsistency.test_vectorized_operations ______
tests\test_sprint5_regression.py:253: in test_vectorized_operations
    contains_results = curve.contains(x_vals, y_vals)
geometry\composite_curve.py:254: in contains
    if self.is_closed():
geometry\composite_curve.py:111: in is_closed
    return self._is_closed_general(tolerance)
geometry\composite_curve.py:194: in _is_closed_general
    if self.contains(x, y):
geometry\composite_curve.py:226: in contains
    if self.is_closed():
geometry\composite_curve.py:111: in is_closed
    return self._is_closed_general(tolerance)
E   RecursionError: maximum recursion depth exceeded while calling a Python object
!!! Recursion detected (same locals & position)
_____________ TestUtilityFunctions.test_create_square_from_edges ______________
tests\test_sprint5_regression.py:408: in test_create_square_from_edges
    assert abs(result) < 1e-6  # Should be close to zero
E   assert 1.0 < 1e-06
E    +  where 1.0 = abs(-1.0)
_____________________ TestEdgeCases.test_mask_always_true _____________________
tests\test_sprint5_regression.py:511: in test_mask_always_true
    assert trimmed_contains == base_contains
E   assert False == True
_ TestCompositeCurveSerialization.test_serialization_mask_limitations_propagated _
tests\test_sprint5_serialization.py:295: in test_serialization_mask_limitations_propagated
    assert segment.mask(1.0, 0.0) == True  # Placeholder always returns True
E   assert False == True
E    +  where False = <function TrimmedImplicitCurve._reconstruct_mask_function.<locals>.rectangular_mask at 0x000001E384228820>(1.0, 0.0)
E    +    where <function TrimmedImplicitCurve._reconstruct_mask_function.<locals>.rectangular_mask at 0x000001E384228820> = TrimmedImplicitCurve(base_curve=<ConicSection (circle): x**2 + y**2 - 1 = 0>, mask=<function TrimmedImplicitCurve._reconstruct_mask_function.<locals>.rectangular_mask at 0x000001E384228820>).mask
_______ TestSuperellipseSpecializedMethods.test_string_representations ________
tests\test_superellipse.py:327: in test_string_representations
    assert "superellipse" in circle_str.lower() or "abs" in circle_str.lower()
E   AssertionError: assert ('superellipse' in '|x/1.0|^2.0 + |y/1.0|^2.0 = 1' or 'abs' in '|x/1.0|^2.0 + |y/1.0|^2.0 = 1')
E    +  where '|x/1.0|^2.0 + |y/1.0|^2.0 = 1' = <built-in method lower of str object at 0x000001E384BB0210>()
E    +    where <built-in method lower of str object at 0x000001E384BB0210> = '|x/1.0|^2.0 + |y/1.0|^2.0 = 1'.lower
E    +  and   '|x/1.0|^2.0 + |y/1.0|^2.0 = 1' = <built-in method lower of str object at 0x000001E384BB0210>()
E    +    where <built-in method lower of str object at 0x000001E384BB0210> = '|x/1.0|^2.0 + |y/1.0|^2.0 = 1'.lower
_________ TestSuperellipseInheritedMethods.test_plot_method_inherited _________
tests\test_superellipse.py:463: in test_plot_method_inherited
    self.circle.plot(xlim=(-2, 2), ylim=(-2, 2), resolution=50)
geometry\implicit_curve.py:210: in plot
    plt.figure(figsize=(8, 8))
C:\Users\markb\AppData\Local\Programs\Python\Python310\lib\site-packages\matplotlib\pyplot.py:1042: in figure
    manager = new_figure_manager(
C:\Users\markb\AppData\Local\Programs\Python\Python310\lib\site-packages\matplotlib\pyplot.py:552: in new_figure_manager
    return _get_backend_mod().new_figure_manager(*args, **kwargs)
C:\Users\markb\AppData\Local\Programs\Python\Python310\lib\site-packages\matplotlib\backend_bases.py:3501: in new_figure_manager
    return cls.new_figure_manager_given_figure(num, fig)
C:\Users\markb\AppData\Local\Programs\Python\Python310\lib\site-packages\matplotlib\backend_bases.py:3506: in new_figure_manager_given_figure
    return cls.FigureCanvas.new_manager(figure, num)
C:\Users\markb\AppData\Local\Programs\Python\Python310\lib\site-packages\matplotlib\backend_bases.py:1783: in new_manager
    return cls.manager_class.create_with_canvas(cls, figure, num)
C:\Users\markb\AppData\Local\Programs\Python\Python310\lib\site-packages\matplotlib\backends\_backend_tk.py:507: in create_with_canvas
    window = tk.Tk(className="matplotlib")
C:\Users\markb\AppData\Local\Programs\Python\Python310\lib\tkinter\__init__.py:2299: in __init__
    self.tk = _tkinter.create(screenName, baseName, className, interactive, wantobjects, useTk, sync, use)
E   _tkinter.TclError: Can't find a usable init.tcl in the following directories: 
E       {C:\Users\markb\AppData\Local\Programs\Python\Python310\tcl\tcl8.6}
E   
E   C:/Users/markb/AppData/Local/Programs/Python/Python310/tcl/tcl8.6/init.tcl: couldn't read file "C:/Users/markb/AppData/Local/Programs/Python/Python310/tcl/tcl8.6/init.tcl": No error
E   couldn't read file "C:/Users/markb/AppData/Local/Programs/Python/Python310/tcl/tcl8.6/init.tcl": No error
E       while executing
E   "source C:/Users/markb/AppData/Local/Programs/Python/Python310/tcl/tcl8.6/init.tcl"
E       ("uplevel" body line 1)
E       invoked from within
E   "uplevel #0 [list source $tclfile]"
E   
E   
E   This probably means that Tcl wasn't installed properly.

During handling of the above exception, another exception occurred:
tests\test_superellipse.py:466: in test_plot_method_inherited
    assert "plot" in str(e).lower() or "display" in str(e).lower()
E   assert ('plot' in 'can\'t find a usable init.tcl in the following directories: \n    {c:\\users\\markb\\appdata\\local\\programs\\python\\python310\\tcl\\tcl8.6}\n\nc:/users/markb/appdata/local/programs/python/python310/tcl/tcl8.6/init.tcl: couldn\'t read file "c:/users/markb/appdata/local/programs/python/python310/tcl/tcl8.6/init.tcl": no error\ncouldn\'t read file "c:/users/markb/appdata/local/programs/python/python310/tcl/tcl8.6/init.tcl": no error\n    while executing\n"source c:/users/markb/appdata/local/programs/python/python310/tcl/tcl8.6/init.tcl"\n    ("uplevel" body line 1)\n    invoked from within\n"uplevel #0 [list source $tclfile]"\n\n\nthis probably means that tcl wasn\'t installed properly.\n' or 'display' in 'can\'t find a usable init.tcl in the following directories: \n    {c:\\users\\markb\\appdata\\local\\programs\\python\\python310\\tcl\\tcl8.6}\n\nc:/users/markb/appdata/local/programs/python/python310/tcl/tcl8.6/init.tcl: couldn\'t read file "c:/users/markb/appdata/local/programs/python/python310/tcl/tcl8.6/init.tcl": no error\ncouldn\'t read file "c:/users/markb/appdata/local/programs/python/python310/tcl/tcl8.6/init.tcl": no error\n    while executing\n"source c:/users/markb/appdata/local/programs/python/python310/tcl/tcl8.6/init.tcl"\n    ("uplevel" body line 1)\n    invoked from within\n"uplevel #0 [list source $tclfile]"\n\n\nthis probably means that tcl wasn\'t installed properly.\n')
E    +  where 'can\'t find a usable init.tcl in the following directories: \n    {c:\\users\\markb\\appdata\\local\\programs\\python\\python310\\tcl\\tcl8.6}\n\nc:/users/markb/appdata/local/programs/python/python310/tcl/tcl8.6/init.tcl: couldn\'t read file "c:/users/markb/appdata/local/programs/python/python310/tcl/tcl8.6/init.tcl": no error\ncouldn\'t read file "c:/users/markb/appdata/local/programs/python/python310/tcl/tcl8.6/init.tcl": no error\n    while executing\n"source c:/users/markb/appdata/local/programs/python/python310/tcl/tcl8.6/init.tcl"\n    ("uplevel" body line 1)\n    invoked from within\n"uplevel #0 [list source $tclfile]"\n\n\nthis probably means that tcl wasn\'t installed properly.\n' = <built-in method lower of str object at 0x000001E3E42C07D0>()
E    +    where <built-in method lower of str object at 0x000001E3E42C07D0> = 'Can\'t find a usable init.tcl in the following directories: \n    {C:\\Users\\markb\\AppData\\Local\\Programs\\Python\\Python310\\tcl\\tcl8.6}\n\nC:/Users/markb/AppData/Local/Programs/Python/Python310/tcl/tcl8.6/init.tcl: couldn\'t read file "C:/Users/markb/AppData/Local/Programs/Python/Python310/tcl/tcl8.6/init.tcl": No error\ncouldn\'t read file "C:/Users/markb/AppData/Local/Programs/Python/Python310/tcl/tcl8.6/init.tcl": No error\n    while executing\n"source C:/Users/markb/AppData/Local/Programs/Python/Python310/tcl/tcl8.6/init.tcl"\n    ("uplevel" body line 1)\n    invoked from within\n"uplevel #0 [list source $tclfile]"\n\n\nThis probably means that Tcl wasn\'t installed properly.\n'.lower
E    +      where 'Can\'t find a usable init.tcl in the following directories: \n    {C:\\Users\\markb\\AppData\\Local\\Programs\\Python\\Python310\\tcl\\tcl8.6}\n\nC:/Users/markb/AppData/Local/Programs/Python/Python310/tcl/tcl8.6/init.tcl: couldn\'t read file "C:/Users/markb/AppData/Local/Programs/Python/Python310/tcl/tcl8.6/init.tcl": No error\ncouldn\'t read file "C:/Users/markb/AppData/Local/Programs/Python/Python310/tcl/tcl8.6/init.tcl": No error\n    while executing\n"source C:/Users/markb/AppData/Local/Programs/Python/Python310/tcl/tcl8.6/init.tcl"\n    ("uplevel" body line 1)\n    invoked from within\n"uplevel #0 [list source $tclfile]"\n\n\nThis probably means that Tcl wasn\'t installed properly.\n' = str(TclError('Can\'t find a usable init.tcl in the following directories: \n    {C:\\Users\\markb\\AppData\\Local\\Programs\\Python\\Python310\\tcl\\tcl8.6}\n\nC:/Users/markb/AppData/Local/Programs/Python/Python310/tcl/tcl8.6/init.tcl: couldn\'t read file "C:/Users/markb/AppData/Local/Programs/Python/Python310/tcl/tcl8.6/init.tcl": No error\ncouldn\'t read file "C:/Users/markb/AppData/Local/Programs/Python/Python310/tcl/tcl8.6/init.tcl": No error\n    while executing\n"source C:/Users/markb/AppData/Local/Programs/Python/Python310/tcl/tcl8.6/init.tcl"\n    ("uplevel" body line 1)\n    invoked from within\n"uplevel #0 [list source $tclfile]"\n\n\nThis probably means that Tcl wasn\'t installed properly.\n'))
E    +  and   'can\'t find a usable init.tcl in the following directories: \n    {c:\\users\\markb\\appdata\\local\\programs\\python\\python310\\tcl\\tcl8.6}\n\nc:/users/markb/appdata/local/programs/python/python310/tcl/tcl8.6/init.tcl: couldn\'t read file "c:/users/markb/appdata/local/programs/python/python310/tcl/tcl8.6/init.tcl": no error\ncouldn\'t read file "c:/users/markb/appdata/local/programs/python/python310/tcl/tcl8.6/init.tcl": no error\n    while executing\n"source c:/users/markb/appdata/local/programs/python/python310/tcl/tcl8.6/init.tcl"\n    ("uplevel" body line 1)\n    invoked from within\n"uplevel #0 [list source $tclfile]"\n\n\nthis probably means that tcl wasn\'t installed properly.\n' = <built-in method lower of str object at 0x000001E3E42C07D0>()
E    +    where <built-in method lower of str object at 0x000001E3E42C07D0> = 'Can\'t find a usable init.tcl in the following directories: \n    {C:\\Users\\markb\\AppData\\Local\\Programs\\Python\\Python310\\tcl\\tcl8.6}\n\nC:/Users/markb/AppData/Local/Programs/Python/Python310/tcl/tcl8.6/init.tcl: couldn\'t read file "C:/Users/markb/AppData/Local/Programs/Python/Python310/tcl/tcl8.6/init.tcl": No error\ncouldn\'t read file "C:/Users/markb/AppData/Local/Programs/Python/Python310/tcl/tcl8.6/init.tcl": No error\n    while executing\n"source C:/Users/markb/AppData/Local/Programs/Python/Python310/tcl/tcl8.6/init.tcl"\n    ("uplevel" body line 1)\n    invoked from within\n"uplevel #0 [list source $tclfile]"\n\n\nThis probably means that Tcl wasn\'t installed properly.\n'.lower
E    +      where 'Can\'t find a usable init.tcl in the following directories: \n    {C:\\Users\\markb\\AppData\\Local\\Programs\\Python\\Python310\\tcl\\tcl8.6}\n\nC:/Users/markb/AppData/Local/Programs/Python/Python310/tcl/tcl8.6/init.tcl: couldn\'t read file "C:/Users/markb/AppData/Local/Programs/Python/Python310/tcl/tcl8.6/init.tcl": No error\ncouldn\'t read file "C:/Users/markb/AppData/Local/Programs/Python/Python310/tcl/tcl8.6/init.tcl": No error\n    while executing\n"source C:/Users/markb/AppData/Local/Programs/Python/Python310/tcl/tcl8.6/init.tcl"\n    ("uplevel" body line 1)\n    invoked from within\n"uplevel #0 [list source $tclfile]"\n\n\nThis probably means that Tcl wasn\'t installed properly.\n' = str(TclError('Can\'t find a usable init.tcl in the following directories: \n    {C:\\Users\\markb\\AppData\\Local\\Programs\\Python\\Python310\\tcl\\tcl8.6}\n\nC:/Users/markb/AppData/Local/Programs/Python/Python310/tcl/tcl8.6/init.tcl: couldn\'t read file "C:/Users/markb/AppData/Local/Programs/Python/Python310/tcl/tcl8.6/init.tcl": No error\ncouldn\'t read file "C:/Users/markb/AppData/Local/Programs/Python/Python310/tcl/tcl8.6/init.tcl": No error\n    while executing\n"source C:/Users/markb/AppData/Local/Programs/Python/Python310/tcl/tcl8.6/init.tcl"\n    ("uplevel" body line 1)\n    invoked from within\n"uplevel #0 [list source $tclfile]"\n\n\nThis probably means that Tcl wasn\'t installed properly.\n'))
============================== warnings summary ===============================
test_plot_demo.py::test_plot_functionality
  C:\Users\markb\AppData\Local\Programs\Python\Python310\lib\site-packages\_pytest\python.py:163: PytestReturnNotNoneWarning: Expected None, but test_plot_demo.py::test_plot_functionality returned True, which will be an error in a future version of pytest.  Did you mean to use `assert` instead of `return`?
    warnings.warn(

-- Docs: https://docs.pytest.org/en/stable/how-to/capture-warnings.html
=========================== short test summary info ===========================
FAILED tests/test_area_region.py::TestAreaRegionSerialization::test_from_dict_simple_region
FAILED tests/test_area_region.py::TestAreaRegionSerialization::test_from_dict_region_with_holes
FAILED tests/test_base_field.py::TestFieldEdgeCases::test_field_evaluation_with_infinity
FAILED tests/test_field_strategy.py::TestSignedDistanceField::test_evaluate_vectorized
FAILED tests/test_field_strategy.py::TestOccupancyField::test_evaluate_vectorized
FAILED tests/test_field_strategy.py::TestFieldStrategyEdgeCases::test_field_evaluation_extreme_coordinates
FAILED tests/test_field_strategy.py::TestFieldStrategyPerformance::test_vectorized_evaluation_performance
FAILED tests/test_implicit_curve.py::TestImplicitCurveEvaluate::test_evaluate_2d_numpy_array_input
FAILED tests/test_implicit_curve.py::TestImplicitCurveSerialization::test_from_dict_invalid_data_handling
FAILED tests/test_procedural_curve.py::TestProceduralCurveEvaluation::test_evaluate_vectorized_inputs
FAILED tests/test_procedural_curve.py::TestProceduralCurveEvaluation::test_evaluate_mixed_array_shapes
FAILED tests/test_procedural_curve.py::TestProceduralCurveGradient::test_gradient_vectorized_inputs
FAILED tests/test_procedural_curve.py::TestProceduralCurveSerialization::test_to_dict_contains_placeholder
FAILED tests/test_procedural_curve.py::TestProceduralCurveSerialization::test_serialization_documentation_compliance
FAILED tests/test_rfunction_curve.py::TestRFunctionCurveInheritedMethods::test_normal_method_inherited
FAILED tests/test_sprint2_regression.py::TestSprint2EdgeCases::test_serialization_error_handling
FAILED tests/test_sprint3_regression.py::TestSprint3VectorizedOperations::test_superellipse_vectorized_gradient
FAILED tests/test_sprint3_regression.py::TestSprint3VectorizedOperations::test_procedural_curve_vectorized_evaluation
FAILED tests/test_sprint3_regression.py::TestSprint3VectorizedOperations::test_procedural_curve_vectorized_gradient
FAILED tests/test_sprint5_edge_cases.py::TestErrorHandlingAndBoundaryConditions::test_nan_inf_inputs
FAILED tests/test_sprint5_edge_cases.py::TestSpecialCases::test_degenerate_masks
FAILED tests/test_sprint5_regression.py::TestTrimmedImplicitCurveInterfaceConsistency::test_plotting_interface
FAILED tests/test_sprint5_regression.py::TestCompositeCurveInterfaceConsistency::test_vectorized_operations
FAILED tests/test_sprint5_regression.py::TestUtilityFunctions::test_create_square_from_edges
FAILED tests/test_sprint5_regression.py::TestEdgeCases::test_mask_always_true
FAILED tests/test_sprint5_serialization.py::TestCompositeCurveSerialization::test_serialization_mask_limitations_propagated
FAILED tests/test_superellipse.py::TestSuperellipseSpecializedMethods::test_string_representations
FAILED tests/test_superellipse.py::TestSuperellipseInheritedMethods::test_plot_method_inherited
================= 28 failed, 409 passed, 1 warning in 15.95s ==================
