STDOUT:
============================= test session starts =============================
collecting ... collected 432 items

tests/test_area_region.py::TestAreaRegionConstructor::test_constructor_with_valid_closed_boundary PASSED [  0%]
tests/test_area_region.py::TestAreaRegionConstructor::test_constructor_with_holes PASSED [  0%]
tests/test_area_region.py::TestAreaRegionConstructor::test_constructor_with_multiple_holes PASSED [  0%]
tests/test_area_region.py::TestAreaRegionConstructor::test_constructor_validates_outer_boundary_type PASSED [  0%]
tests/test_area_region.py::TestAreaRegionConstructor::test_constructor_validates_outer_boundary_closed FAILED [  1%]
tests/test_area_region.py::TestAreaRegionConstructor::test_constructor_validates_holes_type PASSED [  1%]
tests/test_area_region.py::TestAreaRegionConstructor::test_constructor_validates_hole_types PASSED [  1%]
tests/test_area_region.py::TestAreaRegionConstructor::test_constructor_validates_holes_closed FAILED [  1%]
tests/test_area_region.py::TestAreaRegionConstructor::test_constructor_copies_holes_list PASSED [  2%]
tests/test_area_region.py::TestAreaRegionContains::test_contains_simple_square_no_holes PASSED [  2%]
tests/test_area_region.py::TestAreaRegionContains::test_contains_square_with_circular_hole FAILED [  2%]
tests/test_area_region.py::TestAreaRegionContains::test_contains_multiple_holes PASSED [  2%]
tests/test_area_region.py::TestAreaRegionContains::test_contains_edge_cases PASSED [  3%]
tests/test_area_region.py::TestAreaRegionArea::test_area_simple_square PASSED [  3%]
tests/test_area_region.py::TestAreaRegionArea::test_area_square_with_hole PASSED [  3%]
tests/test_area_region.py::TestAreaRegionArea::test_area_multiple_holes PASSED [  3%]
tests/test_area_region.py::TestAreaRegionArea::test_area_no_holes PASSED [  3%]
tests/test_area_region.py::TestAreaRegionSerialization::test_to_dict_simple_region PASSED [  4%]
tests/test_area_region.py::TestAreaRegionSerialization::test_to_dict_region_with_holes PASSED [  4%]
tests/test_area_region.py::TestAreaRegionSerialization::test_from_dict_simple_region PASSED [  4%]
tests/test_area_region.py::TestAreaRegionSerialization::test_from_dict_region_with_holes PASSED [  4%]
tests/test_area_region.py::TestAreaRegionSerialization::test_from_dict_invalid_type PASSED [  5%]
tests/test_area_region.py::TestAreaRegionSerialization::test_serialization_round_trip PASSED [  5%]
tests/test_area_region.py::TestAreaRegionStringRepresentation::test_str_no_holes PASSED [  5%]
tests/test_area_region.py::TestAreaRegionStringRepresentation::test_str_with_holes PASSED [  5%]
tests/test_area_region.py::TestAreaRegionStringRepresentation::test_repr PASSED [  6%]
tests/test_base_field.py::TestBaseField::test_base_field_is_abstract PASSED [  6%]
tests/test_base_field.py::TestCurveField::test_init PASSED               [  6%]
tests/test_base_field.py::TestCurveField::test_init_invalid_curve PASSED [  6%]
tests/test_base_field.py::TestCurveField::test_evaluate_scalar PASSED    [  6%]
tests/test_base_field.py::TestCurveField::test_evaluate_vectorized PASSED [  7%]
tests/test_base_field.py::TestCurveField::test_gradient_scalar PASSED    [  7%]
tests/test_base_field.py::TestCurveField::test_gradient_vectorized FAILED [  7%]
tests/test_base_field.py::TestCurveField::test_level_set PASSED          [  7%]
tests/test_base_field.py::TestCurveField::test_serialization PASSED      [  8%]
tests/test_base_field.py::TestCurveField::test_from_dict_invalid_type PASSED [  8%]
tests/test_base_field.py::TestCurveField::test_with_different_curve_types PASSED [  8%]
tests/test_base_field.py::TestBlendedField::test_init_add PASSED         [  8%]
tests/test_base_field.py::TestBlendedField::test_init_invalid_operation PASSED [  9%]
tests/test_base_field.py::TestBlendedField::test_init_insufficient_fields FAILED [  9%]
tests/test_base_field.py::TestBlendedField::test_init_invalid_field_types FAILED [  9%]
tests/test_base_field.py::TestBlendedField::test_evaluate_add PASSED     [  9%]
tests/test_base_field.py::TestBlendedField::test_evaluate_subtract PASSED [  9%]
tests/test_base_field.py::TestBlendedField::test_evaluate_multiply PASSED [ 10%]
tests/test_base_field.py::TestBlendedField::test_evaluate_divide PASSED  [ 10%]
tests/test_base_field.py::TestBlendedField::test_evaluate_min PASSED     [ 10%]
tests/test_base_field.py::TestBlendedField::test_evaluate_max PASSED     [ 10%]
tests/test_base_field.py::TestBlendedField::test_evaluate_average PASSED [ 11%]
tests/test_base_field.py::TestBlendedField::test_evaluate_vectorized PASSED [ 11%]
tests/test_base_field.py::TestBlendedField::test_gradient_analytical PASSED [ 11%]
tests/test_base_field.py::TestBlendedField::test_gradient_numerical_fallback PASSED [ 11%]
tests/test_base_field.py::TestBlendedField::test_level_set PASSED        [ 12%]
tests/test_base_field.py::TestBlendedField::test_serialization PASSED    [ 12%]
tests/test_base_field.py::TestBlendedField::test_from_dict_invalid_type PASSED [ 12%]
tests/test_base_field.py::TestBlendedField::test_multiple_fields PASSED  [ 12%]
tests/test_base_field.py::TestBlendedField::test_nested_blended_fields PASSED [ 12%]
tests/test_base_field.py::TestFieldEdgeCases::test_curve_field_with_complex_expression PASSED [ 13%]
tests/test_base_field.py::TestFieldEdgeCases::test_blended_field_division_by_zero PASSED [ 13%]
tests/test_base_field.py::TestFieldEdgeCases::test_field_evaluation_with_nan PASSED [ 13%]
tests/test_base_field.py::TestFieldEdgeCases::test_field_evaluation_with_infinity PASSED [ 13%]
tests/test_base_field.py::TestFieldPerformance::test_vectorized_vs_scalar_performance PASSED [ 14%]
tests/test_base_field.py::TestFieldPerformance::test_blended_field_performance PASSED [ 14%]
tests/test_composite_curve.py::TestCompositeCurveConstructor::test_constructor_inherits_from_implicit_curve PASSED [ 14%]
tests/test_composite_curve.py::TestCompositeCurveConstructor::test_constructor_with_various_segments PASSED [ 14%]
tests/test_composite_curve.py::TestCompositeCurveConstructor::test_constructor_parameter_validation PASSED [ 15%]
tests/test_composite_curve.py::TestCompositeCurveConstructor::test_constructor_preserves_segment_order PASSED [ 15%]
tests/test_composite_curve.py::TestCompositeCurveIsClosedMethod::test_is_closed_for_complete_circle FAILED [ 15%]
tests/test_composite_curve.py::TestCompositeCurveIsClosedMethod::test_is_closed_for_incomplete_circle PASSED [ 15%]
tests/test_composite_curve.py::TestCompositeCurveIsClosedMethod::test_is_closed_for_single_segment PASSED [ 15%]
tests/test_composite_curve.py::TestCompositeCurveIsClosedMethod::test_is_closed_connectivity_tolerance PASSED [ 16%]
tests/test_composite_curve.py::TestCompositeCurveIsClosedMethod::test_is_closed_with_gaps PASSED [ 16%]
tests/test_composite_curve.py::TestCompositeCurveContainsMethod::test_contains_points_on_each_segment FAILED [ 16%]
tests/test_composite_curve.py::TestCompositeCurveContainsMethod::test_contains_points_not_on_curve PASSED [ 16%]
tests/test_composite_curve.py::TestCompositeCurveContainsMethod::test_contains_with_partial_segments FAILED [ 17%]
tests/test_composite_curve.py::TestCompositeCurveContainsMethod::test_contains_vectorized_input FAILED [ 17%]
tests/test_composite_curve.py::TestCompositeCurveContainsMethod::test_contains_tolerance_handling FAILED [ 17%]
tests/test_composite_curve.py::TestCompositeCurveInheritedMethods::test_evaluate_method_inherited PASSED [ 17%]
tests/test_composite_curve.py::TestCompositeCurveInheritedMethods::test_gradient_method_inherited PASSED [ 18%]
tests/test_composite_curve.py::TestCompositeCurveInheritedMethods::test_variables_property_inherited PASSED [ 18%]
tests/test_composite_curve.py::TestCompositeCurveInheritedMethods::test_plot_method_inherited PASSED [ 18%]
tests/test_composite_curve.py::TestCompositeCurveSpecializedMethods::test_property_access PASSED [ 18%]
tests/test_composite_curve.py::TestCompositeCurveSpecializedMethods::test_string_representations PASSED [ 18%]
tests/test_composite_curve.py::TestCompositeCurveSpecializedMethods::test_segment_count PASSED [ 19%]
tests/test_composite_curve.py::TestCompositeCurveConnectivity::test_connected_square_is_closed PASSED [ 19%]
tests/test_composite_curve.py::TestCompositeCurveConnectivity::test_disconnected_segments_not_closed PASSED [ 19%]
tests/test_composite_curve.py::TestCompositeCurveConnectivity::test_segment_endpoints PASSED [ 19%]
tests/test_composite_curve.py::TestCompositeCurveEdgeCases::test_single_segment_composite PASSED [ 20%]
tests/test_composite_curve.py::TestCompositeCurveEdgeCases::test_identical_segments PASSED [ 20%]
tests/test_composite_curve.py::TestCompositeCurveEdgeCases::test_overlapping_segments FAILED [ 20%]
tests/test_conic_section.py::TestConicSectionConstructor::test_constructor_inherits_from_implicit_curve PASSED [ 20%]
tests/test_conic_section.py::TestConicSectionConstructor::test_constructor_with_degree_2_polynomial PASSED [ 21%]
tests/test_conic_section.py::TestConicSectionConstructor::test_constructor_with_non_degree_2_polynomial_warning PASSED [ 21%]
tests/test_conic_section.py::TestConicSectionConicType::test_conic_type_circle PASSED [ 21%]
tests/test_conic_section.py::TestConicSectionConicType::test_conic_type_ellipse PASSED [ 21%]
tests/test_conic_section.py::TestConicSectionConicType::test_conic_type_parabola PASSED [ 21%]
tests/test_conic_section.py::TestConicSectionConicType::test_conic_type_hyperbola PASSED [ 22%]
tests/test_conic_section.py::TestConicSectionConicType::test_conic_type_degenerate_cases PASSED [ 22%]
tests/test_conic_section.py::TestConicSectionConicType::test_conic_type_rotated_conic PASSED [ 22%]
tests/test_conic_section.py::TestConicSectionConicType::test_conic_type_returns_string PASSED [ 22%]
tests/test_conic_section.py::TestConicSectionDegree::test_degree_always_returns_2 PASSED [ 23%]
tests/test_conic_section.py::TestConicSectionDegree::test_degree_returns_integer PASSED [ 23%]
tests/test_conic_section.py::TestConicSectionInheritedMethods::test_evaluate_method_inherited PASSED [ 23%]
tests/test_conic_section.py::TestConicSectionInheritedMethods::test_gradient_method_inherited PASSED [ 23%]
tests/test_conic_section.py::TestConicSectionInheritedMethods::test_normal_method_inherited PASSED [ 24%]
tests/test_conic_section.py::TestConicSectionSerialization::test_to_dict_has_conic_section_type PASSED [ 24%]
tests/test_conic_section.py::TestConicSectionSerialization::test_from_dict_reconstruction PASSED [ 24%]
tests/test_conic_section.py::TestConicSectionSerialization::test_serialization_round_trip_functional_equivalence PASSED [ 24%]
tests/test_conic_section.py::TestConicSectionSerialization::test_from_dict_invalid_type_handling PASSED [ 25%]
tests/test_conic_section.py::TestConicSectionSpecializedMethods::test_str_representation PASSED [ 25%]
tests/test_conic_section.py::TestConicSectionSpecializedMethods::test_repr_representation PASSED [ 25%]
tests/test_field_strategy.py::TestFieldStrategyBase::test_field_strategy_is_abstract PASSED [ 25%]
tests/test_field_strategy.py::TestSignedDistanceStrategy::test_init_default PASSED [ 25%]
tests/test_field_strategy.py::TestSignedDistanceStrategy::test_init_custom_resolution PASSED [ 26%]
tests/test_field_strategy.py::TestSignedDistanceStrategy::test_init_invalid_resolution PASSED [ 26%]
tests/test_field_strategy.py::TestSignedDistanceStrategy::test_generate_field PASSED [ 26%]
tests/test_field_strategy.py::TestSignedDistanceStrategy::test_serialization PASSED [ 26%]
tests/test_field_strategy.py::TestSignedDistanceStrategy::test_from_dict_invalid_type PASSED [ 27%]
tests/test_field_strategy.py::TestSignedDistanceStrategy::test_from_dict_missing_resolution PASSED [ 27%]
tests/test_field_strategy.py::TestOccupancyFillStrategy::test_init_default PASSED [ 27%]
tests/test_field_strategy.py::TestOccupancyFillStrategy::test_init_custom_values PASSED [ 27%]
tests/test_field_strategy.py::TestOccupancyFillStrategy::test_generate_field PASSED [ 28%]
tests/test_field_strategy.py::TestOccupancyFillStrategy::test_serialization PASSED [ 28%]
tests/test_field_strategy.py::TestOccupancyFillStrategy::test_from_dict_invalid_type PASSED [ 28%]
tests/test_field_strategy.py::TestOccupancyFillStrategy::test_from_dict_missing_values PASSED [ 28%]
tests/test_field_strategy.py::TestSignedDistanceField::test_init PASSED  [ 28%]
tests/test_field_strategy.py::TestSignedDistanceField::test_evaluate_scalar_inside PASSED [ 29%]
tests/test_field_strategy.py::TestSignedDistanceField::test_evaluate_scalar_outside PASSED [ 29%]
tests/test_field_strategy.py::TestSignedDistanceField::test_evaluate_scalar_boundary PASSED [ 29%]
tests/test_field_strategy.py::TestSignedDistanceField::test_evaluate_vectorized FAILED [ 29%]
tests/test_field_strategy.py::TestSignedDistanceField::test_gradient_scalar PASSED [ 30%]
tests/test_field_strategy.py::TestSignedDistanceField::test_gradient_vectorized PASSED [ 30%]
tests/test_field_strategy.py::TestSignedDistanceField::test_level_set PASSED [ 30%]
tests/test_field_strategy.py::TestSignedDistanceField::test_serialization PASSED [ 30%]
tests/test_field_strategy.py::TestSignedDistanceField::test_from_dict_invalid_type PASSED [ 31%]
tests/test_field_strategy.py::TestOccupancyField::test_init PASSED       [ 31%]
tests/test_field_strategy.py::TestOccupancyField::test_evaluate_scalar_inside PASSED [ 31%]
tests/test_field_strategy.py::TestOccupancyField::test_evaluate_scalar_outside PASSED [ 31%]
tests/test_field_strategy.py::TestOccupancyField::test_evaluate_vectorized FAILED [ 31%]
tests/test_field_strategy.py::TestOccupancyField::test_gradient_scalar PASSED [ 32%]
tests/test_field_strategy.py::TestOccupancyField::test_gradient_vectorized PASSED [ 32%]
tests/test_field_strategy.py::TestOccupancyField::test_level_set PASSED  [ 32%]
tests/test_field_strategy.py::TestOccupancyField::test_serialization PASSED [ 32%]
tests/test_field_strategy.py::TestOccupancyField::test_from_dict_invalid_type PASSED [ 33%]
tests/test_field_strategy.py::TestAreaRegionFieldIntegration::test_get_field_signed_distance PASSED [ 33%]
tests/test_field_strategy.py::TestAreaRegionFieldIntegration::test_get_field_occupancy PASSED [ 33%]
tests/test_field_strategy.py::TestAreaRegionFieldIntegration::test_get_field_with_hole_signed_distance PASSED [ 33%]
tests/test_field_strategy.py::TestAreaRegionFieldIntegration::test_get_field_with_hole_occupancy PASSED [ 34%]
tests/test_field_strategy.py::TestAreaRegionFieldIntegration::test_get_field_invalid_strategy PASSED [ 34%]
tests/test_field_strategy.py::TestFieldStrategyEdgeCases::test_signed_distance_field_empty_boundary PASSED [ 34%]
tests/test_field_strategy.py::TestFieldStrategyEdgeCases::test_field_evaluation_extreme_coordinates FAILED [ 34%]
tests/test_field_strategy.py::TestFieldStrategyEdgeCases::test_field_evaluation_nan_coordinates PASSED [ 34%]
tests/test_field_strategy.py::TestFieldStrategyPerformance::test_vectorized_evaluation_performance FAILED [ 35%]
tests/test_implicit_curve.py::TestImplicitCurveConstructor::test_constructor_with_valid_sympy_expr PASSED [ 35%]
tests/test_implicit_curve.py::TestImplicitCurveConstructor::test_constructor_with_default_variables PASSED [ 35%]
tests/test_implicit_curve.py::TestImplicitCurveConstructor::test_constructor_with_invalid_expression_type PASSED [ 35%]
tests/test_implicit_curve.py::TestImplicitCurveConstructor::test_constructor_with_invalid_expression_none PASSED [ 36%]
tests/test_implicit_curve.py::TestImplicitCurveConstructor::test_constructor_with_wrong_number_of_variables PASSED [ 36%]
tests/test_implicit_curve.py::TestImplicitCurveEvaluate::test_evaluate_scalar_input_on_curve PASSED [ 36%]
tests/test_implicit_curve.py::TestImplicitCurveEvaluate::test_evaluate_scalar_input_inside_curve PASSED [ 36%]
tests/test_implicit_curve.py::TestImplicitCurveEvaluate::test_evaluate_scalar_input_outside_curve PASSED [ 37%]
tests/test_implicit_curve.py::TestImplicitCurveEvaluate::test_evaluate_numpy_array_input PASSED [ 37%]
tests/test_implicit_curve.py::TestImplicitCurveEvaluate::test_evaluate_2d_numpy_array_input FAILED [ 37%]
tests/test_implicit_curve.py::TestImplicitCurveEvaluate::test_evaluate_mixed_scalar_array_input PASSED [ 37%]
tests/test_implicit_curve.py::TestImplicitCurveEvaluate::test_evaluate_performance_with_large_arrays PASSED [ 37%]
tests/test_implicit_curve.py::TestImplicitCurveGradient::test_gradient_circle_at_known_points PASSED [ 38%]
tests/test_implicit_curve.py::TestImplicitCurveGradient::test_gradient_line_constant PASSED [ 38%]
tests/test_implicit_curve.py::TestImplicitCurveGradient::test_gradient_parabola_variable PASSED [ 38%]
tests/test_implicit_curve.py::TestImplicitCurveGradient::test_gradient_returns_floats PASSED [ 38%]
tests/test_implicit_curve.py::TestImplicitCurveGradient::test_gradient_zero_at_origin_for_centered_curve PASSED [ 39%]
tests/test_implicit_curve.py::TestImplicitCurveNormal::test_normal_is_unit_length PASSED [ 39%]
tests/test_implicit_curve.py::TestImplicitCurveNormal::test_normal_direction_circle PASSED [ 39%]
tests/test_implicit_curve.py::TestImplicitCurveNormal::test_normal_direction_line PASSED [ 39%]
tests/test_implicit_curve.py::TestImplicitCurveNormal::test_normal_returns_floats PASSED [ 40%]
tests/test_implicit_curve.py::TestImplicitCurveNormal::test_normal_raises_error_for_zero_gradient PASSED [ 40%]
tests/test_implicit_curve.py::TestImplicitCurveNormal::test_normal_consistent_with_gradient PASSED [ 40%]
tests/test_implicit_curve.py::TestImplicitCurveSerialization::test_to_dict_basic_structure PASSED [ 40%]
tests/test_implicit_curve.py::TestImplicitCurveSerialization::test_to_dict_expression_serialization PASSED [ 40%]
tests/test_implicit_curve.py::TestImplicitCurveSerialization::test_from_dict_basic_reconstruction PASSED [ 41%]
tests/test_implicit_curve.py::TestImplicitCurveSerialization::test_round_trip_functional_equivalence PASSED [ 41%]
tests/test_implicit_curve.py::TestImplicitCurveSerialization::test_round_trip_gradient_equivalence PASSED [ 41%]
tests/test_implicit_curve.py::TestImplicitCurveSerialization::test_round_trip_normal_equivalence PASSED [ 41%]
tests/test_implicit_curve.py::TestImplicitCurveSerialization::test_from_dict_invalid_data_handling FAILED [ 42%]
tests/test_implicit_curve.py::TestImplicitCurveSerialization::test_custom_variables_serialization PASSED [ 42%]
tests/test_implicit_curve.py::TestImplicitCurveSerialization::test_serialization_with_complex_expressions PASSED [ 42%]
tests/test_polynomial_curve.py::TestPolynomialCurveConstructor::test_constructor_inherits_from_implicit_curve PASSED [ 42%]
tests/test_polynomial_curve.py::TestPolynomialCurveConstructor::test_constructor_with_various_polynomial_degrees PASSED [ 43%]
tests/test_polynomial_curve.py::TestPolynomialCurveConstructor::test_constructor_with_non_polynomial_expression PASSED [ 43%]
tests/test_polynomial_curve.py::TestPolynomialCurveDegree::test_degree_linear_polynomial PASSED [ 43%]
tests/test_polynomial_curve.py::TestPolynomialCurveDegree::test_degree_quadratic_polynomial PASSED [ 43%]
tests/test_polynomial_curve.py::TestPolynomialCurveDegree::test_degree_cubic_polynomial PASSED [ 43%]
tests/test_polynomial_curve.py::TestPolynomialCurveDegree::test_degree_quartic_polynomial PASSED [ 44%]
tests/test_polynomial_curve.py::TestPolynomialCurveDegree::test_degree_higher_degree_polynomial PASSED [ 44%]
tests/test_polynomial_curve.py::TestPolynomialCurveDegree::test_degree_constant_polynomial PASSED [ 44%]
tests/test_polynomial_curve.py::TestPolynomialCurveDegree::test_degree_mixed_terms_polynomial PASSED [ 44%]
tests/test_polynomial_curve.py::TestPolynomialCurveDegree::test_degree_returns_integer PASSED [ 45%]
tests/test_polynomial_curve.py::TestPolynomialCurveDegree::test_degree_non_polynomial_expressions PASSED [ 45%]
tests/test_polynomial_curve.py::TestPolynomialCurveInheritedMethods::test_evaluate_method_inherited PASSED [ 45%]
tests/test_polynomial_curve.py::TestPolynomialCurveInheritedMethods::test_gradient_method_inherited PASSED [ 45%]
tests/test_polynomial_curve.py::TestPolynomialCurveInheritedMethods::test_normal_method_inherited PASSED [ 46%]
tests/test_polynomial_curve.py::TestPolynomialCurveSerialization::test_to_dict_has_polynomial_curve_type PASSED [ 46%]
tests/test_polynomial_curve.py::TestPolynomialCurveSerialization::test_to_dict_includes_degree_info PASSED [ 46%]
tests/test_polynomial_curve.py::TestPolynomialCurveSerialization::test_from_dict_reconstruction PASSED [ 46%]
tests/test_polynomial_curve.py::TestPolynomialCurveSerialization::test_serialization_round_trip_functional_equivalence PASSED [ 46%]
tests/test_polynomial_curve.py::TestPolynomialCurveSerialization::test_from_dict_invalid_type_handling PASSED [ 47%]
tests/test_polynomial_curve.py::TestPolynomialCurveSpecializedMethods::test_str_representation PASSED [ 47%]
tests/test_polynomial_curve.py::TestPolynomialCurveSpecializedMethods::test_repr_representation PASSED [ 47%]
tests/test_procedural_curve.py::TestProceduralCurveConstructor::test_constructor_inherits_from_implicit_curve PASSED [ 47%]
tests/test_procedural_curve.py::TestProceduralCurveConstructor::test_constructor_with_lambda_function PASSED [ 48%]
tests/test_procedural_curve.py::TestProceduralCurveConstructor::test_constructor_with_regular_function PASSED [ 48%]
tests/test_procedural_curve.py::TestProceduralCurveConstructor::test_constructor_with_custom_variables PASSED [ 48%]
tests/test_procedural_curve.py::TestProceduralCurveConstructor::test_constructor_with_function_name PASSED [ 48%]
tests/test_procedural_curve.py::TestProceduralCurveConstructor::test_constructor_validation PASSED [ 49%]
tests/test_procedural_curve.py::TestProceduralCurveEvaluation::test_evaluate_scalar_inputs PASSED [ 49%]
tests/test_procedural_curve.py::TestProceduralCurveEvaluation::test_evaluate_vectorized_inputs FAILED [ 49%]
tests/test_procedural_curve.py::TestProceduralCurveEvaluation::test_evaluate_mixed_array_shapes FAILED [ 49%]
tests/test_procedural_curve.py::TestProceduralCurveEvaluation::test_evaluate_function_with_numpy_operations PASSED [ 50%]
tests/test_procedural_curve.py::TestProceduralCurveEvaluation::test_evaluate_consistency_with_direct_call PASSED [ 50%]
tests/test_procedural_curve.py::TestProceduralCurveGradient::test_gradient_scalar_inputs PASSED [ 50%]
tests/test_procedural_curve.py::TestProceduralCurveGradient::test_gradient_vectorized_inputs FAILED [ 50%]
tests/test_procedural_curve.py::TestProceduralCurveGradient::test_gradient_accuracy_comparison PASSED [ 50%]
tests/test_procedural_curve.py::TestProceduralCurveGradient::test_gradient_finite_difference_parameters PASSED [ 51%]
tests/test_procedural_curve.py::TestProceduralCurveGradient::test_gradient_with_complex_functions PASSED [ 51%]
tests/test_procedural_curve.py::TestProceduralCurveSerialization::test_to_dict_contains_placeholder FAILED [ 51%]
tests/test_procedural_curve.py::TestProceduralCurveSerialization::test_to_dict_descriptive_information PASSED [ 51%]
tests/test_procedural_curve.py::TestProceduralCurveSerialization::test_from_dict_creates_placeholder_object PASSED [ 52%]
tests/test_procedural_curve.py::TestProceduralCurveSerialization::test_serialization_round_trip_limitation PASSED [ 52%]
tests/test_procedural_curve.py::TestProceduralCurveSerialization::test_serialization_error_handling PASSED [ 52%]
tests/test_procedural_curve.py::TestProceduralCurveSerialization::test_serialization_documentation_compliance FAILED [ 52%]
tests/test_procedural_curve.py::TestProceduralCurveInheritedMethods::test_normal_method_inherited PASSED [ 53%]
tests/test_procedural_curve.py::TestProceduralCurveInheritedMethods::test_variables_property_inherited PASSED [ 53%]
tests/test_procedural_curve.py::TestProceduralCurveInheritedMethods::test_expression_property_behavior PASSED [ 53%]
tests/test_procedural_curve.py::TestProceduralCurveInheritedMethods::test_plot_method_inherited PASSED [ 53%]
tests/test_procedural_curve.py::TestProceduralCurveSpecializedMethods::test_function_property_access PASSED [ 53%]
tests/test_procedural_curve.py::TestProceduralCurveSpecializedMethods::test_name_property_access PASSED [ 54%]
tests/test_procedural_curve.py::TestProceduralCurveSpecializedMethods::test_string_representations PASSED [ 54%]
tests/test_procedural_curve.py::TestProceduralCurveSpecializedMethods::test_function_signature_validation PASSED [ 54%]
tests/test_rfunction_curve.py::TestRFunctionCurveConstructor::test_constructor_inherits_from_implicit_curve PASSED [ 54%]
tests/test_rfunction_curve.py::TestRFunctionCurveConstructor::test_constructor_with_various_operations PASSED [ 55%]
tests/test_rfunction_curve.py::TestRFunctionCurveConstructor::test_constructor_with_different_curve_types PASSED [ 55%]
tests/test_rfunction_curve.py::TestRFunctionCurveConstructor::test_constructor_parameter_validation PASSED [ 55%]
tests/test_rfunction_curve.py::TestRFunctionCurveSharpOperations::test_sharp_union_evaluation PASSED [ 55%]
tests/test_rfunction_curve.py::TestRFunctionCurveSharpOperations::test_sharp_intersection_evaluation PASSED [ 56%]
tests/test_rfunction_curve.py::TestRFunctionCurveSharpOperations::test_sharp_difference_evaluation PASSED [ 56%]
tests/test_rfunction_curve.py::TestRFunctionCurveSharpOperations::test_vectorized_sharp_operations PASSED [ 56%]
tests/test_rfunction_curve.py::TestRFunctionCurveSmoothBlending::test_smooth_blend_evaluation PASSED [ 56%]
tests/test_rfunction_curve.py::TestRFunctionCurveSmoothBlending::test_smooth_blend_continuity PASSED [ 56%]
tests/test_rfunction_curve.py::TestRFunctionCurveSmoothBlending::test_smooth_blend_alpha_effect PASSED [ 57%]
tests/test_rfunction_curve.py::TestRFunctionCurveSmoothBlending::test_smooth_blend_approaches_sharp_operations PASSED [ 57%]
tests/test_rfunction_curve.py::TestRFunctionCurveGradient::test_gradient_computation PASSED [ 57%]
tests/test_rfunction_curve.py::TestRFunctionCurveGradient::test_gradient_vectorized FAILED [ 57%]
tests/test_rfunction_curve.py::TestRFunctionCurveInheritedMethods::test_normal_method_inherited FAILED [ 58%]
tests/test_rfunction_curve.py::TestRFunctionCurveInheritedMethods::test_variables_property_inherited PASSED [ 58%]
tests/test_rfunction_curve.py::TestRFunctionCurveInheritedMethods::test_plot_method_inherited PASSED [ 58%]
tests/test_rfunction_curve.py::TestRFunctionCurveSerialization::test_serialization_round_trip_union PASSED [ 58%]
tests/test_rfunction_curve.py::TestRFunctionCurveSerialization::test_serialization_round_trip_blend PASSED [ 59%]
tests/test_rfunction_curve.py::TestRFunctionCurveSpecializedMethods::test_property_access PASSED [ 59%]
tests/test_rfunction_curve.py::TestRFunctionCurveSpecializedMethods::test_string_representations PASSED [ 59%]
tests/test_sprint2_regression.py::TestSprint2InterfaceConsistency::test_both_inherit_from_implicit_curve PASSED [ 59%]
tests/test_sprint2_regression.py::TestSprint2InterfaceConsistency::test_evaluate_method_consistency PASSED [ 59%]
tests/test_sprint2_regression.py::TestSprint2InterfaceConsistency::test_gradient_method_consistency PASSED [ 60%]
tests/test_sprint2_regression.py::TestSprint2InterfaceConsistency::test_normal_method_consistency PASSED [ 60%]
tests/test_sprint2_regression.py::TestSprint2InterfaceConsistency::test_degree_consistency_for_quadratics PASSED [ 60%]
tests/test_sprint2_regression.py::TestSprint2SerializationCompatibility::test_serialization_type_specificity PASSED [ 60%]
tests/test_sprint2_regression.py::TestSprint2SerializationCompatibility::test_cross_class_serialization_compatibility PASSED [ 61%]
tests/test_sprint2_regression.py::TestSprint2SerializationCompatibility::test_serialization_round_trip_all_classes PASSED [ 61%]
tests/test_sprint2_regression.py::TestSprint2SpecializedMethods::test_conic_section_type_classification PASSED [ 61%]
tests/test_sprint2_regression.py::TestSprint2SpecializedMethods::test_conic_section_degree_always_two PASSED [ 61%]
tests/test_sprint2_regression.py::TestSprint2SpecializedMethods::test_polynomial_curve_degree_computation PASSED [ 62%]
tests/test_sprint2_regression.py::TestSprint2SpecializedMethods::test_specialized_serialization_data PASSED [ 62%]
tests/test_sprint2_regression.py::TestSprint2EdgeCases::test_conic_section_with_degenerate_cases PASSED [ 62%]
tests/test_sprint2_regression.py::TestSprint2EdgeCases::test_polynomial_curve_with_constant PASSED [ 62%]
tests/test_sprint2_regression.py::TestSprint2EdgeCases::test_polynomial_curve_with_non_polynomial PASSED [ 62%]
tests/test_sprint2_regression.py::TestSprint2EdgeCases::test_serialization_error_handling FAILED [ 63%]
tests/test_sprint2_regression.py::TestSprint2Performance::test_vectorized_evaluation PASSED [ 63%]
tests/test_sprint2_regression.py::TestSprint2Performance::test_caching_behavior PASSED [ 63%]
tests/test_sprint3_regression.py::TestSprint3InterfaceConsistency::test_all_inherit_from_implicit_curve PASSED [ 63%]
tests/test_sprint3_regression.py::TestSprint3InterfaceConsistency::test_evaluate_method_consistency PASSED [ 64%]
tests/test_sprint3_regression.py::TestSprint3InterfaceConsistency::test_gradient_method_consistency PASSED [ 64%]
tests/test_sprint3_regression.py::TestSprint3SerializationBehavior::test_superellipse_serialization_completeness PASSED [ 64%]
tests/test_sprint3_regression.py::TestSprint3SerializationBehavior::test_procedural_curve_serialization_limitations PASSED [ 64%]
tests/test_sprint3_regression.py::TestSprint3SerializationBehavior::test_cross_class_serialization_type_specificity PASSED [ 65%]
tests/test_sprint3_regression.py::TestSprint3SpecializedFeatures::test_superellipse_shape_classification PASSED [ 65%]
tests/test_sprint3_regression.py::TestSprint3SpecializedFeatures::test_superellipse_parameter_access PASSED [ 65%]
tests/test_sprint3_regression.py::TestSprint3SpecializedFeatures::test_superellipse_gradient_handling PASSED [ 65%]
tests/test_sprint3_regression.py::TestSprint3SpecializedFeatures::test_procedural_curve_function_access PASSED [ 65%]
tests/test_sprint3_regression.py::TestSprint3SpecializedFeatures::test_procedural_curve_numerical_gradient_accuracy PASSED [ 66%]
tests/test_sprint3_regression.py::TestSprint3EdgeCases::test_superellipse_parameter_validation PASSED [ 66%]
tests/test_sprint3_regression.py::TestSprint3EdgeCases::test_superellipse_extreme_parameters PASSED [ 66%]
tests/test_sprint3_regression.py::TestSprint3EdgeCases::test_procedural_curve_function_validation PASSED [ 66%]
tests/test_sprint3_regression.py::TestSprint3EdgeCases::test_procedural_curve_function_errors PASSED [ 67%]
tests/test_sprint3_regression.py::TestSprint3VectorizedOperations::test_superellipse_vectorized_evaluation PASSED [ 67%]
tests/test_sprint3_regression.py::TestSprint3VectorizedOperations::test_superellipse_vectorized_gradient FAILED [ 67%]
tests/test_sprint3_regression.py::TestSprint3VectorizedOperations::test_procedural_curve_vectorized_evaluation FAILED [ 67%]
tests/test_sprint3_regression.py::TestSprint3VectorizedOperations::test_procedural_curve_vectorized_gradient FAILED [ 68%]
tests/test_sprint4_regression.py::TestRFunctionCurveInterfaceConsistency::test_all_curves_inherit_from_implicit_curve PASSED [ 68%]
tests/test_sprint4_regression.py::TestRFunctionCurveInterfaceConsistency::test_all_curves_have_required_methods PASSED [ 68%]
tests/test_sprint4_regression.py::TestRFunctionCurveInterfaceConsistency::test_all_curves_have_required_properties PASSED [ 68%]
tests/test_sprint4_regression.py::TestRFunctionCurveInterfaceConsistency::test_evaluate_method_consistency PASSED [ 68%]
tests/test_sprint4_regression.py::TestRFunctionCurveInterfaceConsistency::test_gradient_method_consistency PASSED [ 69%]
tests/test_sprint4_regression.py::TestRFunctionCurveInterfaceConsistency::test_vectorized_evaluation_consistency PASSED [ 69%]
tests/test_sprint4_regression.py::TestRFunctionCurveInterfaceConsistency::test_serialization_consistency PASSED [ 69%]
tests/test_sprint4_regression.py::TestConstructiveGeometryOperations::test_union_operations_all_combinations PASSED [ 69%]
tests/test_sprint4_regression.py::TestConstructiveGeometryOperations::test_intersection_operations_all_combinations PASSED [ 70%]
tests/test_sprint4_regression.py::TestConstructiveGeometryOperations::test_difference_operations_all_combinations PASSED [ 70%]
tests/test_sprint4_regression.py::TestConstructiveGeometryOperations::test_blend_operations_all_combinations PASSED [ 70%]
tests/test_sprint4_regression.py::TestWrapperFunctionEquivalence::test_union_wrapper_equivalence PASSED [ 70%]
tests/test_sprint4_regression.py::TestWrapperFunctionEquivalence::test_intersect_wrapper_equivalence PASSED [ 71%]
tests/test_sprint4_regression.py::TestWrapperFunctionEquivalence::test_difference_wrapper_equivalence PASSED [ 71%]
tests/test_sprint4_regression.py::TestWrapperFunctionEquivalence::test_blend_wrapper_equivalence PASSED [ 71%]
tests/test_sprint4_regression.py::TestNestedConstructiveOperations::test_nested_union_intersection PASSED [ 71%]
tests/test_sprint4_regression.py::TestNestedConstructiveOperations::test_nested_blend_operations PASSED [ 71%]
tests/test_sprint4_regression.py::TestNestedConstructiveOperations::test_complex_nested_structure PASSED [ 72%]
tests/test_sprint4_regression.py::TestRFunctionCurveEdgeCases::test_identical_curves_union PASSED [ 72%]
tests/test_sprint4_regression.py::TestRFunctionCurveEdgeCases::test_very_small_alpha_blend PASSED [ 72%]
tests/test_sprint4_regression.py::TestRFunctionCurveEdgeCases::test_large_alpha_blend PASSED [ 72%]
tests/test_sprint4_regression.py::TestRFunctionCurveEdgeCases::test_gradient_at_blend_boundaries PASSED [ 73%]
tests/test_sprint5_edge_cases.py::TestVectorizedScalarHandling::test_scalar_input_types PASSED [ 73%]
tests/test_sprint5_edge_cases.py::TestVectorizedScalarHandling::test_mixed_array_scalar_inputs PASSED [ 73%]
tests/test_sprint5_edge_cases.py::TestVectorizedScalarHandling::test_empty_arrays PASSED [ 73%]
tests/test_sprint5_edge_cases.py::TestVectorizedScalarHandling::test_large_arrays FAILED [ 74%]
tests/test_sprint5_edge_cases.py::TestUtilityFunctionRobustness::test_create_circle_edge_cases PASSED [ 74%]
tests/test_sprint5_edge_cases.py::TestUtilityFunctionRobustness::test_create_square_edge_cases PASSED [ 74%]
tests/test_sprint5_edge_cases.py::TestMixedCurveTypeInteractions::test_mixed_composite_creation PASSED [ 74%]
tests/test_sprint5_edge_cases.py::TestMixedCurveTypeInteractions::test_mixed_composite_vectorized PASSED [ 75%]
tests/test_sprint5_edge_cases.py::TestErrorHandlingAndBoundaryConditions::test_invalid_mask_functions PASSED [ 75%]
tests/test_sprint5_edge_cases.py::TestErrorHandlingAndBoundaryConditions::test_nan_inf_inputs PASSED [ 75%]
tests/test_sprint5_edge_cases.py::TestErrorHandlingAndBoundaryConditions::test_extreme_values PASSED [ 75%]
tests/test_sprint5_edge_cases.py::TestErrorHandlingAndBoundaryConditions::test_empty_composite_error PASSED [ 75%]
tests/test_sprint5_edge_cases.py::TestErrorHandlingAndBoundaryConditions::test_invalid_segment_types PASSED [ 76%]
tests/test_sprint5_edge_cases.py::TestMemoryAndPerformance::test_large_composite_creation PASSED [ 76%]
tests/test_sprint5_edge_cases.py::TestMemoryAndPerformance::test_nested_composite_serialization PASSED [ 76%]
tests/test_sprint5_edge_cases.py::TestMemoryAndPerformance::test_memory_cleanup PASSED [ 76%]
tests/test_sprint5_edge_cases.py::TestSpecialCases::test_degenerate_masks FAILED [ 77%]
tests/test_sprint5_edge_cases.py::TestSpecialCases::test_boundary_conditions PASSED [ 77%]
tests/test_sprint5_edge_cases.py::TestSpecialCases::test_gradient_singularities PASSED [ 77%]
tests/test_sprint5_expression_compatibility.py::TestExpressionTypeHandling::test_composite_with_different_expression_types PASSED [ 77%]
tests/test_sprint5_expression_compatibility.py::TestExpressionTypeHandling::test_composite_with_procedural_curves PASSED [ 78%]
tests/test_sprint5_expression_compatibility.py::TestExpressionTypeHandling::test_expression_placeholder_handling PASSED [ 78%]
tests/test_sprint5_expression_compatibility.py::TestUtilityFunctionExpressionHandling::test_create_circle_expression_types PASSED [ 78%]
tests/test_sprint5_expression_compatibility.py::TestUtilityFunctionExpressionHandling::test_create_square_expression_types PASSED [ 78%]
tests/test_sprint5_expression_compatibility.py::TestUtilityFunctionExpressionHandling::test_utility_function_edge_coordinates PASSED [ 78%]
tests/test_sprint5_expression_compatibility.py::TestSerializationExpressionHandling::test_complex_expression_serialization PASSED [ 79%]
tests/test_sprint5_expression_compatibility.py::TestSerializationExpressionHandling::test_composite_complex_expression_serialization PASSED [ 79%]
tests/test_sprint5_expression_compatibility.py::TestMixedTypeOperations::test_mixed_type_composite_evaluation PASSED [ 79%]
tests/test_sprint5_expression_compatibility.py::TestMixedTypeOperations::test_mixed_type_vectorized_operations FAILED [ 79%]
tests/test_sprint5_expression_compatibility.py::TestRobustnessUnderStress::test_deeply_nested_operations PASSED [ 80%]
tests/test_sprint5_expression_compatibility.py::TestRobustnessUnderStress::test_extreme_parameter_values FAILED [ 80%]
tests/test_sprint5_expression_compatibility.py::TestRobustnessUnderStress::test_memory_intensive_operations PASSED [ 80%]
tests/test_sprint5_regression.py::TestTrimmedImplicitCurveInterfaceConsistency::test_inheritance_from_implicit_curve PASSED [ 80%]
tests/test_sprint5_regression.py::TestTrimmedImplicitCurveInterfaceConsistency::test_evaluate_method_consistency PASSED [ 81%]
tests/test_sprint5_regression.py::TestTrimmedImplicitCurveInterfaceConsistency::test_gradient_method_consistency PASSED [ 81%]
tests/test_sprint5_regression.py::TestTrimmedImplicitCurveInterfaceConsistency::test_normal_method_consistency PASSED [ 81%]
tests/test_sprint5_regression.py::TestTrimmedImplicitCurveInterfaceConsistency::test_vectorized_operations FAILED [ 81%]
tests/test_sprint5_regression.py::TestTrimmedImplicitCurveInterfaceConsistency::test_serialization_interface PASSED [ 81%]
tests/test_sprint5_regression.py::TestTrimmedImplicitCurveInterfaceConsistency::test_plotting_interface FAILED [ 82%]
tests/test_sprint5_regression.py::TestCompositeCurveInterfaceConsistency::test_inheritance_from_implicit_curve PASSED [ 82%]
tests/test_sprint5_regression.py::TestCompositeCurveInterfaceConsistency::test_evaluate_method_consistency PASSED [ 82%]
tests/test_sprint5_regression.py::TestCompositeCurveInterfaceConsistency::test_gradient_method_consistency PASSED [ 82%]
tests/test_sprint5_regression.py::TestCompositeCurveInterfaceConsistency::test_vectorized_operations FAILED [ 83%]
tests/test_sprint5_regression.py::TestCompositeCurveInterfaceConsistency::test_serialization_interface PASSED [ 83%]
tests/test_sprint5_regression.py::TestCrossClassCompatibility::test_trimmed_with_constructive_geometry PASSED [ 83%]
tests/test_sprint5_regression.py::TestCrossClassCompatibility::test_composite_with_constructive_geometry PASSED [ 83%]
tests/test_sprint5_regression.py::TestCrossClassCompatibility::test_nested_trimmed_curves PASSED [ 84%]
tests/test_sprint5_regression.py::TestCrossClassCompatibility::test_serialization_cross_compatibility FAILED [ 84%]
tests/test_sprint5_regression.py::TestUtilityFunctions::test_create_circle_from_quarters PASSED [ 84%]
tests/test_sprint5_regression.py::TestUtilityFunctions::test_create_square_from_edges FAILED [ 84%]
tests/test_sprint5_regression.py::TestPerformanceCharacteristics::test_vectorized_performance FAILED [ 84%]
tests/test_sprint5_regression.py::TestEdgeCases::test_empty_composite_curve PASSED [ 85%]
tests/test_sprint5_regression.py::TestEdgeCases::test_single_segment_composite PASSED [ 85%]
tests/test_sprint5_regression.py::TestEdgeCases::test_mask_always_false PASSED [ 85%]
tests/test_sprint5_regression.py::TestEdgeCases::test_mask_always_true FAILED [ 85%]
tests/test_sprint5_serialization.py::TestTrimmedImplicitCurveSerialization::test_to_dict_structure PASSED [ 86%]
tests/test_sprint5_serialization.py::TestTrimmedImplicitCurveSerialization::test_serialization_round_trip_with_limitations PASSED [ 86%]
tests/test_sprint5_serialization.py::TestTrimmedImplicitCurveSerialization::test_serialization_different_base_curves PASSED [ 86%]
tests/test_sprint5_serialization.py::TestTrimmedImplicitCurveSerialization::test_serialization_preserves_variables PASSED [ 86%]
tests/test_sprint5_serialization.py::TestTrimmedImplicitCurveSerialization::test_serialization_mask_limitation_documentation PASSED [ 87%]
tests/test_sprint5_serialization.py::TestCompositeCurveSerialization::test_to_dict_structure PASSED [ 87%]
tests/test_sprint5_serialization.py::TestCompositeCurveSerialization::test_serialization_round_trip_full_circle PASSED [ 87%]
tests/test_sprint5_serialization.py::TestCompositeCurveSerialization::test_serialization_round_trip_partial_circle PASSED [ 87%]
tests/test_sprint5_serialization.py::TestCompositeCurveSerialization::test_serialization_mixed_base_curves PASSED [ 87%]
tests/test_sprint5_serialization.py::TestCompositeCurveSerialization::test_serialization_preserves_segment_order PASSED [ 88%]
tests/test_sprint5_serialization.py::TestCompositeCurveSerialization::test_serialization_preserves_variables PASSED [ 88%]
tests/test_sprint5_serialization.py::TestCompositeCurveSerialization::test_serialization_mask_limitations_propagated PASSED [ 88%]
tests/test_sprint5_serialization.py::TestNestedCompositeCurveSerialization::test_complex_composite_serialization PASSED [ 88%]
tests/test_sprint5_serialization.py::TestSerializationErrorHandling::test_invalid_trimmed_curve_data PASSED [ 89%]
tests/test_sprint5_serialization.py::TestSerializationErrorHandling::test_invalid_composite_curve_data PASSED [ 89%]
tests/test_sprint5_serialization.py::TestSerializationCompatibility::test_mixed_type_composite_serialization PASSED [ 89%]
tests/test_superellipse.py::TestSuperellipseConstructor::test_constructor_inherits_from_implicit_curve PASSED [ 89%]
tests/test_superellipse.py::TestSuperellipseConstructor::test_constructor_with_standard_parameters PASSED [ 90%]
tests/test_superellipse.py::TestSuperellipseConstructor::test_constructor_with_custom_variables PASSED [ 90%]
tests/test_superellipse.py::TestSuperellipseConstructor::test_constructor_parameter_validation PASSED [ 90%]
tests/test_superellipse.py::TestSuperellipseConstructor::test_expression_generation PASSED [ 90%]
tests/test_superellipse.py::TestSuperellipseEvaluation::test_evaluate_circle_like_superellipse PASSED [ 90%]
tests/test_superellipse.py::TestSuperellipseEvaluation::test_evaluate_squarish_superellipse PASSED [ 91%]
tests/test_superellipse.py::TestSuperellipseEvaluation::test_evaluate_diamond_like_superellipse PASSED [ 91%]
tests/test_superellipse.py::TestSuperellipseEvaluation::test_evaluate_elliptical_superellipse PASSED [ 91%]
tests/test_superellipse.py::TestSuperellipseEvaluation::test_evaluate_vectorized PASSED [ 91%]
tests/test_superellipse.py::TestSuperellipseGradient::test_gradient_at_non_axis_points PASSED [ 92%]
tests/test_superellipse.py::TestSuperellipseGradient::test_gradient_symmetry PASSED [ 92%]
tests/test_superellipse.py::TestSuperellipseGradient::test_gradient_near_axes PASSED [ 92%]
tests/test_superellipse.py::TestSuperellipseGradient::test_gradient_magnitude_scaling PASSED [ 92%]
tests/test_superellipse.py::TestSuperellipseSpecializedMethods::test_parameter_access PASSED [ 93%]
tests/test_superellipse.py::TestSuperellipseSpecializedMethods::test_shape_classification PASSED [ 93%]
tests/test_superellipse.py::TestSuperellipseSpecializedMethods::test_string_representations FAILED [ 93%]
tests/test_superellipse.py::TestSuperellipseSerialization::test_to_dict_structure PASSED [ 93%]
tests/test_superellipse.py::TestSuperellipseSerialization::test_from_dict_reconstruction PASSED [ 93%]
tests/test_superellipse.py::TestSuperellipseSerialization::test_serialization_round_trip_functional_equivalence PASSED [ 94%]
tests/test_superellipse.py::TestSuperellipseSerialization::test_from_dict_error_handling PASSED [ 94%]
tests/test_superellipse.py::TestSuperellipseInheritedMethods::test_normal_method_inherited PASSED [ 94%]
tests/test_superellipse.py::TestSuperellipseInheritedMethods::test_plot_method_inherited PASSED [ 94%]
tests/test_trimmed_implicit_curve.py::TestTrimmedImplicitCurveConstructor::test_constructor_inherits_from_implicit_curve PASSED [ 95%]
tests/test_trimmed_implicit_curve.py::TestTrimmedImplicitCurveConstructor::test_constructor_with_various_base_curves PASSED [ 95%]
tests/test_trimmed_implicit_curve.py::TestTrimmedImplicitCurveConstructor::test_constructor_with_various_masks PASSED [ 95%]
tests/test_trimmed_implicit_curve.py::TestTrimmedImplicitCurveConstructor::test_constructor_parameter_validation PASSED [ 95%]
tests/test_trimmed_implicit_curve.py::TestTrimmedImplicitCurveConstructor::test_constructor_preserves_variables PASSED [ 96%]
tests/test_trimmed_implicit_curve.py::TestTrimmedImplicitCurveContains::test_contains_right_half_circle FAILED [ 96%]
tests/test_trimmed_implicit_curve.py::TestTrimmedImplicitCurveContains::test_contains_upper_half_circle FAILED [ 96%]
tests/test_trimmed_implicit_curve.py::TestTrimmedImplicitCurveContains::test_contains_first_quadrant_circle FAILED [ 96%]
tests/test_trimmed_implicit_curve.py::TestTrimmedImplicitCurveContains::test_contains_line_segment PASSED [ 96%]
tests/test_trimmed_implicit_curve.py::TestTrimmedImplicitCurveContains::test_contains_tolerance_handling FAILED [ 97%]
tests/test_trimmed_implicit_curve.py::TestTrimmedImplicitCurveContains::test_contains_vectorized_input FAILED [ 97%]
tests/test_trimmed_implicit_curve.py::TestTrimmedImplicitCurveContains::test_contains_edge_cases PASSED [ 97%]
tests/test_trimmed_implicit_curve.py::TestTrimmedImplicitCurveInheritedMethods::test_evaluate_method_inherited PASSED [ 97%]
tests/test_trimmed_implicit_curve.py::TestTrimmedImplicitCurveInheritedMethods::test_gradient_method_inherited PASSED [ 98%]
tests/test_trimmed_implicit_curve.py::TestTrimmedImplicitCurveInheritedMethods::test_normal_method_inherited PASSED [ 98%]
tests/test_trimmed_implicit_curve.py::TestTrimmedImplicitCurveInheritedMethods::test_variables_property_inherited PASSED [ 98%]
tests/test_trimmed_implicit_curve.py::TestTrimmedImplicitCurveInheritedMethods::test_plot_method_inherited PASSED [ 98%]
tests/test_trimmed_implicit_curve.py::TestTrimmedImplicitCurveSpecializedMethods::test_property_access PASSED [ 99%]
tests/test_trimmed_implicit_curve.py::TestTrimmedImplicitCurveSpecializedMethods::test_string_representations PASSED [ 99%]
tests/test_trimmed_implicit_curve.py::TestTrimmedImplicitCurveComplexMasks::test_annular_mask PASSED [ 99%]
tests/test_trimmed_implicit_curve.py::TestTrimmedImplicitCurveComplexMasks::test_angular_mask PASSED [ 99%]
tests/test_trimmed_implicit_curve.py::TestTrimmedImplicitCurveComplexMasks::test_distance_mask PASSED [100%]

================================== FAILURES ===================================
_ TestAreaRegionConstructor.test_constructor_validates_outer_boundary_closed __
tests\test_area_region.py:86: in test_constructor_validates_outer_boundary_closed
    region = AreaRegion(open_composite)
geometry\area_region.py:59: in __init__
    raise ValueError("outer_boundary must have at least 3 segments to form a closed region")
E   ValueError: outer_boundary must have at least 3 segments to form a closed region

During handling of the above exception, another exception occurred:
tests\test_area_region.py:90: in test_constructor_validates_outer_boundary_closed
    assert "must be closed" in str(e)
E   AssertionError: assert 'must be closed' in 'outer_boundary must have at least 3 segments to form a closed region'
E    +  where 'outer_boundary must have at least 3 segments to form a closed region' = str(ValueError('outer_boundary must have at least 3 segments to form a closed region'))
______ TestAreaRegionConstructor.test_constructor_validates_holes_closed ______
tests\test_area_region.py:117: in test_constructor_validates_holes_closed
    region = AreaRegion(outer, [open_hole])
geometry\area_region.py:75: in __init__
    raise ValueError(f"holes[{i}] must have at least 3 segments to form a closed region")
E   ValueError: holes[0] must have at least 3 segments to form a closed region

During handling of the above exception, another exception occurred:
tests\test_area_region.py:121: in test_constructor_validates_holes_closed
    assert "must be closed" in str(e)
E   AssertionError: assert 'must be closed' in 'holes[0] must have at least 3 segments to form a closed region'
E    +  where 'holes[0] must have at least 3 segments to form a closed region' = str(ValueError('holes[0] must have at least 3 segments to form a closed region'))
_______ TestAreaRegionContains.test_contains_square_with_circular_hole ________
tests\test_area_region.py:181: in test_contains_square_with_circular_hole
    region = AreaRegion(outer, [circle_composite])
geometry\area_region.py:75: in __init__
    raise ValueError(f"holes[{i}] must have at least 3 segments to form a closed region")
E   ValueError: holes[0] must have at least 3 segments to form a closed region
___________________ TestCurveField.test_gradient_vectorized ___________________
tests\test_base_field.py:115: in test_gradient_vectorized
    grad_x, grad_y = field.gradient(x, y)
geometry\base_field.py:169: in gradient
    return self.curve.gradient(x, y)
geometry\implicit_curve.py:109: in gradient
    grad_x_val = float(self._grad_funcs[0](x_val, y_val))
E   TypeError: only length-1 arrays can be converted to Python scalars
_______________ TestBlendedField.test_init_insufficient_fields ________________
tests\test_base_field.py:206: in test_init_insufficient_fields
    BlendedField([field1], 'add')
geometry\base_field.py:283: in __init__
    raise ValueError("BlendedField requires at least 2 fields")
E   ValueError: BlendedField requires at least 2 fields

During handling of the above exception, another exception occurred:
tests\test_base_field.py:205: in test_init_insufficient_fields
    with pytest.raises(ValueError, match="At least two fields are required"):
E   AssertionError: Regex pattern did not match.
E    Regex: 'At least two fields are required'
E    Input: 'BlendedField requires at least 2 fields'
_______________ TestBlendedField.test_init_invalid_field_types ________________
tests\test_base_field.py:214: in test_init_invalid_field_types
    BlendedField([field1, "not a field"], 'add')
geometry\base_field.py:287: in __init__
    raise TypeError(f"fields[{i}] must be a BaseField instance")
E   TypeError: fields[1] must be a BaseField instance

During handling of the above exception, another exception occurred:
tests\test_base_field.py:213: in test_init_invalid_field_types
    with pytest.raises(TypeError, match="All fields must be BaseField instances"):
E   AssertionError: Regex pattern did not match.
E    Regex: 'All fields must be BaseField instances'
E    Input: 'fields[1] must be a BaseField instance'
_____ TestCompositeCurveIsClosedMethod.test_is_closed_for_complete_circle _____
tests\test_composite_curve.py:137: in test_is_closed_for_complete_circle
    assert self.closed_composite.is_closed() == True
E   assert False == True
E    +  where False = is_closed()
E    +    where is_closed = CompositeCurve(segments=[TrimmedImplicitCurve(base_curve=<ConicSection (circle): x**2 + y**2 - 1 = 0>, mask=<function TestCompositeCurveIsClosedMethod.setup_method.<locals>.<lambda> at 0x000001F4844BD240>), TrimmedImplicitCurve(base_curve=<ConicSection (circle): x**2 + y**2 - 1 = 0>, mask=<function TestCompositeCurveIsClosedMethod.setup_method.<locals>.<lambda> at 0x000001F4844BC430>), TrimmedImplicitCurve(base_curve=<ConicSection (circle): x**2 + y**2 - 1 = 0>, mask=<function TestCompositeCurveIsClosedMethod.setup_method.<locals>.<lambda> at 0x000001F4844BC3A0>), TrimmedImplicitCurve(base_curve=<ConicSection (circle): x**2 + y**2 - 1 = 0>, mask=<function TestCompositeCurveIsClosedMethod.setup_method.<locals>.<lambda> at 0x000001F4844BC040>)]).is_closed
E    +      where CompositeCurve(segments=[TrimmedImplicitCurve(base_curve=<ConicSection (circle): x**2 + y**2 - 1 = 0>, mask=<function TestCompositeCurveIsClosedMethod.setup_method.<locals>.<lambda> at 0x000001F4844BD240>), TrimmedImplicitCurve(base_curve=<ConicSection (circle): x**2 + y**2 - 1 = 0>, mask=<function TestCompositeCurveIsClosedMethod.setup_method.<locals>.<lambda> at 0x000001F4844BC430>), TrimmedImplicitCurve(base_curve=<ConicSection (circle): x**2 + y**2 - 1 = 0>, mask=<function TestCompositeCurveIsClosedMethod.setup_method.<locals>.<lambda> at 0x000001F4844BC3A0>), TrimmedImplicitCurve(base_curve=<ConicSection (circle): x**2 + y**2 - 1 = 0>, mask=<function TestCompositeCurveIsClosedMethod.setup_method.<locals>.<lambda> at 0x000001F4844BC040>)]) = <tests.test_composite_curve.TestCompositeCurveIsClosedMethod object at 0x000001F4840854E0>.closed_composite
____ TestCompositeCurveContainsMethod.test_contains_points_on_each_segment ____
tests\test_composite_curve.py:228: in test_contains_points_on_each_segment
    assert result == expected, f"Failed for {description}: point ({x}, {y})"
E   AssertionError: Failed for Point on first quadrant arc: point (0.707, 0.707)
E   assert False == True
____ TestCompositeCurveContainsMethod.test_contains_with_partial_segments _____
tests\test_composite_curve.py:265: in test_contains_with_partial_segments
    assert result == expected, f"Failed for {description}: point ({x}, {y})"
E   AssertionError: Failed for Point on first quadrant arc: point (0.707, 0.707)
E   assert False == True
_______ TestCompositeCurveContainsMethod.test_contains_vectorized_input _______
tests\test_composite_curve.py:276: in test_contains_vectorized_input
    np.testing.assert_array_equal(results, expected)
C:\Users\markb\AppData\Local\Programs\Python\Python310\lib\contextlib.py:79: in inner
    return func(*args, **kwds)
E   AssertionError: 
E   Arrays are not equal
E   
E   Mismatched elements: 2 / 6 (33.3%)
E    x: array([ True,  True,  True,  True, False, False])
E    y: array([ True,  True,  True,  True,  True,  True])
______ TestCompositeCurveContainsMethod.test_contains_tolerance_handling ______
tests\test_composite_curve.py:290: in test_contains_tolerance_handling
    assert result == expected, f"Failed for {description}: point ({x}, {y})"
E   AssertionError: Failed for Point very close to circle boundary: point (1.0000000001, 0.0)
E   assert False == True
____________ TestCompositeCurveEdgeCases.test_overlapping_segments ____________
tests\test_composite_curve.py:485: in test_overlapping_segments
    assert overlapping_composite.contains(0.707, 0.707) == True  # On both segments
E   assert False == True
E    +  where False = contains(0.707, 0.707)
E    +    where contains = CompositeCurve(segments=[TrimmedImplicitCurve(base_curve=<ConicSection (circle): x**2 + y**2 - 1 = 0>, mask=<function TestCompositeCurveEdgeCases.test_overlapping_segments.<locals>.<lambda> at 0x000001F485563BE0>), TrimmedImplicitCurve(base_curve=<ConicSection (circle): x**2 + y**2 - 1 = 0>, mask=<function TestCompositeCurveEdgeCases.test_overlapping_segments.<locals>.<lambda> at 0x000001F485563400>)]).contains
______________ TestSignedDistanceField.test_evaluate_vectorized _______________
tests\test_field_strategy.py:206: in test_evaluate_vectorized
    assert result[0] < 0
E   assert 0.0 < 0
_________________ TestOccupancyField.test_evaluate_vectorized _________________
tests\test_field_strategy.py:303: in test_evaluate_vectorized
    assert result[0] == 2.0
E   assert -1.0 == 2.0
____ TestFieldStrategyEdgeCases.test_field_evaluation_extreme_coordinates _____
tests\test_field_strategy.py:487: in test_field_evaluation_extreme_coordinates
    assert occ_result == 0.0  # Should be outside (since square starts at 0,0)
E   assert 1.0 == 0.0
_____ TestFieldStrategyPerformance.test_vectorized_evaluation_performance _____
tests\test_field_strategy.py:530: in test_vectorized_evaluation_performance
    np.testing.assert_array_equal(result_vectorized, result_scalar)
C:\Users\markb\AppData\Local\Programs\Python\Python310\lib\contextlib.py:79: in inner
    return func(*args, **kwds)
E   AssertionError: 
E   Arrays are not equal
E   
E   Mismatched elements: 46 / 100 (46%)
E   Max absolute difference: 1.
E   Max relative difference: 1.
E    x: array([0., 0., 0., 0., 0., 0., 0., 0., 0., 0., 0., 0., 0., 0., 0., 0., 0.,
E          0., 0., 0., 0., 0., 0., 0., 0., 0., 0., 0., 0., 0., 0., 0., 0., 0.,
E          0., 0., 0., 0., 0., 0., 0., 0., 0., 0., 0., 0., 0., 0., 0., 0., 0.,...
E    y: array([0., 0., 1., 0., 0., 0., 0., 1., 0., 1., 1., 0., 1., 1., 0., 1., 1.,
E          0., 1., 0., 0., 1., 1., 0., 1., 0., 0., 0., 0., 1., 1., 0., 0., 0.,
E          0., 0., 1., 1., 0., 0., 1., 1., 1., 0., 0., 1., 1., 1., 0., 1., 1.,...
________ TestImplicitCurveEvaluate.test_evaluate_2d_numpy_array_input _________
tests\test_implicit_curve.py:134: in test_evaluate_2d_numpy_array_input
    assert results[1, 0] < 0  # (0,1) inside
E   assert 0.0 < 0
_____ TestImplicitCurveSerialization.test_from_dict_invalid_data_handling _____
tests\test_implicit_curve.py:450: in test_from_dict_invalid_data_handling
    ImplicitCurve.from_dict({"type": "WrongType", "expression": "x + y"})
geometry\implicit_curve.py:251: in from_dict
    raise ValueError(f"Unknown curve type: {curve_type}")
E   ValueError: Unknown curve type: WrongType

During handling of the above exception, another exception occurred:
tests\test_implicit_curve.py:449: in test_from_dict_invalid_data_handling
    with pytest.raises(ValueError, match="Invalid type"):
E   AssertionError: Regex pattern did not match.
E    Regex: 'Invalid type'
E    Input: 'Unknown curve type: WrongType'
________ TestProceduralCurveEvaluation.test_evaluate_vectorized_inputs ________
tests\test_procedural_curve.py:144: in test_evaluate_vectorized_inputs
    np.testing.assert_allclose(circle_results, expected_circle, rtol=1e-10)
C:\Users\markb\AppData\Local\Programs\Python\Python310\lib\contextlib.py:79: in inner
    return func(*args, **kwds)
E   AssertionError: 
E   Not equal to tolerance rtol=1e-10, atol=0
E   
E   Mismatched elements: 2 / 4 (50%)
E   Max absolute difference: 3.
E   Max relative difference: 1.
E    x: array([0., 0., 0., 0.])
E    y: array([-1.,  0.,  3.,  0.])
_______ TestProceduralCurveEvaluation.test_evaluate_mixed_array_shapes ________
tests\test_procedural_curve.py:162: in test_evaluate_mixed_array_shapes
    np.testing.assert_allclose(results, expected, rtol=1e-10)
C:\Users\markb\AppData\Local\Programs\Python\Python310\lib\contextlib.py:79: in inner
    return func(*args, **kwds)
E   AssertionError: 
E   Not equal to tolerance rtol=1e-10, atol=0
E   
E   Mismatched elements: 2 / 4 (50%)
E   Max absolute difference: 3.
E   Max relative difference: 1.
E    x: array([[0., 0.],
E          [0., 0.]])
E    y: array([[-1.,  0.],
E          [ 3.,  0.]])
_________ TestProceduralCurveGradient.test_gradient_vectorized_inputs _________
tests\test_procedural_curve.py:244: in test_gradient_vectorized_inputs
    np.testing.assert_allclose(grad_x, expected_grad_x, rtol=1e-5)
C:\Users\markb\AppData\Local\Programs\Python\Python310\lib\contextlib.py:79: in inner
    return func(*args, **kwds)
E   AssertionError: 
E   Not equal to tolerance rtol=1e-05, atol=0
E   
E   Mismatched elements: 2 / 3 (66.7%)
E   Max absolute difference: 2.
E   Max relative difference: 1.
E    x: array([0., 0., 0.])
E    y: array([2., 0., 1.])
_____ TestProceduralCurveSerialization.test_to_dict_contains_placeholder ______
tests\test_procedural_curve.py:324: in test_to_dict_contains_placeholder
    assert data["function"] == "custom" or "placeholder" in data["function"].lower()
E   AssertionError: assert ('Circle' == 'custom'
E     
E     - custom
E     + Circle or 'placeholder' in 'circle')
E    +  where 'circle' = <built-in method lower of str object at 0x000001F4E9240230>()
E    +    where <built-in method lower of str object at 0x000001F4E9240230> = 'Circle'.lower
_ TestProceduralCurveSerialization.test_serialization_documentation_compliance _
tests\test_procedural_curve.py:410: in test_serialization_documentation_compliance
    assert function_desc in ["custom", "placeholder"] or "custom" in function_desc.lower()
E   AssertionError: assert ('Circle' in ['custom', 'placeholder'] or 'custom' in 'circle')
E    +  where 'circle' = <built-in method lower of str object at 0x000001F4E9240230>()
E    +    where <built-in method lower of str object at 0x000001F4E9240230> = 'Circle'.lower
_____________ TestRFunctionCurveGradient.test_gradient_vectorized _____________
tests\test_rfunction_curve.py:354: in test_gradient_vectorized
    grad_x, grad_y = self.union_curve.gradient(x_vals, y_vals)
geometry\rfunction_curve.py:144: in gradient
    grad1_x, grad1_y = self.curve1.gradient(x, y)
geometry\implicit_curve.py:109: in gradient
    grad_x_val = float(self._grad_funcs[0](x_val, y_val))
E   TypeError: only length-1 arrays can be converted to Python scalars
_______ TestRFunctionCurveInheritedMethods.test_normal_method_inherited _______
tests\test_rfunction_curve.py:381: in test_normal_method_inherited
    nx, ny = self.union_curve.normal(x, y)
geometry\implicit_curve.py:138: in normal
    raise ValueError(f"Normal undefined at point ({x_val}, {y_val}) - zero gradient")
E   ValueError: Normal undefined at point (0.0, 0.0) - zero gradient

During handling of the above exception, another exception occurred:
tests\test_rfunction_curve.py:389: in test_normal_method_inherited
    with pytest.raises((ValueError, ZeroDivisionError)):
E   Failed: DID NOT RAISE (<class 'ValueError'>, <class 'ZeroDivisionError'>)
___________ TestSprint2EdgeCases.test_serialization_error_handling ____________
tests\test_sprint2_regression.py:325: in test_serialization_error_handling
    with pytest.raises(ValueError):
E   Failed: DID NOT RAISE <class 'ValueError'>
____ TestSprint3VectorizedOperations.test_superellipse_vectorized_gradient ____
tests\test_sprint3_regression.py:379: in test_superellipse_vectorized_gradient
    assert abs(grad_x[i] - scalar_grad[0]) < 1e-10
E   assert 2.0 < 1e-10
E    +  where 2.0 = abs((0.0 - 2.0))
_ TestSprint3VectorizedOperations.test_procedural_curve_vectorized_evaluation _
tests\test_sprint3_regression.py:395: in test_procedural_curve_vectorized_evaluation
    assert abs(results[i] - scalar_result) < 1e-10
E   assert 1.0 < 1e-10
E    +  where 1.0 = abs((0.0 - -1.0))
__ TestSprint3VectorizedOperations.test_procedural_curve_vectorized_gradient __
tests\test_sprint3_regression.py:412: in test_procedural_curve_vectorized_gradient
    assert abs(grad_x[i] - scalar_grad[0]) < 1e-10
E   assert 1.9999999933961732 < 1e-10
E    +  where 1.9999999933961732 = abs((0.0 - 1.9999999933961732))
_______________ TestVectorizedScalarHandling.test_large_arrays ________________
tests\test_sprint5_edge_cases.py:97: in test_large_arrays
    grad_x, grad_y = self.trimmed.gradient(x_vals, y_vals)
geometry\trimmed_implicit_curve.py:154: in gradient
    return self.base_curve.gradient(x, y)
geometry\implicit_curve.py:109: in gradient
    grad_x_val = float(self._grad_funcs[0](x_val, y_val))
E   TypeError: only length-1 arrays can be converted to Python scalars
___________________ TestSpecialCases.test_degenerate_masks ____________________
tests\test_sprint5_edge_cases.py:326: in test_degenerate_masks
    assert always_true.contains(0.0, 0.0) == base_contains
E   assert False == True
E    +  where False = contains(0.0, 0.0)
E    +    where contains = TrimmedImplicitCurve(base_curve=<ConicSection (circle): x**2 + y**2 - 1 = 0>, mask=<function TestSpecialCases.test_degenerate_masks.<locals>.<lambda> at 0x000001F4857BBA30>).contains
________ TestMixedTypeOperations.test_mixed_type_vectorized_operations ________
tests\test_sprint5_expression_compatibility.py:309: in test_mixed_type_vectorized_operations
    grad_x, grad_y = composite.gradient(x_vals, y_vals)
geometry\composite_curve.py:284: in gradient
    grad_x[mask] = seg_grad_x[mask]
E   TypeError: 'float' object is not subscriptable
___________ TestRobustnessUnderStress.test_extreme_parameter_values ___________
tests\test_sprint5_expression_compatibility.py:351: in test_extreme_parameter_values
    result_extreme = trimmed.evaluate(1e10, 1e-10)
geometry\trimmed_implicit_curve.py:138: in evaluate
    return self.base_curve.evaluate(x, y)
geometry\implicit_curve.py:80: in evaluate
    return self._eval_func(x_val, y_val)
<lambdifygenerated-411>:2: in _lambdifygenerated
    return 1.0e+600*abs(x)**100.0 + 9.99999999999995e-601*abs(y)**100.0 - 1
E   OverflowError: (34, 'Result too large')
___ TestTrimmedImplicitCurveInterfaceConsistency.test_vectorized_operations ___
tests\test_sprint5_regression.py:125: in test_vectorized_operations
    grad_x, grad_y = curve.gradient(x_vals, y_vals)
geometry\trimmed_implicit_curve.py:154: in gradient
    return self.base_curve.gradient(x, y)
geometry\implicit_curve.py:109: in gradient
    grad_x_val = float(self._grad_funcs[0](x_val, y_val))
E   TypeError: only length-1 arrays can be converted to Python scalars
____ TestTrimmedImplicitCurveInterfaceConsistency.test_plotting_interface _____
tests\test_sprint5_regression.py:158: in test_plotting_interface
    fig, ax = plt.subplots()
C:\Users\markb\AppData\Local\Programs\Python\Python310\lib\site-packages\matplotlib\pyplot.py:1769: in subplots
    fig = figure(**fig_kw)
C:\Users\markb\AppData\Local\Programs\Python\Python310\lib\site-packages\matplotlib\pyplot.py:1042: in figure
    manager = new_figure_manager(
C:\Users\markb\AppData\Local\Programs\Python\Python310\lib\site-packages\matplotlib\pyplot.py:552: in new_figure_manager
    return _get_backend_mod().new_figure_manager(*args, **kwargs)
C:\Users\markb\AppData\Local\Programs\Python\Python310\lib\site-packages\matplotlib\backend_bases.py:3501: in new_figure_manager
    return cls.new_figure_manager_given_figure(num, fig)
C:\Users\markb\AppData\Local\Programs\Python\Python310\lib\site-packages\matplotlib\backend_bases.py:3506: in new_figure_manager_given_figure
    return cls.FigureCanvas.new_manager(figure, num)
C:\Users\markb\AppData\Local\Programs\Python\Python310\lib\site-packages\matplotlib\backend_bases.py:1783: in new_manager
    return cls.manager_class.create_with_canvas(cls, figure, num)
C:\Users\markb\AppData\Local\Programs\Python\Python310\lib\site-packages\matplotlib\backends\_backend_tk.py:507: in create_with_canvas
    window = tk.Tk(className="matplotlib")
C:\Users\markb\AppData\Local\Programs\Python\Python310\lib\tkinter\__init__.py:2299: in __init__
    self.tk = _tkinter.create(screenName, baseName, className, interactive, wantobjects, useTk, sync, use)
E   _tkinter.TclError: Can't find a usable init.tcl in the following directories: 
E       {C:\Users\markb\AppData\Local\Programs\Python\Python310\tcl\tcl8.6}
E   
E   C:/Users/markb/AppData/Local/Programs/Python/Python310/tcl/tcl8.6/init.tcl: couldn't read file "C:/Users/markb/AppData/Local/Programs/Python/Python310/tcl/tcl8.6/init.tcl": No error
E   couldn't read file "C:/Users/markb/AppData/Local/Programs/Python/Python310/tcl/tcl8.6/init.tcl": No error
E       while executing
E   "source C:/Users/markb/AppData/Local/Programs/Python/Python310/tcl/tcl8.6/init.tcl"
E       ("uplevel" body line 1)
E       invoked from within
E   "uplevel #0 [list source $tclfile]"
E   
E   
E   This probably means that Tcl wasn't installed properly.
______ TestCompositeCurveInterfaceConsistency.test_vectorized_operations ______
tests\test_sprint5_regression.py:246: in test_vectorized_operations
    grad_x, grad_y = curve.gradient(x_vals, y_vals)
geometry\composite_curve.py:283: in gradient
    seg_grad_x, seg_grad_y = segment.gradient(x_array, y_array)
geometry\trimmed_implicit_curve.py:154: in gradient
    return self.base_curve.gradient(x, y)
geometry\implicit_curve.py:109: in gradient
    grad_x_val = float(self._grad_funcs[0](x_val, y_val))
E   TypeError: only length-1 arrays can be converted to Python scalars
_____ TestCrossClassCompatibility.test_serialization_cross_compatibility ______
tests\test_sprint5_regression.py:360: in test_serialization_cross_compatibility
    restored = ImplicitCurve.from_dict(serialized)
geometry\implicit_curve.py:251: in from_dict
    raise ValueError(f"Unknown curve type: {curve_type}")
E   ValueError: Unknown curve type: TrimmedImplicitCurve
_____________ TestUtilityFunctions.test_create_square_from_edges ______________
tests\test_sprint5_regression.py:408: in test_create_square_from_edges
    assert abs(result) < 1e-6  # Should be close to zero
E   assert 1.0 < 1e-06
E    +  where 1.0 = abs(-1.0)
_________ TestPerformanceCharacteristics.test_vectorized_performance __________
tests\test_sprint5_regression.py:444: in test_vectorized_performance
    grad_x, grad_y = self.trimmed.gradient(x_vals, y_vals)
geometry\trimmed_implicit_curve.py:154: in gradient
    return self.base_curve.gradient(x, y)
geometry\implicit_curve.py:109: in gradient
    grad_x_val = float(self._grad_funcs[0](x_val, y_val))
E   TypeError: only length-1 arrays can be converted to Python scalars
_____________________ TestEdgeCases.test_mask_always_true _____________________
tests\test_sprint5_regression.py:511: in test_mask_always_true
    assert trimmed_contains == base_contains
E   assert False == True
_______ TestSuperellipseSpecializedMethods.test_string_representations ________
tests\test_superellipse.py:327: in test_string_representations
    assert "superellipse" in circle_str.lower() or "abs" in circle_str.lower()
E   AssertionError: assert ('superellipse' in '|x/1.0|^2.0 + |y/1.0|^2.0 = 1' or 'abs' in '|x/1.0|^2.0 + |y/1.0|^2.0 = 1')
E    +  where '|x/1.0|^2.0 + |y/1.0|^2.0 = 1' = <built-in method lower of str object at 0x000001F4854B9200>()
E    +    where <built-in method lower of str object at 0x000001F4854B9200> = '|x/1.0|^2.0 + |y/1.0|^2.0 = 1'.lower
E    +  and   '|x/1.0|^2.0 + |y/1.0|^2.0 = 1' = <built-in method lower of str object at 0x000001F4854B9200>()
E    +    where <built-in method lower of str object at 0x000001F4854B9200> = '|x/1.0|^2.0 + |y/1.0|^2.0 = 1'.lower
______ TestTrimmedImplicitCurveContains.test_contains_right_half_circle _______
tests\test_trimmed_implicit_curve.py:143: in test_contains_right_half_circle
    assert result == expected, f"Failed for {description}: point ({x}, {y})"
E   AssertionError: Failed for Point on right arc (approx): point (0.707, 0.707)
E   assert False == True
______ TestTrimmedImplicitCurveContains.test_contains_upper_half_circle _______
tests\test_trimmed_implicit_curve.py:160: in test_contains_upper_half_circle
    assert result == expected, f"Failed for {description}: point ({x}, {y})"
E   AssertionError: Failed for Point on upper arc: point (0.707, 0.707)
E   assert False == True
____ TestTrimmedImplicitCurveContains.test_contains_first_quadrant_circle _____
tests\test_trimmed_implicit_curve.py:177: in test_contains_first_quadrant_circle
    assert result == expected, f"Failed for {description}: point ({x}, {y})"
E   AssertionError: Failed for Point on first quadrant arc: point (0.707, 0.707)
E   assert False == True
______ TestTrimmedImplicitCurveContains.test_contains_tolerance_handling ______
tests\test_trimmed_implicit_curve.py:209: in test_contains_tolerance_handling
    assert result == expected, f"Failed for {description}: point ({x}, {y})"
E   AssertionError: Failed for Point very close to circle boundary: point (1.0000000001, 0.0)
E   assert False == True
_______ TestTrimmedImplicitCurveContains.test_contains_vectorized_input _______
tests\test_trimmed_implicit_curve.py:220: in test_contains_vectorized_input
    np.testing.assert_array_equal(results, expected)
C:\Users\markb\AppData\Local\Programs\Python\Python310\lib\contextlib.py:79: in inner
    return func(*args, **kwds)
E   AssertionError: 
E   Arrays are not equal
E   
E   Mismatched elements: 1 / 4 (25%)
E    x: array([ True,  True, False, False])
E    y: array([ True,  True, False,  True])
============================== warnings summary ===============================
tests/test_sprint5_expression_compatibility.py::TestMixedTypeOperations::test_mixed_type_vectorized_operations
  C:\repos\2Top\geometry\implicit_curve.py:109: DeprecationWarning: Conversion of an array with ndim > 0 to a scalar is deprecated, and will error in future. Ensure you extract a single element from your array before performing this operation. (Deprecated NumPy 1.25.)
    grad_x_val = float(self._grad_funcs[0](x_val, y_val))

tests/test_sprint5_expression_compatibility.py::TestMixedTypeOperations::test_mixed_type_vectorized_operations
  C:\repos\2Top\geometry\implicit_curve.py:110: DeprecationWarning: Conversion of an array with ndim > 0 to a scalar is deprecated, and will error in future. Ensure you extract a single element from your array before performing this operation. (Deprecated NumPy 1.25.)
    grad_y_val = float(self._grad_funcs[1](x_val, y_val))

-- Docs: https://docs.pytest.org/en/stable/how-to/capture-warnings.html
=========================== short test summary info ===========================
FAILED tests/test_area_region.py::TestAreaRegionConstructor::test_constructor_validates_outer_boundary_closed
FAILED tests/test_area_region.py::TestAreaRegionConstructor::test_constructor_validates_holes_closed
FAILED tests/test_area_region.py::TestAreaRegionContains::test_contains_square_with_circular_hole
FAILED tests/test_base_field.py::TestCurveField::test_gradient_vectorized - T...
FAILED tests/test_base_field.py::TestBlendedField::test_init_insufficient_fields
FAILED tests/test_base_field.py::TestBlendedField::test_init_invalid_field_types
FAILED tests/test_composite_curve.py::TestCompositeCurveIsClosedMethod::test_is_closed_for_complete_circle
FAILED tests/test_composite_curve.py::TestCompositeCurveContainsMethod::test_contains_points_on_each_segment
FAILED tests/test_composite_curve.py::TestCompositeCurveContainsMethod::test_contains_with_partial_segments
FAILED tests/test_composite_curve.py::TestCompositeCurveContainsMethod::test_contains_vectorized_input
FAILED tests/test_composite_curve.py::TestCompositeCurveContainsMethod::test_contains_tolerance_handling
FAILED tests/test_composite_curve.py::TestCompositeCurveEdgeCases::test_overlapping_segments
FAILED tests/test_field_strategy.py::TestSignedDistanceField::test_evaluate_vectorized
FAILED tests/test_field_strategy.py::TestOccupancyField::test_evaluate_vectorized
FAILED tests/test_field_strategy.py::TestFieldStrategyEdgeCases::test_field_evaluation_extreme_coordinates
FAILED tests/test_field_strategy.py::TestFieldStrategyPerformance::test_vectorized_evaluation_performance
FAILED tests/test_implicit_curve.py::TestImplicitCurveEvaluate::test_evaluate_2d_numpy_array_input
FAILED tests/test_implicit_curve.py::TestImplicitCurveSerialization::test_from_dict_invalid_data_handling
FAILED tests/test_procedural_curve.py::TestProceduralCurveEvaluation::test_evaluate_vectorized_inputs
FAILED tests/test_procedural_curve.py::TestProceduralCurveEvaluation::test_evaluate_mixed_array_shapes
FAILED tests/test_procedural_curve.py::TestProceduralCurveGradient::test_gradient_vectorized_inputs
FAILED tests/test_procedural_curve.py::TestProceduralCurveSerialization::test_to_dict_contains_placeholder
FAILED tests/test_procedural_curve.py::TestProceduralCurveSerialization::test_serialization_documentation_compliance
FAILED tests/test_rfunction_curve.py::TestRFunctionCurveGradient::test_gradient_vectorized
FAILED tests/test_rfunction_curve.py::TestRFunctionCurveInheritedMethods::test_normal_method_inherited
FAILED tests/test_sprint2_regression.py::TestSprint2EdgeCases::test_serialization_error_handling
FAILED tests/test_sprint3_regression.py::TestSprint3VectorizedOperations::test_superellipse_vectorized_gradient
FAILED tests/test_sprint3_regression.py::TestSprint3VectorizedOperations::test_procedural_curve_vectorized_evaluation
FAILED tests/test_sprint3_regression.py::TestSprint3VectorizedOperations::test_procedural_curve_vectorized_gradient
FAILED tests/test_sprint5_edge_cases.py::TestVectorizedScalarHandling::test_large_arrays
FAILED tests/test_sprint5_edge_cases.py::TestSpecialCases::test_degenerate_masks
FAILED tests/test_sprint5_expression_compatibility.py::TestMixedTypeOperations::test_mixed_type_vectorized_operations
FAILED tests/test_sprint5_expression_compatibility.py::TestRobustnessUnderStress::test_extreme_parameter_values
FAILED tests/test_sprint5_regression.py::TestTrimmedImplicitCurveInterfaceConsistency::test_vectorized_operations
FAILED tests/test_sprint5_regression.py::TestTrimmedImplicitCurveInterfaceConsistency::test_plotting_interface
FAILED tests/test_sprint5_regression.py::TestCompositeCurveInterfaceConsistency::test_vectorized_operations
FAILED tests/test_sprint5_regression.py::TestCrossClassCompatibility::test_serialization_cross_compatibility
FAILED tests/test_sprint5_regression.py::TestUtilityFunctions::test_create_square_from_edges
FAILED tests/test_sprint5_regression.py::TestPerformanceCharacteristics::test_vectorized_performance
FAILED tests/test_sprint5_regression.py::TestEdgeCases::test_mask_always_true
FAILED tests/test_superellipse.py::TestSuperellipseSpecializedMethods::test_string_representations
FAILED tests/test_trimmed_implicit_curve.py::TestTrimmedImplicitCurveContains::test_contains_right_half_circle
FAILED tests/test_trimmed_implicit_curve.py::TestTrimmedImplicitCurveContains::test_contains_upper_half_circle
FAILED tests/test_trimmed_implicit_curve.py::TestTrimmedImplicitCurveContains::test_contains_first_quadrant_circle
FAILED tests/test_trimmed_implicit_curve.py::TestTrimmedImplicitCurveContains::test_contains_tolerance_handling
FAILED tests/test_trimmed_implicit_curve.py::TestTrimmedImplicitCurveContains::test_contains_vectorized_input
================= 46 failed, 386 passed, 2 warnings in 14.35s =================


STDERR:


Return code: 1