============================= test session starts =============================
platform win32 -- Python 3.10.11, pytest-8.3.5, pluggy-1.6.0 -- C:\Users\markb\AppData\Local\Programs\Python\Python310\python.exe
cachedir: .pytest_cache
rootdir: C:\repos\2Top
plugins: anyio-3.7.1, hydra-core-1.3.2, langsmith-0.3.18, mock-3.14.0
collecting ... collected 1 item

tests/test_sprint5_serialization.py::TestTrimmedImplicitCurveSerialization::test_serialization_mask_limitation_documentation FAILED [100%]

================================== FAILURES ===================================
_ TestTrimmedImplicitCurveSerialization.test_serialization_mask_limitation_documentation _
tests\test_sprint5_serialization.py:136: in test_serialization_mask_limitation_documentation
    assert hasattr(restored, '_deserialization_warning')
E   AssertionError: assert False
E    +  where False = hasattr(TrimmedImplicitCurve(base_curve=<ConicSection (circle): x**2 + y**2 - 1 = 0>, mask=<function TrimmedImplicitCurve._reconstruct_mask_function.<locals>.rectangular_mask at 0x000002318739A3B0>), '_deserialization_warning')
=========================== short test summary info ===========================
FAILED tests/test_sprint5_serialization.py::TestTrimmedImplicitCurveSerialization::test_serialization_mask_limitation_documentation
============================== 1 failed in 2.41s ==============================
