<?xml version="1.0" encoding="utf-8"?><testsuites><testsuite name="pytest" errors="0" failures="5" skipped="0" tests="198" time="5.456" timestamp="2025-08-09T22:38:03.018133-04:00" hostname="work1"><testcase classname="tests.test_area_region.TestAreaRegionConstructor" name="test_constructor_with_valid_closed_boundary" time="0.043" /><testcase classname="tests.test_area_region.TestAreaRegionConstructor" name="test_constructor_with_holes" time="0.001" /><testcase classname="tests.test_area_region.TestAreaRegionConstructor" name="test_constructor_with_multiple_holes" time="0.001" /><testcase classname="tests.test_area_region.TestAreaRegionConstructor" name="test_constructor_validates_outer_boundary_type" time="0.001" /><testcase classname="tests.test_area_region.TestAreaRegionConstructor" name="test_constructor_validates_outer_boundary_closed" time="0.001" /><testcase classname="tests.test_area_region.TestAreaRegionConstructor" name="test_constructor_validates_holes_type" time="0.001" /><testcase classname="tests.test_area_region.TestAreaRegionConstructor" name="test_constructor_validates_hole_types" time="0.001" /><testcase classname="tests.test_area_region.TestAreaRegionConstructor" name="test_constructor_validates_holes_closed" time="0.001" /><testcase classname="tests.test_area_region.TestAreaRegionConstructor" name="test_constructor_copies_holes_list" time="0.001" /><testcase classname="tests.test_area_region.TestAreaRegionContains" name="test_contains_simple_square_no_holes" time="0.001" /><testcase classname="tests.test_area_region.TestAreaRegionContains" name="test_contains_square_with_circular_hole" time="0.011" /><testcase classname="tests.test_area_region.TestAreaRegionContains" name="test_contains_multiple_holes" time="0.002" /><testcase classname="tests.test_area_region.TestAreaRegionContains" name="test_contains_edge_cases" time="0.001" /><testcase classname="tests.test_area_region.TestAreaRegionArea" name="test_area_simple_square" time="0.007"><failure message="AssertionError: Expected area ~4.0, got 4000000.0&#10;assert 3999996.0 &lt; 0.5&#10; +  where 3999996.0 = abs((4000000.0 - 4.0))">tests\test_area_region.py:246: in test_area_simple_square
    assert abs(area - 4.0) &lt; 0.5, f"Expected area ~4.0, got {area}"
E   AssertionError: Expected area ~4.0, got 4000000.0
E   assert 3999996.0 &lt; 0.5
E    +  where 3999996.0 = abs((4000000.0 - 4.0))</failure></testcase><testcase classname="tests.test_area_region.TestAreaRegionArea" name="test_area_square_with_hole" time="0.011"><failure message="AssertionError: Expected area ~12.0, got 0.0&#10;assert 12.0 &lt; 1.0&#10; +  where 12.0 = abs((0.0 - 12.0))">tests\test_area_region.py:262: in test_area_square_with_hole
    assert abs(area - 12.0) &lt; 1.0, f"Expected area ~12.0, got {area}"
E   AssertionError: Expected area ~12.0, got 0.0
E   assert 12.0 &lt; 1.0
E    +  where 12.0 = abs((0.0 - 12.0))</failure></testcase><testcase classname="tests.test_area_region.TestAreaRegionArea" name="test_area_multiple_holes" time="0.017"><failure message="AssertionError: Expected area ~34.0, got -4000000.0&#10;assert 4000034.0 &lt; 2.0&#10; +  where 4000034.0 = abs((-4000000.0 - 34.0))">tests\test_area_region.py:279: in test_area_multiple_holes
    assert abs(area - 34.0) &lt; 2.0, f"Expected area ~34.0, got {area}"
E   AssertionError: Expected area ~34.0, got -4000000.0
E   assert 4000034.0 &lt; 2.0
E    +  where 4000034.0 = abs((-4000000.0 - 34.0))</failure></testcase><testcase classname="tests.test_area_region.TestAreaRegionArea" name="test_area_no_holes" time="0.007"><failure message="AssertionError: Expected area ~9.0, got 4000000.0&#10;assert 3999991.0 &lt; 1.0&#10; +  where 3999991.0 = abs((4000000.0 - 9.0))">tests\test_area_region.py:291: in test_area_no_holes
    assert abs(area - 9.0) &lt; 1.0, f"Expected area ~9.0, got {area}"
E   AssertionError: Expected area ~9.0, got 4000000.0
E   assert 3999991.0 &lt; 1.0
E    +  where 3999991.0 = abs((4000000.0 - 9.0))</failure></testcase><testcase classname="tests.test_area_region.TestAreaRegionSerialization" name="test_to_dict_simple_region" time="0.009" /><testcase classname="tests.test_area_region.TestAreaRegionSerialization" name="test_to_dict_region_with_holes" time="0.015" /><testcase classname="tests.test_area_region.TestAreaRegionSerialization" name="test_from_dict_simple_region" time="0.014" /><testcase classname="tests.test_area_region.TestAreaRegionSerialization" name="test_from_dict_region_with_holes" time="0.029" /><testcase classname="tests.test_area_region.TestAreaRegionSerialization" name="test_from_dict_invalid_type" time="0.001" /><testcase classname="tests.test_area_region.TestAreaRegionSerialization" name="test_serialization_round_trip" time="0.102" /><testcase classname="tests.test_area_region.TestAreaRegionStringRepresentation" name="test_str_no_holes" time="0.002" /><testcase classname="tests.test_area_region.TestAreaRegionStringRepresentation" name="test_str_with_holes" time="0.002" /><testcase classname="tests.test_area_region.TestAreaRegionStringRepresentation" name="test_repr" time="0.002" /><testcase classname="tests.test_base_field.TestBaseField" name="test_base_field_is_abstract" time="0.001" /><testcase classname="tests.test_base_field.TestCurveField" name="test_init" time="0.001" /><testcase classname="tests.test_base_field.TestCurveField" name="test_init_invalid_curve" time="0.001" /><testcase classname="tests.test_base_field.TestCurveField" name="test_evaluate_scalar" time="0.002" /><testcase classname="tests.test_base_field.TestCurveField" name="test_evaluate_vectorized" time="0.003" /><testcase classname="tests.test_base_field.TestCurveField" name="test_gradient_scalar" time="0.011" /><testcase classname="tests.test_base_field.TestCurveField" name="test_gradient_vectorized" time="0.012" /><testcase classname="tests.test_base_field.TestCurveField" name="test_level_set" time="0.002" /><testcase classname="tests.test_base_field.TestCurveField" name="test_serialization" time="0.004" /><testcase classname="tests.test_base_field.TestCurveField" name="test_from_dict_invalid_type" time="0.001" /><testcase classname="tests.test_base_field.TestCurveField" name="test_with_different_curve_types" time="0.004" /><testcase classname="tests.test_base_field.TestBlendedField" name="test_init_add" time="0.001" /><testcase classname="tests.test_base_field.TestBlendedField" name="test_init_invalid_operation" time="0.001" /><testcase classname="tests.test_base_field.TestBlendedField" name="test_init_insufficient_fields" time="0.001" /><testcase classname="tests.test_base_field.TestBlendedField" name="test_init_invalid_field_types" time="0.001" /><testcase classname="tests.test_base_field.TestBlendedField" name="test_evaluate_add" time="0.004" /><testcase classname="tests.test_base_field.TestBlendedField" name="test_evaluate_subtract" time="0.004" /><testcase classname="tests.test_base_field.TestBlendedField" name="test_evaluate_multiply" time="0.003" /><testcase classname="tests.test_base_field.TestBlendedField" name="test_evaluate_divide" time="0.004" /><testcase classname="tests.test_base_field.TestBlendedField" name="test_evaluate_min" time="0.004" /><testcase classname="tests.test_base_field.TestBlendedField" name="test_evaluate_max" time="0.005" /><testcase classname="tests.test_base_field.TestBlendedField" name="test_evaluate_average" time="0.004" /><testcase classname="tests.test_base_field.TestBlendedField" name="test_evaluate_vectorized" time="0.004" /><testcase classname="tests.test_base_field.TestBlendedField" name="test_gradient_analytical" time="0.010" /><testcase classname="tests.test_base_field.TestBlendedField" name="test_gradient_numerical_fallback" time="0.007" /><testcase classname="tests.test_base_field.TestBlendedField" name="test_level_set" time="0.001" /><testcase classname="tests.test_base_field.TestBlendedField" name="test_serialization" time="0.008" /><testcase classname="tests.test_base_field.TestBlendedField" name="test_from_dict_invalid_type" time="0.001" /><testcase classname="tests.test_base_field.TestBlendedField" name="test_multiple_fields" time="0.006" /><testcase classname="tests.test_base_field.TestBlendedField" name="test_nested_blended_fields" time="0.005" /><testcase classname="tests.test_base_field.TestFieldEdgeCases" name="test_curve_field_with_complex_expression" time="0.024" /><testcase classname="tests.test_base_field.TestFieldEdgeCases" name="test_blended_field_division_by_zero" time="0.003" /><testcase classname="tests.test_base_field.TestFieldEdgeCases" name="test_field_evaluation_with_nan" time="0.002" /><testcase classname="tests.test_base_field.TestFieldEdgeCases" name="test_field_evaluation_with_infinity" time="0.002" /><testcase classname="tests.test_base_field.TestFieldPerformance" name="test_vectorized_vs_scalar_performance" time="0.003" /><testcase classname="tests.test_base_field.TestFieldPerformance" name="test_blended_field_performance" time="0.007" /><testcase classname="tests.test_composite_curve.TestCompositeCurveConstructor" name="test_constructor_inherits_from_implicit_curve" time="0.001" /><testcase classname="tests.test_composite_curve.TestCompositeCurveConstructor" name="test_constructor_with_various_segments" time="0.001" /><testcase classname="tests.test_composite_curve.TestCompositeCurveConstructor" name="test_constructor_parameter_validation" time="0.001" /><testcase classname="tests.test_composite_curve.TestCompositeCurveConstructor" name="test_constructor_preserves_segment_order" time="0.001" /><testcase classname="tests.test_composite_curve.TestCompositeCurveIsClosedMethod" name="test_is_closed_for_complete_circle" time="0.001" /><testcase classname="tests.test_composite_curve.TestCompositeCurveIsClosedMethod" name="test_is_closed_for_incomplete_circle" time="0.001" /><testcase classname="tests.test_composite_curve.TestCompositeCurveIsClosedMethod" name="test_is_closed_for_single_segment" time="0.002" /><testcase classname="tests.test_composite_curve.TestCompositeCurveIsClosedMethod" name="test_is_closed_connectivity_tolerance" time="0.001" /><testcase classname="tests.test_composite_curve.TestCompositeCurveIsClosedMethod" name="test_is_closed_with_gaps" time="0.001" /><testcase classname="tests.test_composite_curve.TestCompositeCurveContainsMethod" name="test_contains_points_on_each_segment" time="0.002" /><testcase classname="tests.test_composite_curve.TestCompositeCurveContainsMethod" name="test_contains_points_not_on_curve" time="0.002" /><testcase classname="tests.test_composite_curve.TestCompositeCurveContainsMethod" name="test_contains_with_partial_segments" time="0.002" /><testcase classname="tests.test_composite_curve.TestCompositeCurveContainsMethod" name="test_contains_vectorized_input" time="0.003" /><testcase classname="tests.test_composite_curve.TestCompositeCurveContainsMethod" name="test_contains_tolerance_handling" time="0.002" /><testcase classname="tests.test_composite_curve.TestCompositeCurveInheritedMethods" name="test_evaluate_method_inherited" time="0.002" /><testcase classname="tests.test_composite_curve.TestCompositeCurveInheritedMethods" name="test_gradient_method_inherited" time="0.003" /><testcase classname="tests.test_composite_curve.TestCompositeCurveInheritedMethods" name="test_variables_property_inherited" time="0.001" /><testcase classname="tests.test_composite_curve.TestCompositeCurveInheritedMethods" name="test_plot_method_inherited" time="0.001" /><testcase classname="tests.test_composite_curve.TestCompositeCurveSpecializedMethods" name="test_property_access" time="0.001" /><testcase classname="tests.test_composite_curve.TestCompositeCurveSpecializedMethods" name="test_string_representations" time="0.002" /><testcase classname="tests.test_composite_curve.TestCompositeCurveSpecializedMethods" name="test_segment_count" time="0.001" /><testcase classname="tests.test_composite_curve.TestCompositeCurveConnectivity" name="test_connected_square_is_closed" time="0.001" /><testcase classname="tests.test_composite_curve.TestCompositeCurveConnectivity" name="test_disconnected_segments_not_closed" time="0.001" /><testcase classname="tests.test_composite_curve.TestCompositeCurveConnectivity" name="test_segment_endpoints" time="0.001" /><testcase classname="tests.test_composite_curve.TestCompositeCurveEdgeCases" name="test_single_segment_composite" time="0.003" /><testcase classname="tests.test_composite_curve.TestCompositeCurveEdgeCases" name="test_identical_segments" time="0.003" /><testcase classname="tests.test_composite_curve.TestCompositeCurveEdgeCases" name="test_overlapping_segments" time="0.002" /><testcase classname="tests.test_conic_section.TestConicSectionConstructor" name="test_constructor_inherits_from_implicit_curve" time="0.001" /><testcase classname="tests.test_conic_section.TestConicSectionConstructor" name="test_constructor_with_degree_2_polynomial" time="0.002" /><testcase classname="tests.test_conic_section.TestConicSectionConstructor" name="test_constructor_with_non_degree_2_polynomial_warning" time="0.001" /><testcase classname="tests.test_conic_section.TestConicSectionConicType" name="test_conic_type_circle" time="0.004" /><testcase classname="tests.test_conic_section.TestConicSectionConicType" name="test_conic_type_ellipse" time="0.005" /><testcase classname="tests.test_conic_section.TestConicSectionConicType" name="test_conic_type_parabola" time="0.002" /><testcase classname="tests.test_conic_section.TestConicSectionConicType" name="test_conic_type_hyperbola" time="0.002" /><testcase classname="tests.test_conic_section.TestConicSectionConicType" name="test_conic_type_degenerate_cases" time="0.003" /><testcase classname="tests.test_conic_section.TestConicSectionConicType" name="test_conic_type_rotated_conic" time="0.003" /><testcase classname="tests.test_conic_section.TestConicSectionConicType" name="test_conic_type_returns_string" time="0.002" /><testcase classname="tests.test_conic_section.TestConicSectionDegree" name="test_degree_always_returns_2" time="0.001" /><testcase classname="tests.test_conic_section.TestConicSectionDegree" name="test_degree_returns_integer" time="0.001" /><testcase classname="tests.test_conic_section.TestConicSectionInheritedMethods" name="test_evaluate_method_inherited" time="0.005" /><testcase classname="tests.test_conic_section.TestConicSectionInheritedMethods" name="test_gradient_method_inherited" time="0.006" /><testcase classname="tests.test_conic_section.TestConicSectionInheritedMethods" name="test_normal_method_inherited" time="0.002" /><testcase classname="tests.test_conic_section.TestConicSectionSerialization" name="test_to_dict_has_conic_section_type" time="0.002" /><testcase classname="tests.test_conic_section.TestConicSectionSerialization" name="test_from_dict_reconstruction" time="0.004" /><testcase classname="tests.test_conic_section.TestConicSectionSerialization" name="test_serialization_round_trip_functional_equivalence" time="0.013" /><testcase classname="tests.test_conic_section.TestConicSectionSerialization" name="test_from_dict_invalid_type_handling" time="0.002" /><testcase classname="tests.test_conic_section.TestConicSectionSpecializedMethods" name="test_str_representation" time="0.001" /><testcase classname="tests.test_conic_section.TestConicSectionSpecializedMethods" name="test_repr_representation" time="0.002" /><testcase classname="tests.test_field_strategy.TestFieldStrategyBase" name="test_field_strategy_is_abstract" time="0.001" /><testcase classname="tests.test_field_strategy.TestSignedDistanceStrategy" name="test_init_default" time="0.001" /><testcase classname="tests.test_field_strategy.TestSignedDistanceStrategy" name="test_init_custom_resolution" time="0.001" /><testcase classname="tests.test_field_strategy.TestSignedDistanceStrategy" name="test_init_invalid_resolution" time="0.001" /><testcase classname="tests.test_field_strategy.TestSignedDistanceStrategy" name="test_generate_field" time="0.001" /><testcase classname="tests.test_field_strategy.TestSignedDistanceStrategy" name="test_serialization" time="0.001" /><testcase classname="tests.test_field_strategy.TestSignedDistanceStrategy" name="test_from_dict_invalid_type" time="0.001" /><testcase classname="tests.test_field_strategy.TestSignedDistanceStrategy" name="test_from_dict_missing_resolution" time="0.001" /><testcase classname="tests.test_field_strategy.TestOccupancyFillStrategy" name="test_init_default" time="0.001" /><testcase classname="tests.test_field_strategy.TestOccupancyFillStrategy" name="test_init_custom_values" time="0.001" /><testcase classname="tests.test_field_strategy.TestOccupancyFillStrategy" name="test_generate_field" time="0.001" /><testcase classname="tests.test_field_strategy.TestOccupancyFillStrategy" name="test_serialization" time="0.001" /><testcase classname="tests.test_field_strategy.TestOccupancyFillStrategy" name="test_from_dict_invalid_type" time="0.002" /><testcase classname="tests.test_field_strategy.TestOccupancyFillStrategy" name="test_from_dict_missing_values" time="0.001" /><testcase classname="tests.test_field_strategy.TestSignedDistanceField" name="test_init" time="0.001" /><testcase classname="tests.test_field_strategy.TestSignedDistanceField" name="test_evaluate_scalar_inside" time="0.014" /><testcase classname="tests.test_field_strategy.TestSignedDistanceField" name="test_evaluate_scalar_outside" time="0.012" /><testcase classname="tests.test_field_strategy.TestSignedDistanceField" name="test_evaluate_scalar_boundary" time="0.012" /><testcase classname="tests.test_field_strategy.TestSignedDistanceField" name="test_evaluate_vectorized" time="0.028" /><testcase classname="tests.test_field_strategy.TestSignedDistanceField" name="test_gradient_scalar" time="0.033" /><testcase classname="tests.test_field_strategy.TestSignedDistanceField" name="test_gradient_vectorized" time="0.062" /><testcase classname="tests.test_field_strategy.TestSignedDistanceField" name="test_level_set" time="0.001" /><testcase classname="tests.test_field_strategy.TestSignedDistanceField" name="test_serialization" time="0.018" /><testcase classname="tests.test_field_strategy.TestSignedDistanceField" name="test_from_dict_invalid_type" time="0.005" /><testcase classname="tests.test_field_strategy.TestOccupancyField" name="test_init" time="0.002" /><testcase classname="tests.test_field_strategy.TestOccupancyField" name="test_evaluate_scalar_inside" time="0.002" /><testcase classname="tests.test_field_strategy.TestOccupancyField" name="test_evaluate_scalar_outside" time="0.002" /><testcase classname="tests.test_field_strategy.TestOccupancyField" name="test_evaluate_vectorized" time="0.004" /><testcase classname="tests.test_field_strategy.TestOccupancyField" name="test_gradient_scalar" time="0.002" /><testcase classname="tests.test_field_strategy.TestOccupancyField" name="test_gradient_vectorized" time="0.005" /><testcase classname="tests.test_field_strategy.TestOccupancyField" name="test_level_set" time="0.006" /><testcase classname="tests.test_field_strategy.TestOccupancyField" name="test_serialization" time="0.022" /><testcase classname="tests.test_field_strategy.TestOccupancyField" name="test_from_dict_invalid_type" time="0.003" /><testcase classname="tests.test_field_strategy.TestAreaRegionFieldIntegration" name="test_get_field_signed_distance" time="0.041" /><testcase classname="tests.test_field_strategy.TestAreaRegionFieldIntegration" name="test_get_field_occupancy" time="0.002" /><testcase classname="tests.test_field_strategy.TestAreaRegionFieldIntegration" name="test_get_field_with_hole_signed_distance" time="0.054" /><testcase classname="tests.test_field_strategy.TestAreaRegionFieldIntegration" name="test_get_field_with_hole_occupancy" time="0.002" /><testcase classname="tests.test_field_strategy.TestAreaRegionFieldIntegration" name="test_get_field_invalid_strategy" time="0.002" /><testcase classname="tests.test_field_strategy.TestFieldStrategyEdgeCases" name="test_signed_distance_field_empty_boundary" time="0.002" /><testcase classname="tests.test_field_strategy.TestFieldStrategyEdgeCases" name="test_field_evaluation_extreme_coordinates" time="0.036" /><testcase classname="tests.test_field_strategy.TestFieldStrategyEdgeCases" name="test_field_evaluation_nan_coordinates" time="0.024" /><testcase classname="tests.test_field_strategy.TestFieldStrategyPerformance" name="test_vectorized_evaluation_performance" time="0.005" /><testcase classname="tests.test_implicit_curve.TestImplicitCurveConstructor" name="test_constructor_with_valid_sympy_expr" time="0.003" /><testcase classname="tests.test_implicit_curve.TestImplicitCurveConstructor" name="test_constructor_with_default_variables" time="0.002" /><testcase classname="tests.test_implicit_curve.TestImplicitCurveConstructor" name="test_constructor_with_invalid_expression_type" time="0.003" /><testcase classname="tests.test_implicit_curve.TestImplicitCurveConstructor" name="test_constructor_with_invalid_expression_none" time="0.002" /><testcase classname="tests.test_implicit_curve.TestImplicitCurveConstructor" name="test_constructor_with_wrong_number_of_variables" time="0.002" /><testcase classname="tests.test_implicit_curve.TestImplicitCurveEvaluate" name="test_evaluate_scalar_input_on_curve" time="0.008" /><testcase classname="tests.test_implicit_curve.TestImplicitCurveEvaluate" name="test_evaluate_scalar_input_inside_curve" time="0.007" /><testcase classname="tests.test_implicit_curve.TestImplicitCurveEvaluate" name="test_evaluate_scalar_input_outside_curve" time="0.005" /><testcase classname="tests.test_implicit_curve.TestImplicitCurveEvaluate" name="test_evaluate_numpy_array_input" time="0.003" /><testcase classname="tests.test_implicit_curve.TestImplicitCurveEvaluate" name="test_evaluate_2d_numpy_array_input" time="0.003" /><testcase classname="tests.test_implicit_curve.TestImplicitCurveEvaluate" name="test_evaluate_mixed_scalar_array_input" time="0.004" /><testcase classname="tests.test_implicit_curve.TestImplicitCurveEvaluate" name="test_evaluate_performance_with_large_arrays" time="0.007" /><testcase classname="tests.test_implicit_curve.TestImplicitCurveGradient" name="test_gradient_circle_at_known_points" time="0.003" /><testcase classname="tests.test_implicit_curve.TestImplicitCurveGradient" name="test_gradient_line_constant" time="0.004" /><testcase classname="tests.test_implicit_curve.TestImplicitCurveGradient" name="test_gradient_parabola_variable" time="0.004" /><testcase classname="tests.test_implicit_curve.TestImplicitCurveGradient" name="test_gradient_returns_floats" time="0.003" /><testcase classname="tests.test_implicit_curve.TestImplicitCurveGradient" name="test_gradient_zero_at_origin_for_centered_curve" time="0.006" /><testcase classname="tests.test_implicit_curve.TestImplicitCurveNormal" name="test_normal_is_unit_length" time="0.004" /><testcase classname="tests.test_implicit_curve.TestImplicitCurveNormal" name="test_normal_direction_circle" time="0.002" /><testcase classname="tests.test_implicit_curve.TestImplicitCurveNormal" name="test_normal_direction_line" time="0.002" /><testcase classname="tests.test_implicit_curve.TestImplicitCurveNormal" name="test_normal_returns_floats" time="0.004" /><testcase classname="tests.test_implicit_curve.TestImplicitCurveNormal" name="test_normal_raises_error_for_zero_gradient" time="0.003" /><testcase classname="tests.test_implicit_curve.TestImplicitCurveNormal" name="test_normal_consistent_with_gradient" time="0.003" /><testcase classname="tests.test_implicit_curve.TestImplicitCurveSerialization" name="test_to_dict_basic_structure" time="0.002" /><testcase classname="tests.test_implicit_curve.TestImplicitCurveSerialization" name="test_to_dict_expression_serialization" time="0.002" /><testcase classname="tests.test_implicit_curve.TestImplicitCurveSerialization" name="test_from_dict_basic_reconstruction" time="0.003" /><testcase classname="tests.test_implicit_curve.TestImplicitCurveSerialization" name="test_round_trip_functional_equivalence" time="0.014" /><testcase classname="tests.test_implicit_curve.TestImplicitCurveSerialization" name="test_round_trip_gradient_equivalence" time="0.005" /><testcase classname="tests.test_implicit_curve.TestImplicitCurveSerialization" name="test_round_trip_normal_equivalence" time="0.004" /><testcase classname="tests.test_implicit_curve.TestImplicitCurveSerialization" name="test_from_dict_invalid_data_handling" time="0.002" /><testcase classname="tests.test_implicit_curve.TestImplicitCurveSerialization" name="test_custom_variables_serialization" time="0.006" /><testcase classname="tests.test_implicit_curve.TestImplicitCurveSerialization" name="test_serialization_with_complex_expressions" time="0.020" /><testcase classname="tests.test_polygon_composite_curve" name="test_convex_polygon_evaluation_triangle" time="0.004" /><testcase classname="tests.test_polygon_composite_curve" name="test_polygon_serialization_roundtrip" time="0.020" /><testcase classname="tests.test_polygon_composite_curve" name="test_nonconvex_polygon_no_convex_flag" time="0.009" /><testcase classname="tests.test_polygon_composite_curve" name="test_contains_region_triangle" time="0.783" /><testcase classname="tests.test_polygon_helpers" name="test_polygon_vertices_preserved_and_serialized" time="0.012" /><testcase classname="tests.test_polygon_helpers" name="test_polygon_normals_square_unit_length_and_count" time="0.002" /><testcase classname="tests.test_polygon_metadata" name="test_convex_polygon_metadata_and_halfspaces" time="0.589" /><testcase classname="tests.test_polygon_metadata" name="test_nonconvex_polygon_has_no_convex_metadata" time="0.001" /><testcase classname="tests.test_polygon_metadata" name="test_square_metadata_present_and_contains" time="0.001" /><testcase classname="tests.test_polygon_validation" name="test_polygon_accepts_closed_first_last_duplicate" time="0.405" /><testcase classname="tests.test_polygon_validation" name="test_polygon_rejects_too_few_unique_vertices" time="0.001" /><testcase classname="tests.test_polygon_validation" name="test_polygon_rejects_non_finite" time="0.001" /><testcase classname="tests.test_polygon_validation" name="test_polygon_rejects_collinear" time="0.001" /><testcase classname="tests.test_polygon_validation" name="test_polygon_rejects_zero_length_edge" time="0.002"><failure message="Failed: DID NOT RAISE &lt;class 'ValueError'&gt;">tests\test_polygon_validation.py:37: in test_polygon_rejects_zero_length_edge
    with pytest.raises(ValueError):
E   Failed: DID NOT RAISE &lt;class 'ValueError'&gt;</failure></testcase></testsuite></testsuites>