============================= test session starts =============================
platform win32 -- Python 3.10.11, pytest-8.3.5, pluggy-1.6.0 -- C:\Users\markb\AppData\Local\Programs\Python\Python310\python.exe
cachedir: .pytest_cache
rootdir: C:\repos\2Top
plugins: anyio-3.7.1, hydra-core-1.3.2, langsmith-0.3.18, mock-3.14.0
collecting ... collected 1 item

tests/test_trimmed_implicit_curve.py::TestTrimmedImplicitCurveContains::test_contains_right_half_circle FAILED [100%]

================================== FAILURES ===================================
______ TestTrimmedImplicitCurveContains.test_contains_right_half_circle _______
tests\test_trimmed_implicit_curve.py:143: in test_contains_right_half_circle
    assert result == expected, f"Failed for {description}: point ({x}, {y})"
E   AssertionError: Failed for Point on right arc (approx): point (0.707, 0.707)
E   assert False == True
=========================== short test summary info ===========================
FAILED tests/test_trimmed_implicit_curve.py::TestTrimmedImplicitCurveContains::test_contains_right_half_circle
============================== 1 failed in 2.24s ==============================
